
     Program THERMO_PW v.5.1.2 (svn rev. 11465) starts on  2Apr2015 at 18:28: 0 

     This program is part of the open-source Quantum ESPRESSO suite
     for quantum simulation of materials; please cite
         "P. Giannozzi et al., J. Phys.:Condens. Matter 21 395502 (2009);
          URL http://www.quantum-espresso.org", 
     in publications or presentations arising from this work. More details at
     http://www.quantum-espresso.org/quote

     Parallel version (MPI), running on     4 processors
     path-images division:  nimage    =       2
     R & G space division:  proc/nbgrp/npool/nimage =       2
     Reading input from _temporary_1
               file Al.pz-n-kjpaw_psl.1.0.0.UPF: wavefunction(s)  3S 3P renormalized


     Calculating the volume that minimizes the energy

   Info: using nr1, nr2, nr3 values from input

     FFT mesh: (   24,   24,   24 )

     48 Sym. Ops., with inversion, found


                                    s                        frac. trans.

      isym =  1     identity                                     

 cryst.   s( 1) = (     1          0          0      )
                  (     0          1          0      )
                  (     0          0          1      )

 cart.    s( 1) = (  1.0000000  0.0000000  0.0000000 )
                  (  0.0000000  1.0000000  0.0000000 )
                  (  0.0000000  0.0000000  1.0000000 )


      isym =  2     180 deg rotation - cart. axis [0,0,1]        

 cryst.   s( 2) = (     0          1         -1      )
                  (     1          0         -1      )
                  (     0          0         -1      )

 cart.    s( 2) = ( -1.0000000  0.0000000  0.0000000 )
                  (  0.0000000 -1.0000000  0.0000000 )
                  (  0.0000000  0.0000000  1.0000000 )


      isym =  3     180 deg rotation - cart. axis [0,1,0]        

 cryst.   s( 3) = (    -1          0          0      )
                  (    -1          0          1      )
                  (    -1          1          0      )

 cart.    s( 3) = ( -1.0000000  0.0000000  0.0000000 )
                  (  0.0000000  1.0000000  0.0000000 )
                  (  0.0000000  0.0000000 -1.0000000 )


      isym =  4     180 deg rotation - cart. axis [1,0,0]        

 cryst.   s( 4) = (     0         -1          1      )
                  (     0         -1          0      )
                  (     1         -1          0      )

 cart.    s( 4) = (  1.0000000  0.0000000  0.0000000 )
                  (  0.0000000 -1.0000000  0.0000000 )
                  (  0.0000000  0.0000000 -1.0000000 )


      isym =  5     180 deg rotation - cart. axis [1,1,0]        

 cryst.   s( 5) = (     0         -1          0      )
                  (    -1          0          0      )
                  (     0          0         -1      )

 cart.    s( 5) = (  0.0000000  1.0000000  0.0000000 )
                  (  1.0000000  0.0000000  0.0000000 )
                  (  0.0000000  0.0000000 -1.0000000 )


      isym =  6     180 deg rotation - cart. axis [1,-1,0]       

 cryst.   s( 6) = (    -1          0          1      )
                  (     0         -1          1      )
                  (     0          0          1      )

 cart.    s( 6) = (  0.0000000 -1.0000000  0.0000000 )
                  ( -1.0000000  0.0000000  0.0000000 )
                  (  0.0000000  0.0000000 -1.0000000 )


      isym =  7      90 deg rotation - cart. axis [0,0,-1]       

 cryst.   s( 7) = (     0          1          0      )
                  (     0          1         -1      )
                  (    -1          1          0      )

 cart.    s( 7) = (  0.0000000  1.0000000  0.0000000 )
                  ( -1.0000000  0.0000000  0.0000000 )
                  (  0.0000000  0.0000000  1.0000000 )


      isym =  8      90 deg rotation - cart. axis [0,0,1]        

 cryst.   s( 8) = (     1          0         -1      )
                  (     1          0          0      )
                  (     1         -1          0      )

 cart.    s( 8) = (  0.0000000 -1.0000000  0.0000000 )
                  (  1.0000000  0.0000000  0.0000000 )
                  (  0.0000000  0.0000000  1.0000000 )


      isym =  9     180 deg rotation - cart. axis [1,0,1]        

 cryst.   s( 9) = (    -1          0          0      )
                  (     0          0         -1      )
                  (     0         -1          0      )

 cart.    s( 9) = (  0.0000000  0.0000000  1.0000000 )
                  (  0.0000000 -1.0000000  0.0000000 )
                  (  1.0000000  0.0000000  0.0000000 )


      isym = 10     180 deg rotation - cart. axis [-1,0,1]       

 cryst.   s(10) = (     1          0          0      )
                  (     1         -1          0      )
                  (     1          0         -1      )

 cart.    s(10) = (  0.0000000  0.0000000 -1.0000000 )
                  (  0.0000000 -1.0000000  0.0000000 )
                  ( -1.0000000  0.0000000  0.0000000 )


      isym = 11      90 deg rotation - cart. axis [0,1,0]        

 cryst.   s(11) = (     0          1         -1      )
                  (    -1          1          0      )
                  (     0          1          0      )

 cart.    s(11) = (  0.0000000  0.0000000  1.0000000 )
                  (  0.0000000  1.0000000  0.0000000 )
                  ( -1.0000000  0.0000000  0.0000000 )


      isym = 12      90 deg rotation - cart. axis [0,-1,0]       

 cryst.   s(12) = (     0         -1          1      )
                  (     0          0          1      )
                  (    -1          0          1      )

 cart.    s(12) = (  0.0000000  0.0000000 -1.0000000 )
                  (  0.0000000  1.0000000  0.0000000 )
                  (  1.0000000  0.0000000  0.0000000 )


      isym = 13     180 deg rotation - cart. axis [0,1,1]        

 cryst.   s(13) = (    -1          1          0      )
                  (     0          1          0      )
                  (     0          1         -1      )

 cart.    s(13) = ( -1.0000000  0.0000000  0.0000000 )
                  (  0.0000000  0.0000000  1.0000000 )
                  (  0.0000000  1.0000000  0.0000000 )


      isym = 14     180 deg rotation - cart. axis [0,1,-1]       

 cryst.   s(14) = (     0          0         -1      )
                  (     0         -1          0      )
                  (    -1          0          0      )

 cart.    s(14) = ( -1.0000000  0.0000000  0.0000000 )
                  (  0.0000000  0.0000000 -1.0000000 )
                  (  0.0000000 -1.0000000  0.0000000 )


      isym = 15      90 deg rotation - cart. axis [-1,0,0]       

 cryst.   s(15) = (     0          0          1      )
                  (    -1          0          1      )
                  (     0         -1          1      )

 cart.    s(15) = (  1.0000000  0.0000000  0.0000000 )
                  (  0.0000000  0.0000000  1.0000000 )
                  (  0.0000000 -1.0000000  0.0000000 )


      isym = 16      90 deg rotation - cart. axis [1,0,0]        

 cryst.   s(16) = (     1         -1          0      )
                  (     1          0         -1      )
                  (     1          0          0      )

 cart.    s(16) = (  1.0000000  0.0000000  0.0000000 )
                  (  0.0000000  0.0000000 -1.0000000 )
                  (  0.0000000  1.0000000  0.0000000 )


      isym = 17     120 deg rotation - cart. axis [-1,-1,-1]     

 cryst.   s(17) = (    -1          0          1      )
                  (    -1          1          0      )
                  (    -1          0          0      )

 cart.    s(17) = (  0.0000000  1.0000000  0.0000000 )
                  (  0.0000000  0.0000000  1.0000000 )
                  (  1.0000000  0.0000000  0.0000000 )


      isym = 18     120 deg rotation - cart. axis [-1,1,1]       

 cryst.   s(18) = (     0          1          0      )
                  (     0          0          1      )
                  (     1          0          0      )

 cart.    s(18) = (  0.0000000 -1.0000000  0.0000000 )
                  (  0.0000000  0.0000000  1.0000000 )
                  ( -1.0000000  0.0000000  0.0000000 )


      isym = 19     120 deg rotation - cart. axis [1,1,-1]       

 cryst.   s(19) = (     1          0         -1      )
                  (     0          0         -1      )
                  (     0          1         -1      )

 cart.    s(19) = (  0.0000000  1.0000000  0.0000000 )
                  (  0.0000000  0.0000000 -1.0000000 )
                  ( -1.0000000  0.0000000  0.0000000 )


      isym = 20     120 deg rotation - cart. axis [1,-1,1]       

 cryst.   s(20) = (     0         -1          0      )
                  (     1         -1          0      )
                  (     0         -1          1      )

 cart.    s(20) = (  0.0000000 -1.0000000  0.0000000 )
                  (  0.0000000  0.0000000 -1.0000000 )
                  (  1.0000000  0.0000000  0.0000000 )


      isym = 21     120 deg rotation - cart. axis [1,1,1]        

 cryst.   s(21) = (     0          0         -1      )
                  (     0          1         -1      )
                  (     1          0         -1      )

 cart.    s(21) = (  0.0000000  0.0000000  1.0000000 )
                  (  1.0000000  0.0000000  0.0000000 )
                  (  0.0000000  1.0000000  0.0000000 )


      isym = 22     120 deg rotation - cart. axis [-1,1,-1]      

 cryst.   s(22) = (    -1          1          0      )
                  (    -1          0          0      )
                  (    -1          0          1      )

 cart.    s(22) = (  0.0000000  0.0000000  1.0000000 )
                  ( -1.0000000  0.0000000  0.0000000 )
                  (  0.0000000 -1.0000000  0.0000000 )


      isym = 23     120 deg rotation - cart. axis [1,-1,-1]      

 cryst.   s(23) = (     0          0          1      )
                  (     1          0          0      )
                  (     0          1          0      )

 cart.    s(23) = (  0.0000000  0.0000000 -1.0000000 )
                  ( -1.0000000  0.0000000  0.0000000 )
                  (  0.0000000  1.0000000  0.0000000 )


      isym = 24     120 deg rotation - cart. axis [-1,-1,1]      

 cryst.   s(24) = (     1         -1          0      )
                  (     0         -1          1      )
                  (     0         -1          0      )

 cart.    s(24) = (  0.0000000  0.0000000 -1.0000000 )
                  (  1.0000000  0.0000000  0.0000000 )
                  (  0.0000000 -1.0000000  0.0000000 )


      isym = 25     inversion                                    

 cryst.   s(25) = (    -1          0          0      )
                  (     0         -1          0      )
                  (     0          0         -1      )

 cart.    s(25) = ( -1.0000000  0.0000000  0.0000000 )
                  (  0.0000000 -1.0000000  0.0000000 )
                  (  0.0000000  0.0000000 -1.0000000 )


      isym = 26     inv. 180 deg rotation - cart. axis [0,0,1]   

 cryst.   s(26) = (     0         -1          1      )
                  (    -1          0          1      )
                  (     0          0          1      )

 cart.    s(26) = (  1.0000000  0.0000000  0.0000000 )
                  (  0.0000000  1.0000000  0.0000000 )
                  (  0.0000000  0.0000000 -1.0000000 )


      isym = 27     inv. 180 deg rotation - cart. axis [0,1,0]   

 cryst.   s(27) = (     1          0          0      )
                  (     1          0         -1      )
                  (     1         -1          0      )

 cart.    s(27) = (  1.0000000  0.0000000  0.0000000 )
                  (  0.0000000 -1.0000000  0.0000000 )
                  (  0.0000000  0.0000000  1.0000000 )


      isym = 28     inv. 180 deg rotation - cart. axis [1,0,0]   

 cryst.   s(28) = (     0          1         -1      )
                  (     0          1          0      )
                  (    -1          1          0      )

 cart.    s(28) = ( -1.0000000  0.0000000  0.0000000 )
                  (  0.0000000  1.0000000  0.0000000 )
                  (  0.0000000  0.0000000  1.0000000 )


      isym = 29     inv. 180 deg rotation - cart. axis [1,1,0]   

 cryst.   s(29) = (     0          1          0      )
                  (     1          0          0      )
                  (     0          0          1      )

 cart.    s(29) = (  0.0000000 -1.0000000  0.0000000 )
                  ( -1.0000000  0.0000000  0.0000000 )
                  (  0.0000000  0.0000000  1.0000000 )


      isym = 30     inv. 180 deg rotation - cart. axis [1,-1,0]  

 cryst.   s(30) = (     1          0         -1      )
                  (     0          1         -1      )
                  (     0          0         -1      )

 cart.    s(30) = (  0.0000000  1.0000000  0.0000000 )
                  (  1.0000000  0.0000000  0.0000000 )
                  (  0.0000000  0.0000000  1.0000000 )


      isym = 31     inv.  90 deg rotation - cart. axis [0,0,-1]  

 cryst.   s(31) = (     0         -1          0      )
                  (     0         -1          1      )
                  (     1         -1          0      )

 cart.    s(31) = (  0.0000000 -1.0000000  0.0000000 )
                  (  1.0000000  0.0000000  0.0000000 )
                  (  0.0000000  0.0000000 -1.0000000 )


      isym = 32     inv.  90 deg rotation - cart. axis [0,0,1]   

 cryst.   s(32) = (    -1          0          1      )
                  (    -1          0          0      )
                  (    -1          1          0      )

 cart.    s(32) = (  0.0000000  1.0000000  0.0000000 )
                  ( -1.0000000  0.0000000  0.0000000 )
                  (  0.0000000  0.0000000 -1.0000000 )


      isym = 33     inv. 180 deg rotation - cart. axis [1,0,1]   

 cryst.   s(33) = (     1          0          0      )
                  (     0          0          1      )
                  (     0          1          0      )

 cart.    s(33) = (  0.0000000  0.0000000 -1.0000000 )
                  (  0.0000000  1.0000000  0.0000000 )
                  ( -1.0000000  0.0000000  0.0000000 )


      isym = 34     inv. 180 deg rotation - cart. axis [-1,0,1]  

 cryst.   s(34) = (    -1          0          0      )
                  (    -1          1          0      )
                  (    -1          0          1      )

 cart.    s(34) = (  0.0000000  0.0000000  1.0000000 )
                  (  0.0000000  1.0000000  0.0000000 )
                  (  1.0000000  0.0000000  0.0000000 )


      isym = 35     inv.  90 deg rotation - cart. axis [0,1,0]   

 cryst.   s(35) = (     0         -1          1      )
                  (     1         -1          0      )
                  (     0         -1          0      )

 cart.    s(35) = (  0.0000000  0.0000000 -1.0000000 )
                  (  0.0000000 -1.0000000  0.0000000 )
                  (  1.0000000  0.0000000  0.0000000 )


      isym = 36     inv.  90 deg rotation - cart. axis [0,-1,0]  

 cryst.   s(36) = (     0          1         -1      )
                  (     0          0         -1      )
                  (     1          0         -1      )

 cart.    s(36) = (  0.0000000  0.0000000  1.0000000 )
                  (  0.0000000 -1.0000000  0.0000000 )
                  ( -1.0000000  0.0000000  0.0000000 )


      isym = 37     inv. 180 deg rotation - cart. axis [0,1,1]   

 cryst.   s(37) = (     1         -1          0      )
                  (     0         -1          0      )
                  (     0         -1          1      )

 cart.    s(37) = (  1.0000000  0.0000000  0.0000000 )
                  (  0.0000000  0.0000000 -1.0000000 )
                  (  0.0000000 -1.0000000  0.0000000 )


      isym = 38     inv. 180 deg rotation - cart. axis [0,1,-1]  

 cryst.   s(38) = (     0          0          1      )
                  (     0          1          0      )
                  (     1          0          0      )

 cart.    s(38) = (  1.0000000  0.0000000  0.0000000 )
                  (  0.0000000  0.0000000  1.0000000 )
                  (  0.0000000  1.0000000  0.0000000 )


      isym = 39     inv.  90 deg rotation - cart. axis [-1,0,0]  

 cryst.   s(39) = (     0          0         -1      )
                  (     1          0         -1      )
                  (     0          1         -1      )

 cart.    s(39) = ( -1.0000000  0.0000000  0.0000000 )
                  (  0.0000000  0.0000000 -1.0000000 )
                  (  0.0000000  1.0000000  0.0000000 )


      isym = 40     inv.  90 deg rotation - cart. axis [1,0,0]   

 cryst.   s(40) = (    -1          1          0      )
                  (    -1          0          1      )
                  (    -1          0          0      )

 cart.    s(40) = ( -1.0000000  0.0000000  0.0000000 )
                  (  0.0000000  0.0000000  1.0000000 )
                  (  0.0000000 -1.0000000  0.0000000 )


      isym = 41     inv. 120 deg rotation - cart. axis [-1,-1,-1]

 cryst.   s(41) = (     1          0         -1      )
                  (     1         -1          0      )
                  (     1          0          0      )

 cart.    s(41) = (  0.0000000 -1.0000000  0.0000000 )
                  (  0.0000000  0.0000000 -1.0000000 )
                  ( -1.0000000  0.0000000  0.0000000 )


      isym = 42     inv. 120 deg rotation - cart. axis [-1,1,1]  

 cryst.   s(42) = (     0         -1          0      )
                  (     0          0         -1      )
                  (    -1          0          0      )

 cart.    s(42) = (  0.0000000  1.0000000  0.0000000 )
                  (  0.0000000  0.0000000 -1.0000000 )
                  (  1.0000000  0.0000000  0.0000000 )


      isym = 43     inv. 120 deg rotation - cart. axis [1,1,-1]  

 cryst.   s(43) = (    -1          0          1      )
                  (     0          0          1      )
                  (     0         -1          1      )

 cart.    s(43) = (  0.0000000 -1.0000000  0.0000000 )
                  (  0.0000000  0.0000000  1.0000000 )
                  (  1.0000000  0.0000000  0.0000000 )


      isym = 44     inv. 120 deg rotation - cart. axis [1,-1,1]  

 cryst.   s(44) = (     0          1          0      )
                  (    -1          1          0      )
                  (     0          1         -1      )

 cart.    s(44) = (  0.0000000  1.0000000  0.0000000 )
                  (  0.0000000  0.0000000  1.0000000 )
                  ( -1.0000000  0.0000000  0.0000000 )


      isym = 45     inv. 120 deg rotation - cart. axis [1,1,1]   

 cryst.   s(45) = (     0          0          1      )
                  (     0         -1          1      )
                  (    -1          0          1      )

 cart.    s(45) = (  0.0000000  0.0000000 -1.0000000 )
                  ( -1.0000000  0.0000000  0.0000000 )
                  (  0.0000000 -1.0000000  0.0000000 )


      isym = 46     inv. 120 deg rotation - cart. axis [-1,1,-1] 

 cryst.   s(46) = (     1         -1          0      )
                  (     1          0          0      )
                  (     1          0         -1      )

 cart.    s(46) = (  0.0000000  0.0000000 -1.0000000 )
                  (  1.0000000  0.0000000  0.0000000 )
                  (  0.0000000  1.0000000  0.0000000 )


      isym = 47     inv. 120 deg rotation - cart. axis [1,-1,-1] 

 cryst.   s(47) = (     0          0         -1      )
                  (    -1          0          0      )
                  (     0         -1          0      )

 cart.    s(47) = (  0.0000000  0.0000000  1.0000000 )
                  (  1.0000000  0.0000000  0.0000000 )
                  (  0.0000000 -1.0000000  0.0000000 )


      isym = 48     inv. 120 deg rotation - cart. axis [-1,-1,1] 

 cryst.   s(48) = (    -1          1          0      )
                  (     0          1         -1      )
                  (     0          1          0      )

 cart.    s(48) = (  0.0000000  0.0000000  1.0000000 )
                  ( -1.0000000  0.0000000  0.0000000 )
                  (  0.0000000  1.0000000  0.0000000 )


     point group O_h (m-3m) 
     there are 10 classes
     the character table:

       E     8C3   3C2   6C4   6C2'  i     8S6   3s_h  6S4   6s_d 
A_1g   1.00  1.00  1.00  1.00  1.00  1.00  1.00  1.00  1.00  1.00
A_2g   1.00  1.00  1.00 -1.00 -1.00  1.00  1.00  1.00 -1.00 -1.00
E_g    2.00 -1.00  2.00  0.00  0.00  2.00 -1.00  2.00  0.00  0.00
T_1g   3.00  0.00 -1.00  1.00 -1.00  3.00  0.00 -1.00  1.00 -1.00
T_2g   3.00  0.00 -1.00 -1.00  1.00  3.00  0.00 -1.00 -1.00  1.00
A_1u   1.00  1.00  1.00  1.00  1.00 -1.00 -1.00 -1.00 -1.00 -1.00
A_2u   1.00  1.00  1.00 -1.00 -1.00 -1.00 -1.00 -1.00  1.00  1.00
E_u    2.00 -1.00  2.00  0.00  0.00 -2.00  1.00 -2.00  0.00  0.00
T_1u   3.00  0.00 -1.00  1.00 -1.00 -3.00  0.00  1.00 -1.00  1.00
T_2u   3.00  0.00 -1.00 -1.00  1.00 -3.00  0.00  1.00  1.00 -1.00

     the symmetry operations in each class and the name of the first element:

     E        1
          identity                                               
     8C3     17   19   20   18   24   21   22   23
          120 deg rotation - cart. axis [-1,-1,-1]               
     3C2      2    4    3
          180 deg rotation - cart. axis [0,0,1]                  
     6C4      7    8   15   16   12   11
           90 deg rotation - cart. axis [0,0,-1]                 
     6C2'     5    6   14   13   10    9
          180 deg rotation - cart. axis [1,1,0]                  
     i       25
          inversion                                              
     8S6     41   43   44   42   48   45   46   47
          inv. 120 deg rotation - cart. axis [-1,-1,-1]          
     3s_h    26   28   27
          inv. 180 deg rotation - cart. axis [0,0,1]             
     6S4     31   32   39   40   36   35
          inv.  90 deg rotation - cart. axis [0,0,-1]            
     6s_d    29   30   38   37   34   33
          inv. 180 deg rotation - cart. axis [1,1,0]             

     ibrav=2 Face centered cubic lattice

     crystal axes: (cart. coord. in units of alat)
               a(1) = (  -0.500000   0.000000   0.500000 )  
               a(2) = (   0.000000   0.500000   0.500000 )  
               a(3) = (  -0.500000   0.500000   0.000000 )  

     reciprocal axes: (cart. coord. in units 2 pi/alat)
               b(1) = ( -1.000000 -1.000000  1.000000 )  
               b(2) = (  1.000000  1.000000  1.000000 )  
               b(3) = ( -1.000000  1.000000 -1.000000 )  


   Cartesian axes

     site n.     atom                  positions (alat units)
         1           Al  tau(   1) = (   0.0000000   0.0000000   0.0000000  )

   Crystallographic axes

     site n.     atom                  positions (cryst. coord.)
         1           Al  tau(   1) = (  0.0000000  0.0000000  0.0000000  )

     The point group, O_h (m-3m), is compatible with the Bravais lattice.

     Space group identification,  48 symmetries:
     (Optional origin shifts are indicated for C2, mirrors,
     and inversion symmetries)

         1  identity  E
         2  rotation of 180 degrees    C2    (2)
         3  rotation of 180 degrees    C2    (2)
         4  rotation of 180 degrees    C2    (2)
         5  rotation of 180 degrees    C2    (2)
         6  rotation of 180 degrees    C2    (2)
         7  rotation of 270 degrees    C4^3 (4^3)
         8  rotation of 90  degrees    C4    (4)
         9  rotation of 180 degrees    C2    (2)
        10  rotation of 180 degrees    C2    (2)
        11  rotation of 90  degrees    C4    (4)
        12  rotation of 270 degrees    C4^3 (4^3)
        13  rotation of 180 degrees    C2    (2)
        14  rotation of 180 degrees    C2    (2)
        15  rotation of 270 degrees    C4^3 (4^3)
        16  rotation of 90  degrees    C4    (4)
        17  rotation of 240 degrees    C3^2 (3^2)
        18  rotation of 120 degrees    C3    (3)
        19  rotation of 240 degrees    C3^2 (3^2)
        20  rotation of 120 degrees    C3    (3)
        21  rotation of 120 degrees    C3    (3)
        22  rotation of 240 degrees    C3^2 (3^2)
        23  rotation of 240 degrees    C3^2 (3^2)
        24  rotation of 120 degrees    C3    (3)
        25  inversion i
        26  mirror    s
        27  mirror    s
        28  mirror    s
        29  mirror    s
        30  mirror    s
        31  rotation of 90  degrees multiplied by inversion S4^3 (-4)
        32  rotation of 270 degrees multiplied by inversion S4  (-4^3)
        33  mirror    s
        34  mirror    s
        35  rotation of 270 degrees multiplied by inversion S4  (-4^3)
        36  rotation of 90  degrees multiplied by inversion S4^3 (-4)
        37  mirror    s
        38  mirror    s
        39  rotation of 90  degrees multiplied by inversion S4^3 (-4)
        40  rotation of 270 degrees multiplied by inversion S4  (-4^3)
        41  rotation of 120 degrees multiplied by inversion S6^5 (-3)
        42  rotation of 240 degrees multiplied by inversion S6  (-3^2)
        43  rotation of 120 degrees multiplied by inversion S6^5 (-3)
        44  rotation of 240 degrees multiplied by inversion S6  (-3^2)
        45  rotation of 240 degrees multiplied by inversion S6  (-3^2)
        46  rotation of 120 degrees multiplied by inversion S6^5 (-3)
        47  rotation of 120 degrees multiplied by inversion S6^5 (-3)
        48  rotation of 240 degrees multiplied by inversion S6  (-3^2)

     Space group Fm-3m   (group number 225).

     The Laue class is O_h (m-3m) 
     The Murnaghan relaxation will require  9 scf calculations

     ----------------------------------------------------------------------
     Ions are relaxed in each calculation
     ----------------------------------------------------------------------

     Total mass of this unit cell         26.9815 a.m.u.
     Density of this solid                2834.87 kg/m^3         2.8349 g/cm^3

  ++++++++++++++++++++++++++++++++++++++++++++++++++++++++++++++++++++++++++++
     I am the master and now I do geometry    1
  ++++++++++++++++++++++++++++++++++++++++++++++++++++++++++++++++++++++++++++


     Current dimensions of program PWSCF are:
     Max number of different atomic species (ntypx) = 10
     Max number of k-points (npk) =  40000
     Max angular momentum in pseudopotentials (lmaxx) =  3

     WARNING: check_stop already initialized

     Subspace diagonalization in iterative solution of the eigenvalue problem:
     a serial algorithm will be used


   Info: using nr1, nr2, nr3 values from input

   Info: using nr1s, nr2s, nr3s values from input

     Parallelization info
     --------------------
     sticks:   dense  smooth     PW     G-vecs:    dense   smooth      PW
     Min         183     111     42                 2345     1066     264
     Max         184     112     43                 2348     1067     267
     Sum         367     223     85                 4693     2133     531



     bravais-lattice index     =            2
     lattice parameter (alat)  =       7.3280  a.u.
     unit-cell volume          =      98.3776 (a.u.)^3
     number of atoms/cell      =            1
     number of atomic types    =            1
     number of electrons       =         3.00
     number of Kohn-Sham states=            6
     kinetic-energy cutoff     =      30.0000  Ry
     charge density cutoff     =     200.0000  Ry
     convergence threshold     =      1.0E-10
     mixing beta               =       0.7000
     number of iterations used =            8  plain     mixing
     Exchange-correlation      =  SLA  PZ   NOGX NOGC ( 1  1  0  0 0 0)

     celldm(1)=   7.328000  celldm(2)=   0.000000  celldm(3)=   0.000000
     celldm(4)=   0.000000  celldm(5)=   0.000000  celldm(6)=   0.000000

     crystal axes: (cart. coord. in units of alat)
               a(1) = (  -0.500000   0.000000   0.500000 )  
               a(2) = (   0.000000   0.500000   0.500000 )  
               a(3) = (  -0.500000   0.500000   0.000000 )  

     reciprocal axes: (cart. coord. in units 2 pi/alat)
               b(1) = ( -1.000000 -1.000000  1.000000 )  
               b(2) = (  1.000000  1.000000  1.000000 )  
               b(3) = ( -1.000000  1.000000 -1.000000 )  


     PseudoPot. # 1 for Al read from file:
     /home/espresso/pslibrary.1.0.0/pz/PSEUDOPOTENTIALS/Al.pz-n-kjpaw_psl.1.0.0.UPF
     MD5 check sum: 27ad70749d47749436a3640c8595502b
     Pseudo is Projector augmented-wave + core cor, Zval =  3.0
     Generated using "atomic" code by A. Dal Corso  v.5.0.2 svn rev. 10810
     Shape of augmentation charge: PSQ
     Using radial grid of 1135 points,  6 beta functions with: 
                l(1) =   0
                l(2) =   0
                l(3) =   1
                l(4) =   1
                l(5) =   2
                l(6) =   2
     Q(r) pseudized with 0 coefficients 


     atomic species   valence    mass     pseudopotential
        Al             3.00    26.98154     Al( 1.00)

     48 Sym. Ops., with inversion, found



   Cartesian axes

     site n.     atom                  positions (alat units)
         1           Al  tau(   1) = (   0.0000000   0.0000000   0.0000000  )

     number of k points=   408  Methfessel-Paxton smearing, width (Ry)=  0.0200

     Number of k-points >= 100: set verbosity='high' to print them.

     Dense  grid:     4693 G-vectors     FFT dimensions: (  24,  24,  24)

     Smooth grid:     2133 G-vectors     FFT dimensions: (  20,  20,  20)

     Largest allocated arrays     est. size (Mb)     dimensions
        Kohn-Sham Wavefunctions         0.01 Mb     (     146,    6)
        NL pseudopotentials             0.04 Mb     (     146,   18)
        Each V/rho on FFT grid          0.11 Mb     (    6912)
        Each G-vector array             0.02 Mb     (    2348)
        G-vector shells                 0.00 Mb     (      93)
     Largest temporary arrays     est. size (Mb)     dimensions
        Auxiliary wavefunctions         0.05 Mb     (     146,   24)
        Each subspace H/S matrix        0.01 Mb     (      24,   24)
        Each <psi_i|beta_j> matrix      0.00 Mb     (      18,    6)
        Arrays for rho mixing           0.84 Mb     (    6912,    8)

     Initial potential from superposition of free atoms

     starting charge    2.99797, renormalised to    3.00000
     Starting wfc are    4 randomized atomic wfcs +    2 random wfc
     Checking if some PAW data can be deallocated... 

     total cpu time spent up to now is        1.2 secs

     per-process dynamical memory:    12.8 Mb

     Self-consistent Calculation

     iteration #  1     ecut=    30.00 Ry     beta=0.70
     Davidson diagonalization with overlap
     ethr =  1.00E-02,  avg # of iterations =  4.6

     Threshold (ethr) on eigenvalues was too large:
     Diagonalizing with lowered threshold

     Davidson diagonalization with overlap
     ethr =  1.77E-04,  avg # of iterations =  1.8

     total cpu time spent up to now is        5.1 secs

     total energy              =     -37.60657381 Ry
     Harris-Foulkes estimate   =     -37.60821387 Ry
     estimated scf accuracy    <       0.00525230 Ry

     iteration #  2     ecut=    30.00 Ry     beta=0.70
     Davidson diagonalization with overlap
     ethr =  1.75E-04,  avg # of iterations =  1.0

     total cpu time spent up to now is        6.4 secs

     total energy              =     -37.60650296 Ry
     Harris-Foulkes estimate   =     -37.60662790 Ry
     estimated scf accuracy    <       0.00037498 Ry

     iteration #  3     ecut=    30.00 Ry     beta=0.70
     Davidson diagonalization with overlap
     ethr =  1.25E-05,  avg # of iterations =  1.6

     total cpu time spent up to now is        7.8 secs

     total energy              =     -37.60650954 Ry
     Harris-Foulkes estimate   =     -37.60650977 Ry
     estimated scf accuracy    <       0.00000037 Ry

     iteration #  4     ecut=    30.00 Ry     beta=0.70
     Davidson diagonalization with overlap
     ethr =  1.24E-08,  avg # of iterations =  2.6

     total cpu time spent up to now is        9.4 secs

     total energy              =     -37.60651032 Ry
     Harris-Foulkes estimate   =     -37.60651032 Ry
     estimated scf accuracy    <          9.5E-09 Ry

     iteration #  5     ecut=    30.00 Ry     beta=0.70
     Davidson diagonalization with overlap
     ethr =  3.16E-10,  avg # of iterations =  1.4

     total cpu time spent up to now is       11.0 secs

     total energy              =     -37.60651032 Ry
     Harris-Foulkes estimate   =     -37.60651032 Ry
     estimated scf accuracy    <          4.7E-10 Ry

     iteration #  6     ecut=    30.00 Ry     beta=0.70
     Davidson diagonalization with overlap
     ethr =  1.58E-11,  avg # of iterations =  1.8

     total cpu time spent up to now is       12.4 secs

     End of self-consistent calculation

     Number of k-points >= 100: set verbosity='high' to print the bands.

     the Fermi energy is     9.0133 ev

!    total energy              =     -37.60651032 Ry
     Harris-Foulkes estimate   =     -37.60651032 Ry
     estimated scf accuracy    <          1.1E-12 Ry

     total all-electron energy =      -483.833419 Ry

     The total energy is the sum of the following terms:

     one-electron contribution =       3.48983854 Ry
     hartree contribution      =       0.00666435 Ry
     xc contribution           =      -2.68837372 Ry
     ewald contribution        =      -5.63097147 Ry
     one-center paw contrib.   =     -32.78360551 Ry
     smearing contrib. (-TS)   =      -0.00006250 Ry

     convergence has been achieved in   6 iterations

     Writing output data file aluminum.save

  ++++++++++++++++++++++++++++++++++++++++++++++++++++++++++++++++++++++++++++
     I am the master and now I do geometry    3
  ++++++++++++++++++++++++++++++++++++++++++++++++++++++++++++++++++++++++++++


     Current dimensions of program PWSCF are:
     Max number of different atomic species (ntypx) = 10
     Max number of k-points (npk) =  40000
     Max angular momentum in pseudopotentials (lmaxx) =  3

     WARNING: check_stop already initialized

   Info: using nr1, nr2, nr3 values from input

   Info: using nr1s, nr2s, nr3s values from input

     Parallelization info
     --------------------
     sticks:   dense  smooth     PW     G-vecs:    dense   smooth      PW
     Min         189     111     42                 2454     1113     267
     Max         190     112     43                 2455     1116     270
     Sum         379     223     85                 4909     2229     537



     bravais-lattice index     =            2
     lattice parameter (alat)  =       7.4280  a.u.
     unit-cell volume          =     102.4603 (a.u.)^3
     number of atoms/cell      =            1
     number of atomic types    =            1
     number of electrons       =         3.00
     number of Kohn-Sham states=            6
     kinetic-energy cutoff     =      30.0000  Ry
     charge density cutoff     =     200.0000  Ry
     convergence threshold     =      1.0E-10
     mixing beta               =       0.7000
     number of iterations used =            8  plain     mixing
     Exchange-correlation      =  SLA  PZ   NOGX NOGC ( 1  1  0  0 0 0)

     celldm(1)=   7.428000  celldm(2)=   0.000000  celldm(3)=   0.000000
     celldm(4)=   0.000000  celldm(5)=   0.000000  celldm(6)=   0.000000

     crystal axes: (cart. coord. in units of alat)
               a(1) = (  -0.500000   0.000000   0.500000 )  
               a(2) = (   0.000000   0.500000   0.500000 )  
               a(3) = (  -0.500000   0.500000   0.000000 )  

     reciprocal axes: (cart. coord. in units 2 pi/alat)
               b(1) = ( -1.000000 -1.000000  1.000000 )  
               b(2) = (  1.000000  1.000000  1.000000 )  
               b(3) = ( -1.000000  1.000000 -1.000000 )  


     PseudoPot. # 1 for Al read from file:
     /home/espresso/pslibrary.1.0.0/pz/PSEUDOPOTENTIALS/Al.pz-n-kjpaw_psl.1.0.0.UPF
     MD5 check sum: 27ad70749d47749436a3640c8595502b
     Pseudo is Projector augmented-wave + core cor, Zval =  3.0
     Generated using "atomic" code by A. Dal Corso  v.5.0.2 svn rev. 10810
     Shape of augmentation charge: PSQ
     Using radial grid of 1135 points,  6 beta functions with: 
                l(1) =   0
                l(2) =   0
                l(3) =   1
                l(4) =   1
                l(5) =   2
                l(6) =   2
     Q(r) pseudized with 0 coefficients 


     atomic species   valence    mass     pseudopotential
        Al             3.00    26.98154     Al( 1.00)

     48 Sym. Ops., with inversion, found



   Cartesian axes

     site n.     atom                  positions (alat units)
         1           Al  tau(   1) = (   0.0000000   0.0000000   0.0000000  )

     number of k points=   408  Methfessel-Paxton smearing, width (Ry)=  0.0200

     Number of k-points >= 100: set verbosity='high' to print them.

     Dense  grid:     4909 G-vectors     FFT dimensions: (  24,  24,  24)

     Smooth grid:     2229 G-vectors     FFT dimensions: (  20,  20,  20)

     Largest allocated arrays     est. size (Mb)     dimensions
        Kohn-Sham Wavefunctions         0.01 Mb     (     153,    6)
        NL pseudopotentials             0.04 Mb     (     153,   18)
        Each V/rho on FFT grid          0.11 Mb     (    6912)
        Each G-vector array             0.02 Mb     (    2455)
        G-vector shells                 0.00 Mb     (      95)
     Largest temporary arrays     est. size (Mb)     dimensions
        Auxiliary wavefunctions         0.06 Mb     (     153,   24)
        Each subspace H/S matrix        0.01 Mb     (      24,   24)
        Each <psi_i|beta_j> matrix      0.00 Mb     (      18,    6)
        Arrays for rho mixing           0.84 Mb     (    6912,    8)

     Initial potential from superposition of free atoms

     starting charge    2.99797, renormalised to    3.00000
     Starting wfc are    4 randomized atomic wfcs +    2 random wfc
     Checking if some PAW data can be deallocated... 

     total cpu time spent up to now is       14.0 secs

     per-process dynamical memory:    13.2 Mb

     Self-consistent Calculation

     iteration #  1     ecut=    30.00 Ry     beta=0.70
     Davidson diagonalization with overlap
     ethr =  1.00E-02,  avg # of iterations =  4.6

     Threshold (ethr) on eigenvalues was too large:
     Diagonalizing with lowered threshold

     Davidson diagonalization with overlap
     ethr =  1.80E-04,  avg # of iterations =  1.7

     total cpu time spent up to now is       18.0 secs

     total energy              =     -37.60815938 Ry
     Harris-Foulkes estimate   =     -37.60979478 Ry
     estimated scf accuracy    <       0.00532646 Ry

     iteration #  2     ecut=    30.00 Ry     beta=0.70
     Davidson diagonalization with overlap
     ethr =  1.78E-04,  avg # of iterations =  1.0

     total cpu time spent up to now is       19.3 secs

     total energy              =     -37.60812370 Ry
     Harris-Foulkes estimate   =     -37.60823411 Ry
     estimated scf accuracy    <       0.00035955 Ry

     iteration #  3     ecut=    30.00 Ry     beta=0.70
     Davidson diagonalization with overlap
     ethr =  1.20E-05,  avg # of iterations =  1.8

     total cpu time spent up to now is       20.7 secs

     total energy              =     -37.60813569 Ry
     Harris-Foulkes estimate   =     -37.60813552 Ry
     estimated scf accuracy    <       0.00000050 Ry

     iteration #  4     ecut=    30.00 Ry     beta=0.70
     Davidson diagonalization with overlap
     ethr =  1.67E-08,  avg # of iterations =  2.8

     total cpu time spent up to now is       22.4 secs

     total energy              =     -37.60813778 Ry
     Harris-Foulkes estimate   =     -37.60813783 Ry
     estimated scf accuracy    <       0.00000005 Ry

     iteration #  5     ecut=    30.00 Ry     beta=0.70
     Davidson diagonalization with overlap
     ethr =  1.64E-09,  avg # of iterations =  1.1

     total cpu time spent up to now is       23.8 secs

     total energy              =     -37.60813779 Ry
     Harris-Foulkes estimate   =     -37.60813779 Ry
     estimated scf accuracy    <          1.5E-10 Ry

     iteration #  6     ecut=    30.00 Ry     beta=0.70
     Davidson diagonalization with overlap
     ethr =  4.88E-12,  avg # of iterations =  2.9

     total cpu time spent up to now is       25.4 secs

     End of self-consistent calculation

     Number of k-points >= 100: set verbosity='high' to print the bands.

     the Fermi energy is     8.5612 ev

!    total energy              =     -37.60813779 Ry
     Harris-Foulkes estimate   =     -37.60813779 Ry
     estimated scf accuracy    <          7.3E-12 Ry

     total all-electron energy =      -483.835046 Ry

     The total energy is the sum of the following terms:

     one-electron contribution =       3.38399091 Ry
     hartree contribution      =       0.00619486 Ry
     xc contribution           =      -2.66474498 Ry
     ewald contribution        =      -5.55516410 Ry
     one-center paw contrib.   =     -32.77835519 Ry
     smearing contrib. (-TS)   =      -0.00005929 Ry

     convergence has been achieved in   6 iterations

     Writing output data file aluminum.save

  ++++++++++++++++++++++++++++++++++++++++++++++++++++++++++++++++++++++++++++
     I am the master and now I do geometry    5
  ++++++++++++++++++++++++++++++++++++++++++++++++++++++++++++++++++++++++++++


     Current dimensions of program PWSCF are:
     Max number of different atomic species (ntypx) = 10
     Max number of k-points (npk) =  40000
     Max angular momentum in pseudopotentials (lmaxx) =  3

     WARNING: check_stop already initialized

   Info: using nr1, nr2, nr3 values from input

   Info: using nr1s, nr2s, nr3s values from input

     Parallelization info
     --------------------
     sticks:   dense  smooth     PW     G-vecs:    dense   smooth      PW
     Min         189     120     42                 2513     1210     267
     Max         190     121     43                 2516     1211     270
     Sum         379     241     85                 5029     2421     537



     bravais-lattice index     =            2
     lattice parameter (alat)  =       7.5280  a.u.
     unit-cell volume          =     106.6544 (a.u.)^3
     number of atoms/cell      =            1
     number of atomic types    =            1
     number of electrons       =         3.00
     number of Kohn-Sham states=            6
     kinetic-energy cutoff     =      30.0000  Ry
     charge density cutoff     =     200.0000  Ry
     convergence threshold     =      1.0E-10
     mixing beta               =       0.7000
     number of iterations used =            8  plain     mixing
     Exchange-correlation      =  SLA  PZ   NOGX NOGC ( 1  1  0  0 0 0)

     celldm(1)=   7.528000  celldm(2)=   0.000000  celldm(3)=   0.000000
     celldm(4)=   0.000000  celldm(5)=   0.000000  celldm(6)=   0.000000

     crystal axes: (cart. coord. in units of alat)
               a(1) = (  -0.500000   0.000000   0.500000 )  
               a(2) = (   0.000000   0.500000   0.500000 )  
               a(3) = (  -0.500000   0.500000   0.000000 )  

     reciprocal axes: (cart. coord. in units 2 pi/alat)
               b(1) = ( -1.000000 -1.000000  1.000000 )  
               b(2) = (  1.000000  1.000000  1.000000 )  
               b(3) = ( -1.000000  1.000000 -1.000000 )  


     PseudoPot. # 1 for Al read from file:
     /home/espresso/pslibrary.1.0.0/pz/PSEUDOPOTENTIALS/Al.pz-n-kjpaw_psl.1.0.0.UPF
     MD5 check sum: 27ad70749d47749436a3640c8595502b
     Pseudo is Projector augmented-wave + core cor, Zval =  3.0
     Generated using "atomic" code by A. Dal Corso  v.5.0.2 svn rev. 10810
     Shape of augmentation charge: PSQ
     Using radial grid of 1135 points,  6 beta functions with: 
                l(1) =   0
                l(2) =   0
                l(3) =   1
                l(4) =   1
                l(5) =   2
                l(6) =   2
     Q(r) pseudized with 0 coefficients 


     atomic species   valence    mass     pseudopotential
        Al             3.00    26.98154     Al( 1.00)

     48 Sym. Ops., with inversion, found



   Cartesian axes

     site n.     atom                  positions (alat units)
         1           Al  tau(   1) = (   0.0000000   0.0000000   0.0000000  )

     number of k points=   408  Methfessel-Paxton smearing, width (Ry)=  0.0200

     Number of k-points >= 100: set verbosity='high' to print them.

     Dense  grid:     5029 G-vectors     FFT dimensions: (  24,  24,  24)

     Smooth grid:     2421 G-vectors     FFT dimensions: (  20,  20,  20)

     Largest allocated arrays     est. size (Mb)     dimensions
        Kohn-Sham Wavefunctions         0.01 Mb     (     155,    6)
        NL pseudopotentials             0.04 Mb     (     155,   18)
        Each V/rho on FFT grid          0.11 Mb     (    6912)
        Each G-vector array             0.02 Mb     (    2513)
        G-vector shells                 0.00 Mb     (      97)
     Largest temporary arrays     est. size (Mb)     dimensions
        Auxiliary wavefunctions         0.06 Mb     (     155,   24)
        Each subspace H/S matrix        0.01 Mb     (      24,   24)
        Each <psi_i|beta_j> matrix      0.00 Mb     (      18,    6)
        Arrays for rho mixing           0.84 Mb     (    6912,    8)

     Initial potential from superposition of free atoms

     starting charge    2.99797, renormalised to    3.00000
     Starting wfc are    4 randomized atomic wfcs +    2 random wfc
     Checking if some PAW data can be deallocated... 

     total cpu time spent up to now is       27.0 secs

     per-process dynamical memory:    13.2 Mb

     Self-consistent Calculation

     iteration #  1     ecut=    30.00 Ry     beta=0.70
     Davidson diagonalization with overlap
     ethr =  1.00E-02,  avg # of iterations =  4.6

     Threshold (ethr) on eigenvalues was too large:
     Diagonalizing with lowered threshold

     Davidson diagonalization with overlap
     ethr =  1.78E-04,  avg # of iterations =  1.8

     total cpu time spent up to now is       31.0 secs

     total energy              =     -37.60867814 Ry
     Harris-Foulkes estimate   =     -37.61033087 Ry
     estimated scf accuracy    <       0.00527678 Ry

     iteration #  2     ecut=    30.00 Ry     beta=0.70
     Davidson diagonalization with overlap
     ethr =  1.76E-04,  avg # of iterations =  1.0

     total cpu time spent up to now is       32.4 secs

     total energy              =     -37.60863781 Ry
     Harris-Foulkes estimate   =     -37.60875151 Ry
     estimated scf accuracy    <       0.00035257 Ry

     iteration #  3     ecut=    30.00 Ry     beta=0.70
     Davidson diagonalization with overlap
     ethr =  1.18E-05,  avg # of iterations =  1.7

     total cpu time spent up to now is       33.8 secs

     total energy              =     -37.60864785 Ry
     Harris-Foulkes estimate   =     -37.60864799 Ry
     estimated scf accuracy    <       0.00000047 Ry

     iteration #  4     ecut=    30.00 Ry     beta=0.70
     Davidson diagonalization with overlap
     ethr =  1.58E-08,  avg # of iterations =  2.8

     total cpu time spent up to now is       35.5 secs

     total energy              =     -37.60864951 Ry
     Harris-Foulkes estimate   =     -37.60864954 Ry
     estimated scf accuracy    <       0.00000004 Ry

     iteration #  5     ecut=    30.00 Ry     beta=0.70
     Davidson diagonalization with overlap
     ethr =  1.32E-09,  avg # of iterations =  1.1

     total cpu time spent up to now is       36.9 secs

     total energy              =     -37.60864952 Ry
     Harris-Foulkes estimate   =     -37.60864952 Ry
     estimated scf accuracy    <          2.7E-10 Ry

     iteration #  6     ecut=    30.00 Ry     beta=0.70
     Davidson diagonalization with overlap
     ethr =  8.90E-12,  avg # of iterations =  2.8

     total cpu time spent up to now is       38.5 secs

     End of self-consistent calculation

     Number of k-points >= 100: set verbosity='high' to print the bands.

     the Fermi energy is     8.1270 ev

!    total energy              =     -37.60864952 Ry
     Harris-Foulkes estimate   =     -37.60864952 Ry
     estimated scf accuracy    <          9.5E-13 Ry

     total all-electron energy =      -483.835558 Ry

     The total energy is the sum of the following terms:

     one-electron contribution =       3.28258429 Ry
     hartree contribution      =       0.00589013 Ry
     xc contribution           =      -2.64205737 Ry
     ewald contribution        =      -5.48137075 Ry
     one-center paw contrib.   =     -32.77365375 Ry
     smearing contrib. (-TS)   =      -0.00004207 Ry

     convergence has been achieved in   6 iterations

     Writing output data file aluminum.save

  ++++++++++++++++++++++++++++++++++++++++++++++++++++++++++++++++++++++++++++
     I am the master and now I do geometry    7
  ++++++++++++++++++++++++++++++++++++++++++++++++++++++++++++++++++++++++++++


     Current dimensions of program PWSCF are:
     Max number of different atomic species (ntypx) = 10
     Max number of k-points (npk) =  40000
     Max angular momentum in pseudopotentials (lmaxx) =  3

     WARNING: check_stop already initialized

   Info: using nr1, nr2, nr3 values from input

   Info: using nr1s, nr2s, nr3s values from input

     Parallelization info
     --------------------
     sticks:   dense  smooth     PW     G-vecs:    dense   smooth      PW
     Min         198     120     45                 2604     1222     280
     Max         199     121     46                 2605     1223     281
     Sum         397     241     91                 5209     2445     561



     bravais-lattice index     =            2
     lattice parameter (alat)  =       7.6280  a.u.
     unit-cell volume          =     110.9614 (a.u.)^3
     number of atoms/cell      =            1
     number of atomic types    =            1
     number of electrons       =         3.00
     number of Kohn-Sham states=            6
     kinetic-energy cutoff     =      30.0000  Ry
     charge density cutoff     =     200.0000  Ry
     convergence threshold     =      1.0E-10
     mixing beta               =       0.7000
     number of iterations used =            8  plain     mixing
     Exchange-correlation      =  SLA  PZ   NOGX NOGC ( 1  1  0  0 0 0)

     celldm(1)=   7.628000  celldm(2)=   0.000000  celldm(3)=   0.000000
     celldm(4)=   0.000000  celldm(5)=   0.000000  celldm(6)=   0.000000

     crystal axes: (cart. coord. in units of alat)
               a(1) = (  -0.500000   0.000000   0.500000 )  
               a(2) = (   0.000000   0.500000   0.500000 )  
               a(3) = (  -0.500000   0.500000   0.000000 )  

     reciprocal axes: (cart. coord. in units 2 pi/alat)
               b(1) = ( -1.000000 -1.000000  1.000000 )  
               b(2) = (  1.000000  1.000000  1.000000 )  
               b(3) = ( -1.000000  1.000000 -1.000000 )  


     PseudoPot. # 1 for Al read from file:
     /home/espresso/pslibrary.1.0.0/pz/PSEUDOPOTENTIALS/Al.pz-n-kjpaw_psl.1.0.0.UPF
     MD5 check sum: 27ad70749d47749436a3640c8595502b
     Pseudo is Projector augmented-wave + core cor, Zval =  3.0
     Generated using "atomic" code by A. Dal Corso  v.5.0.2 svn rev. 10810
     Shape of augmentation charge: PSQ
     Using radial grid of 1135 points,  6 beta functions with: 
                l(1) =   0
                l(2) =   0
                l(3) =   1
                l(4) =   1
                l(5) =   2
                l(6) =   2
     Q(r) pseudized with 0 coefficients 


     atomic species   valence    mass     pseudopotential
        Al             3.00    26.98154     Al( 1.00)

     48 Sym. Ops., with inversion, found



   Cartesian axes

     site n.     atom                  positions (alat units)
         1           Al  tau(   1) = (   0.0000000   0.0000000   0.0000000  )

     number of k points=   408  Methfessel-Paxton smearing, width (Ry)=  0.0200

     Number of k-points >= 100: set verbosity='high' to print them.

     Dense  grid:     5209 G-vectors     FFT dimensions: (  25,  25,  25)

     Smooth grid:     2445 G-vectors     FFT dimensions: (  20,  20,  20)

     Largest allocated arrays     est. size (Mb)     dimensions
        Kohn-Sham Wavefunctions         0.02 Mb     (     165,    6)
        NL pseudopotentials             0.05 Mb     (     165,   18)
        Each V/rho on FFT grid          0.12 Mb     (    8125)
        Each G-vector array             0.02 Mb     (    2604)
        G-vector shells                 0.00 Mb     (     100)
     Largest temporary arrays     est. size (Mb)     dimensions
        Auxiliary wavefunctions         0.06 Mb     (     165,   24)
        Each subspace H/S matrix        0.01 Mb     (      24,   24)
        Each <psi_i|beta_j> matrix      0.00 Mb     (      18,    6)
        Arrays for rho mixing           0.99 Mb     (    8125,    8)

     Initial potential from superposition of free atoms

     starting charge    2.99797, renormalised to    3.00000
     Starting wfc are    4 randomized atomic wfcs +    2 random wfc
     Checking if some PAW data can be deallocated... 

     total cpu time spent up to now is       40.1 secs

     per-process dynamical memory:    13.7 Mb

     Self-consistent Calculation

     iteration #  1     ecut=    30.00 Ry     beta=0.70
     Davidson diagonalization with overlap
     ethr =  1.00E-02,  avg # of iterations =  4.7

     Threshold (ethr) on eigenvalues was too large:
     Diagonalizing with lowered threshold

     Davidson diagonalization with overlap
     ethr =  1.80E-04,  avg # of iterations =  1.8

     total cpu time spent up to now is       44.2 secs

     total energy              =     -37.60819087 Ry
     Harris-Foulkes estimate   =     -37.60994180 Ry
     estimated scf accuracy    <       0.00533012 Ry

     iteration #  2     ecut=    30.00 Ry     beta=0.70
     Davidson diagonalization with overlap
     ethr =  1.78E-04,  avg # of iterations =  1.0

     total cpu time spent up to now is       45.6 secs

     total energy              =     -37.60817245 Ry
     Harris-Foulkes estimate   =     -37.60828266 Ry
     estimated scf accuracy    <       0.00034116 Ry

     iteration #  3     ecut=    30.00 Ry     beta=0.70
     Davidson diagonalization with overlap
     ethr =  1.14E-05,  avg # of iterations =  1.7

     total cpu time spent up to now is       47.1 secs

     total energy              =     -37.60818850 Ry
     Harris-Foulkes estimate   =     -37.60818863 Ry
     estimated scf accuracy    <       0.00000058 Ry

     iteration #  4     ecut=    30.00 Ry     beta=0.70
     Davidson diagonalization with overlap
     ethr =  1.93E-08,  avg # of iterations =  2.9

     total cpu time spent up to now is       48.9 secs

     total energy              =     -37.60819139 Ry
     Harris-Foulkes estimate   =     -37.60819146 Ry
     estimated scf accuracy    <       0.00000007 Ry

     iteration #  5     ecut=    30.00 Ry     beta=0.70
     Davidson diagonalization with overlap
     ethr =  2.31E-09,  avg # of iterations =  1.1

     total cpu time spent up to now is       50.3 secs

     total energy              =     -37.60819140 Ry
     Harris-Foulkes estimate   =     -37.60819140 Ry
     estimated scf accuracy    <          2.2E-10 Ry

     iteration #  6     ecut=    30.00 Ry     beta=0.70
     Davidson diagonalization with overlap
     ethr =  7.44E-12,  avg # of iterations =  2.9

     total cpu time spent up to now is       52.0 secs

     End of self-consistent calculation

     Number of k-points >= 100: set verbosity='high' to print the bands.

     the Fermi energy is     7.7110 ev

!    total energy              =     -37.60819140 Ry
     Harris-Foulkes estimate   =     -37.60819140 Ry
     estimated scf accuracy    <          2.3E-11 Ry

     total all-electron energy =      -483.835100 Ry

     The total energy is the sum of the following terms:

     one-electron contribution =       3.18531471 Ry
     hartree contribution      =       0.00576511 Ry
     xc contribution           =      -2.62028009 Ry
     ewald contribution        =      -5.40951220 Ry
     one-center paw contrib.   =     -32.76945699 Ry
     smearing contrib. (-TS)   =      -0.00002195 Ry

     convergence has been achieved in   6 iterations

     Writing output data file aluminum.save

  ++++++++++++++++++++++++++++++++++++++++++++++++++++++++++++++++++++++++++++
     I am the master and now I do geometry    9
  ++++++++++++++++++++++++++++++++++++++++++++++++++++++++++++++++++++++++++++


     Current dimensions of program PWSCF are:
     Max number of different atomic species (ntypx) = 10
     Max number of k-points (npk) =  40000
     Max angular momentum in pseudopotentials (lmaxx) =  3

     WARNING: check_stop already initialized

   Info: using nr1, nr2, nr3 values from input

   Info: using nr1s, nr2s, nr3s values from input

     Parallelization info
     --------------------
     sticks:   dense  smooth     PW     G-vecs:    dense   smooth      PW
     Min         210     126     45                 2788     1315     304
     Max         211     127     46                 2789     1322     305
     Sum         421     253     91                 5577     2637     609



     bravais-lattice index     =            2
     lattice parameter (alat)  =       7.7280  a.u.
     unit-cell volume          =     115.3829 (a.u.)^3
     number of atoms/cell      =            1
     number of atomic types    =            1
     number of electrons       =         3.00
     number of Kohn-Sham states=            6
     kinetic-energy cutoff     =      30.0000  Ry
     charge density cutoff     =     200.0000  Ry
     convergence threshold     =      1.0E-10
     mixing beta               =       0.7000
     number of iterations used =            8  plain     mixing
     Exchange-correlation      =  SLA  PZ   NOGX NOGC ( 1  1  0  0 0 0)

     celldm(1)=   7.728000  celldm(2)=   0.000000  celldm(3)=   0.000000
     celldm(4)=   0.000000  celldm(5)=   0.000000  celldm(6)=   0.000000

     crystal axes: (cart. coord. in units of alat)
               a(1) = (  -0.500000   0.000000   0.500000 )  
               a(2) = (   0.000000   0.500000   0.500000 )  
               a(3) = (  -0.500000   0.500000   0.000000 )  

     reciprocal axes: (cart. coord. in units 2 pi/alat)
               b(1) = ( -1.000000 -1.000000  1.000000 )  
               b(2) = (  1.000000  1.000000  1.000000 )  
               b(3) = ( -1.000000  1.000000 -1.000000 )  


     PseudoPot. # 1 for Al read from file:
     /home/espresso/pslibrary.1.0.0/pz/PSEUDOPOTENTIALS/Al.pz-n-kjpaw_psl.1.0.0.UPF
     MD5 check sum: 27ad70749d47749436a3640c8595502b
     Pseudo is Projector augmented-wave + core cor, Zval =  3.0
     Generated using "atomic" code by A. Dal Corso  v.5.0.2 svn rev. 10810
     Shape of augmentation charge: PSQ
     Using radial grid of 1135 points,  6 beta functions with: 
                l(1) =   0
                l(2) =   0
                l(3) =   1
                l(4) =   1
                l(5) =   2
                l(6) =   2
     Q(r) pseudized with 0 coefficients 


     atomic species   valence    mass     pseudopotential
        Al             3.00    26.98154     Al( 1.00)

     48 Sym. Ops., with inversion, found



   Cartesian axes

     site n.     atom                  positions (alat units)
         1           Al  tau(   1) = (   0.0000000   0.0000000   0.0000000  )

     number of k points=   408  Methfessel-Paxton smearing, width (Ry)=  0.0200

     Number of k-points >= 100: set verbosity='high' to print them.

     Dense  grid:     5577 G-vectors     FFT dimensions: (  25,  25,  25)

     Smooth grid:     2637 G-vectors     FFT dimensions: (  20,  20,  20)

     Largest allocated arrays     est. size (Mb)     dimensions
        Kohn-Sham Wavefunctions         0.02 Mb     (     177,    6)
        NL pseudopotentials             0.05 Mb     (     177,   18)
        Each V/rho on FFT grid          0.12 Mb     (    8125)
        Each G-vector array             0.02 Mb     (    2788)
        G-vector shells                 0.00 Mb     (     103)
     Largest temporary arrays     est. size (Mb)     dimensions
        Auxiliary wavefunctions         0.06 Mb     (     177,   24)
        Each subspace H/S matrix        0.01 Mb     (      24,   24)
        Each <psi_i|beta_j> matrix      0.00 Mb     (      18,    6)
        Arrays for rho mixing           0.99 Mb     (    8125,    8)

     Initial potential from superposition of free atoms

     starting charge    2.99797, renormalised to    3.00000
     Starting wfc are    4 randomized atomic wfcs +    2 random wfc
     Checking if some PAW data can be deallocated... 

     total cpu time spent up to now is       53.6 secs

     per-process dynamical memory:    14.2 Mb

     Self-consistent Calculation

     iteration #  1     ecut=    30.00 Ry     beta=0.70
     Davidson diagonalization with overlap
     ethr =  1.00E-02,  avg # of iterations =  4.6

     Threshold (ethr) on eigenvalues was too large:
     Diagonalizing with lowered threshold

     Davidson diagonalization with overlap
     ethr =  1.79E-04,  avg # of iterations =  1.8

     total cpu time spent up to now is       57.9 secs

     total energy              =     -37.60688712 Ry
     Harris-Foulkes estimate   =     -37.60866488 Ry
     estimated scf accuracy    <       0.00530728 Ry

     iteration #  2     ecut=    30.00 Ry     beta=0.70
     Davidson diagonalization with overlap
     ethr =  1.77E-04,  avg # of iterations =  1.0

     total cpu time spent up to now is       59.2 secs

     total energy              =     -37.60687276 Ry
     Harris-Foulkes estimate   =     -37.60698321 Ry
     estimated scf accuracy    <       0.00033210 Ry

     iteration #  3     ecut=    30.00 Ry     beta=0.70
     Davidson diagonalization with overlap
     ethr =  1.11E-05,  avg # of iterations =  1.7

     total cpu time spent up to now is       60.8 secs

     total energy              =     -37.60688943 Ry
     Harris-Foulkes estimate   =     -37.60688937 Ry
     estimated scf accuracy    <       0.00000059 Ry

     iteration #  4     ecut=    30.00 Ry     beta=0.70
     Davidson diagonalization with overlap
     ethr =  1.95E-08,  avg # of iterations =  2.9

     total cpu time spent up to now is       62.6 secs

     total energy              =     -37.60689250 Ry
     Harris-Foulkes estimate   =     -37.60689255 Ry
     estimated scf accuracy    <       0.00000008 Ry

     iteration #  5     ecut=    30.00 Ry     beta=0.70
     Davidson diagonalization with overlap
     ethr =  2.53E-09,  avg # of iterations =  1.1

     total cpu time spent up to now is       64.0 secs

     total energy              =     -37.60689250 Ry
     Harris-Foulkes estimate   =     -37.60689250 Ry
     estimated scf accuracy    <          2.4E-10 Ry

     iteration #  6     ecut=    30.00 Ry     beta=0.70
     Davidson diagonalization with overlap
     ethr =  8.10E-12,  avg # of iterations =  2.9

     total cpu time spent up to now is       65.7 secs

     End of self-consistent calculation

     Number of k-points >= 100: set verbosity='high' to print the bands.

     the Fermi energy is     7.3123 ev

!    total energy              =     -37.60689250 Ry
     Harris-Foulkes estimate   =     -37.60689250 Ry
     estimated scf accuracy    <          3.2E-11 Ry

     total all-electron energy =      -483.833801 Ry

     The total energy is the sum of the following terms:

     one-electron contribution =       3.09190961 Ry
     hartree contribution      =       0.00583463 Ry
     xc contribution           =      -2.59938735 Ry
     ewald contribution        =      -5.33951332 Ry
     one-center paw contrib.   =     -32.76572876 Ry
     smearing contrib. (-TS)   =      -0.00000732 Ry

     convergence has been achieved in   6 iterations

     Writing output data file aluminum.save

  ++++++++++++++++++++++++++++++++++++++++++++++++++++++++++++++++++++++++++++
     The equilibrium lattice constant is       7.5285 a.u.
     The bulk modulus is                      838.11 kbar
  ++++++++++++++++++++++++++++++++++++++++++++++++++++++++++++++++++++++++++++


     THERMO_PW    :  1m 5.11s CPU     1m 6.55s WALL


   This run was terminated on:  18:29: 7   2Apr2015            

=------------------------------------------------------------------------------=
   JOB DONE.
=------------------------------------------------------------------------------=
