
     Program THERMO_PW v.5.4.0 starts on 27Apr2016 at 19: 5:39 

     This program is part of the open-source Quantum ESPRESSO suite
     for quantum simulation of materials; please cite
         "P. Giannozzi et al., J. Phys.:Condens. Matter 21 395502 (2009);
          URL http://www.quantum-espresso.org", 
     in publications or presentations arising from this work. More details at
     http://www.quantum-espresso.org/quote

     Parallel version (MPI), running on     4 processors
     K-points division:     npool     =       4
     Reading input from _temporary_1

     Deltae set to         0.000009500 Ry


     Doing a electronic bands dos calculation

   Info: using nr1, nr2, nr3 values from input

   Info: using nr1, nr2, nr3 values from input

   Info: using nr1, nr2, nr3 values from input

     FFT mesh: (   15,   15,   15 )

     48 Sym. Ops., with inversion, found


                                    s                        frac. trans.

      isym =  1     identity                                     

 cryst.   s( 1) = (     1          0          0      )
                  (     0          1          0      )
                  (     0          0          1      )

 cart.    s( 1) = (  1.0000000  0.0000000  0.0000000 )
                  (  0.0000000  1.0000000  0.0000000 )
                  (  0.0000000  0.0000000  1.0000000 )


      isym =  2     180 deg rotation - cart. axis [0,0,1]        

 cryst.   s( 2) = (     0          1         -1      )
                  (     1          0         -1      )
                  (     0          0         -1      )

 cart.    s( 2) = ( -1.0000000  0.0000000  0.0000000 )
                  (  0.0000000 -1.0000000  0.0000000 )
                  (  0.0000000  0.0000000  1.0000000 )


      isym =  3     180 deg rotation - cart. axis [0,1,0]        

 cryst.   s( 3) = (    -1          0          0      )
                  (    -1          0          1      )
                  (    -1          1          0      )

 cart.    s( 3) = ( -1.0000000  0.0000000  0.0000000 )
                  (  0.0000000  1.0000000  0.0000000 )
                  (  0.0000000  0.0000000 -1.0000000 )


      isym =  4     180 deg rotation - cart. axis [1,0,0]        

 cryst.   s( 4) = (     0         -1          1      )
                  (     0         -1          0      )
                  (     1         -1          0      )

 cart.    s( 4) = (  1.0000000  0.0000000  0.0000000 )
                  (  0.0000000 -1.0000000  0.0000000 )
                  (  0.0000000  0.0000000 -1.0000000 )


      isym =  5     180 deg rotation - cart. axis [1,1,0]        

 cryst.   s( 5) = (     0         -1          0      )
                  (    -1          0          0      )
                  (     0          0         -1      )

 cart.    s( 5) = (  0.0000000  1.0000000  0.0000000 )
                  (  1.0000000  0.0000000  0.0000000 )
                  (  0.0000000  0.0000000 -1.0000000 )


      isym =  6     180 deg rotation - cart. axis [1,-1,0]       

 cryst.   s( 6) = (    -1          0          1      )
                  (     0         -1          1      )
                  (     0          0          1      )

 cart.    s( 6) = (  0.0000000 -1.0000000  0.0000000 )
                  ( -1.0000000  0.0000000  0.0000000 )
                  (  0.0000000  0.0000000 -1.0000000 )


      isym =  7      90 deg rotation - cart. axis [0,0,-1]       

 cryst.   s( 7) = (     0          1          0      )
                  (     0          1         -1      )
                  (    -1          1          0      )

 cart.    s( 7) = (  0.0000000  1.0000000  0.0000000 )
                  ( -1.0000000  0.0000000  0.0000000 )
                  (  0.0000000  0.0000000  1.0000000 )


      isym =  8      90 deg rotation - cart. axis [0,0,1]        

 cryst.   s( 8) = (     1          0         -1      )
                  (     1          0          0      )
                  (     1         -1          0      )

 cart.    s( 8) = (  0.0000000 -1.0000000  0.0000000 )
                  (  1.0000000  0.0000000  0.0000000 )
                  (  0.0000000  0.0000000  1.0000000 )


      isym =  9     180 deg rotation - cart. axis [1,0,1]        

 cryst.   s( 9) = (    -1          0          0      )
                  (     0          0         -1      )
                  (     0         -1          0      )

 cart.    s( 9) = (  0.0000000  0.0000000  1.0000000 )
                  (  0.0000000 -1.0000000  0.0000000 )
                  (  1.0000000  0.0000000  0.0000000 )


      isym = 10     180 deg rotation - cart. axis [-1,0,1]       

 cryst.   s(10) = (     1          0          0      )
                  (     1         -1          0      )
                  (     1          0         -1      )

 cart.    s(10) = (  0.0000000  0.0000000 -1.0000000 )
                  (  0.0000000 -1.0000000  0.0000000 )
                  ( -1.0000000  0.0000000  0.0000000 )


      isym = 11      90 deg rotation - cart. axis [0,1,0]        

 cryst.   s(11) = (     0          1         -1      )
                  (    -1          1          0      )
                  (     0          1          0      )

 cart.    s(11) = (  0.0000000  0.0000000  1.0000000 )
                  (  0.0000000  1.0000000  0.0000000 )
                  ( -1.0000000  0.0000000  0.0000000 )


      isym = 12      90 deg rotation - cart. axis [0,-1,0]       

 cryst.   s(12) = (     0         -1          1      )
                  (     0          0          1      )
                  (    -1          0          1      )

 cart.    s(12) = (  0.0000000  0.0000000 -1.0000000 )
                  (  0.0000000  1.0000000  0.0000000 )
                  (  1.0000000  0.0000000  0.0000000 )


      isym = 13     180 deg rotation - cart. axis [0,1,1]        

 cryst.   s(13) = (    -1          1          0      )
                  (     0          1          0      )
                  (     0          1         -1      )

 cart.    s(13) = ( -1.0000000  0.0000000  0.0000000 )
                  (  0.0000000  0.0000000  1.0000000 )
                  (  0.0000000  1.0000000  0.0000000 )


      isym = 14     180 deg rotation - cart. axis [0,1,-1]       

 cryst.   s(14) = (     0          0         -1      )
                  (     0         -1          0      )
                  (    -1          0          0      )

 cart.    s(14) = ( -1.0000000  0.0000000  0.0000000 )
                  (  0.0000000  0.0000000 -1.0000000 )
                  (  0.0000000 -1.0000000  0.0000000 )


      isym = 15      90 deg rotation - cart. axis [-1,0,0]       

 cryst.   s(15) = (     0          0          1      )
                  (    -1          0          1      )
                  (     0         -1          1      )

 cart.    s(15) = (  1.0000000  0.0000000  0.0000000 )
                  (  0.0000000  0.0000000  1.0000000 )
                  (  0.0000000 -1.0000000  0.0000000 )


      isym = 16      90 deg rotation - cart. axis [1,0,0]        

 cryst.   s(16) = (     1         -1          0      )
                  (     1          0         -1      )
                  (     1          0          0      )

 cart.    s(16) = (  1.0000000  0.0000000  0.0000000 )
                  (  0.0000000  0.0000000 -1.0000000 )
                  (  0.0000000  1.0000000  0.0000000 )


      isym = 17     120 deg rotation - cart. axis [-1,-1,-1]     

 cryst.   s(17) = (    -1          0          1      )
                  (    -1          1          0      )
                  (    -1          0          0      )

 cart.    s(17) = (  0.0000000  1.0000000  0.0000000 )
                  (  0.0000000  0.0000000  1.0000000 )
                  (  1.0000000  0.0000000  0.0000000 )


      isym = 18     120 deg rotation - cart. axis [-1,1,1]       

 cryst.   s(18) = (     0          1          0      )
                  (     0          0          1      )
                  (     1          0          0      )

 cart.    s(18) = (  0.0000000 -1.0000000  0.0000000 )
                  (  0.0000000  0.0000000  1.0000000 )
                  ( -1.0000000  0.0000000  0.0000000 )


      isym = 19     120 deg rotation - cart. axis [1,1,-1]       

 cryst.   s(19) = (     1          0         -1      )
                  (     0          0         -1      )
                  (     0          1         -1      )

 cart.    s(19) = (  0.0000000  1.0000000  0.0000000 )
                  (  0.0000000  0.0000000 -1.0000000 )
                  ( -1.0000000  0.0000000  0.0000000 )


      isym = 20     120 deg rotation - cart. axis [1,-1,1]       

 cryst.   s(20) = (     0         -1          0      )
                  (     1         -1          0      )
                  (     0         -1          1      )

 cart.    s(20) = (  0.0000000 -1.0000000  0.0000000 )
                  (  0.0000000  0.0000000 -1.0000000 )
                  (  1.0000000  0.0000000  0.0000000 )


      isym = 21     120 deg rotation - cart. axis [1,1,1]        

 cryst.   s(21) = (     0          0         -1      )
                  (     0          1         -1      )
                  (     1          0         -1      )

 cart.    s(21) = (  0.0000000  0.0000000  1.0000000 )
                  (  1.0000000  0.0000000  0.0000000 )
                  (  0.0000000  1.0000000  0.0000000 )


      isym = 22     120 deg rotation - cart. axis [-1,1,-1]      

 cryst.   s(22) = (    -1          1          0      )
                  (    -1          0          0      )
                  (    -1          0          1      )

 cart.    s(22) = (  0.0000000  0.0000000  1.0000000 )
                  ( -1.0000000  0.0000000  0.0000000 )
                  (  0.0000000 -1.0000000  0.0000000 )


      isym = 23     120 deg rotation - cart. axis [1,-1,-1]      

 cryst.   s(23) = (     0          0          1      )
                  (     1          0          0      )
                  (     0          1          0      )

 cart.    s(23) = (  0.0000000  0.0000000 -1.0000000 )
                  ( -1.0000000  0.0000000  0.0000000 )
                  (  0.0000000  1.0000000  0.0000000 )


      isym = 24     120 deg rotation - cart. axis [-1,-1,1]      

 cryst.   s(24) = (     1         -1          0      )
                  (     0         -1          1      )
                  (     0         -1          0      )

 cart.    s(24) = (  0.0000000  0.0000000 -1.0000000 )
                  (  1.0000000  0.0000000  0.0000000 )
                  (  0.0000000 -1.0000000  0.0000000 )


      isym = 25     inversion                                    

 cryst.   s(25) = (    -1          0          0      )
                  (     0         -1          0      )
                  (     0          0         -1      )

 cart.    s(25) = ( -1.0000000  0.0000000  0.0000000 )
                  (  0.0000000 -1.0000000  0.0000000 )
                  (  0.0000000  0.0000000 -1.0000000 )


      isym = 26     inv. 180 deg rotation - cart. axis [0,0,1]   

 cryst.   s(26) = (     0         -1          1      )
                  (    -1          0          1      )
                  (     0          0          1      )

 cart.    s(26) = (  1.0000000  0.0000000  0.0000000 )
                  (  0.0000000  1.0000000  0.0000000 )
                  (  0.0000000  0.0000000 -1.0000000 )


      isym = 27     inv. 180 deg rotation - cart. axis [0,1,0]   

 cryst.   s(27) = (     1          0          0      )
                  (     1          0         -1      )
                  (     1         -1          0      )

 cart.    s(27) = (  1.0000000  0.0000000  0.0000000 )
                  (  0.0000000 -1.0000000  0.0000000 )
                  (  0.0000000  0.0000000  1.0000000 )


      isym = 28     inv. 180 deg rotation - cart. axis [1,0,0]   

 cryst.   s(28) = (     0          1         -1      )
                  (     0          1          0      )
                  (    -1          1          0      )

 cart.    s(28) = ( -1.0000000  0.0000000  0.0000000 )
                  (  0.0000000  1.0000000  0.0000000 )
                  (  0.0000000  0.0000000  1.0000000 )


      isym = 29     inv. 180 deg rotation - cart. axis [1,1,0]   

 cryst.   s(29) = (     0          1          0      )
                  (     1          0          0      )
                  (     0          0          1      )

 cart.    s(29) = (  0.0000000 -1.0000000  0.0000000 )
                  ( -1.0000000  0.0000000  0.0000000 )
                  (  0.0000000  0.0000000  1.0000000 )


      isym = 30     inv. 180 deg rotation - cart. axis [1,-1,0]  

 cryst.   s(30) = (     1          0         -1      )
                  (     0          1         -1      )
                  (     0          0         -1      )

 cart.    s(30) = (  0.0000000  1.0000000  0.0000000 )
                  (  1.0000000  0.0000000  0.0000000 )
                  (  0.0000000  0.0000000  1.0000000 )


      isym = 31     inv.  90 deg rotation - cart. axis [0,0,-1]  

 cryst.   s(31) = (     0         -1          0      )
                  (     0         -1          1      )
                  (     1         -1          0      )

 cart.    s(31) = (  0.0000000 -1.0000000  0.0000000 )
                  (  1.0000000  0.0000000  0.0000000 )
                  (  0.0000000  0.0000000 -1.0000000 )


      isym = 32     inv.  90 deg rotation - cart. axis [0,0,1]   

 cryst.   s(32) = (    -1          0          1      )
                  (    -1          0          0      )
                  (    -1          1          0      )

 cart.    s(32) = (  0.0000000  1.0000000  0.0000000 )
                  ( -1.0000000  0.0000000  0.0000000 )
                  (  0.0000000  0.0000000 -1.0000000 )


      isym = 33     inv. 180 deg rotation - cart. axis [1,0,1]   

 cryst.   s(33) = (     1          0          0      )
                  (     0          0          1      )
                  (     0          1          0      )

 cart.    s(33) = (  0.0000000  0.0000000 -1.0000000 )
                  (  0.0000000  1.0000000  0.0000000 )
                  ( -1.0000000  0.0000000  0.0000000 )


      isym = 34     inv. 180 deg rotation - cart. axis [-1,0,1]  

 cryst.   s(34) = (    -1          0          0      )
                  (    -1          1          0      )
                  (    -1          0          1      )

 cart.    s(34) = (  0.0000000  0.0000000  1.0000000 )
                  (  0.0000000  1.0000000  0.0000000 )
                  (  1.0000000  0.0000000  0.0000000 )


      isym = 35     inv.  90 deg rotation - cart. axis [0,1,0]   

 cryst.   s(35) = (     0         -1          1      )
                  (     1         -1          0      )
                  (     0         -1          0      )

 cart.    s(35) = (  0.0000000  0.0000000 -1.0000000 )
                  (  0.0000000 -1.0000000  0.0000000 )
                  (  1.0000000  0.0000000  0.0000000 )


      isym = 36     inv.  90 deg rotation - cart. axis [0,-1,0]  

 cryst.   s(36) = (     0          1         -1      )
                  (     0          0         -1      )
                  (     1          0         -1      )

 cart.    s(36) = (  0.0000000  0.0000000  1.0000000 )
                  (  0.0000000 -1.0000000  0.0000000 )
                  ( -1.0000000  0.0000000  0.0000000 )


      isym = 37     inv. 180 deg rotation - cart. axis [0,1,1]   

 cryst.   s(37) = (     1         -1          0      )
                  (     0         -1          0      )
                  (     0         -1          1      )

 cart.    s(37) = (  1.0000000  0.0000000  0.0000000 )
                  (  0.0000000  0.0000000 -1.0000000 )
                  (  0.0000000 -1.0000000  0.0000000 )


      isym = 38     inv. 180 deg rotation - cart. axis [0,1,-1]  

 cryst.   s(38) = (     0          0          1      )
                  (     0          1          0      )
                  (     1          0          0      )

 cart.    s(38) = (  1.0000000  0.0000000  0.0000000 )
                  (  0.0000000  0.0000000  1.0000000 )
                  (  0.0000000  1.0000000  0.0000000 )


      isym = 39     inv.  90 deg rotation - cart. axis [-1,0,0]  

 cryst.   s(39) = (     0          0         -1      )
                  (     1          0         -1      )
                  (     0          1         -1      )

 cart.    s(39) = ( -1.0000000  0.0000000  0.0000000 )
                  (  0.0000000  0.0000000 -1.0000000 )
                  (  0.0000000  1.0000000  0.0000000 )


      isym = 40     inv.  90 deg rotation - cart. axis [1,0,0]   

 cryst.   s(40) = (    -1          1          0      )
                  (    -1          0          1      )
                  (    -1          0          0      )

 cart.    s(40) = ( -1.0000000  0.0000000  0.0000000 )
                  (  0.0000000  0.0000000  1.0000000 )
                  (  0.0000000 -1.0000000  0.0000000 )


      isym = 41     inv. 120 deg rotation - cart. axis [-1,-1,-1]

 cryst.   s(41) = (     1          0         -1      )
                  (     1         -1          0      )
                  (     1          0          0      )

 cart.    s(41) = (  0.0000000 -1.0000000  0.0000000 )
                  (  0.0000000  0.0000000 -1.0000000 )
                  ( -1.0000000  0.0000000  0.0000000 )


      isym = 42     inv. 120 deg rotation - cart. axis [-1,1,1]  

 cryst.   s(42) = (     0         -1          0      )
                  (     0          0         -1      )
                  (    -1          0          0      )

 cart.    s(42) = (  0.0000000  1.0000000  0.0000000 )
                  (  0.0000000  0.0000000 -1.0000000 )
                  (  1.0000000  0.0000000  0.0000000 )


      isym = 43     inv. 120 deg rotation - cart. axis [1,1,-1]  

 cryst.   s(43) = (    -1          0          1      )
                  (     0          0          1      )
                  (     0         -1          1      )

 cart.    s(43) = (  0.0000000 -1.0000000  0.0000000 )
                  (  0.0000000  0.0000000  1.0000000 )
                  (  1.0000000  0.0000000  0.0000000 )


      isym = 44     inv. 120 deg rotation - cart. axis [1,-1,1]  

 cryst.   s(44) = (     0          1          0      )
                  (    -1          1          0      )
                  (     0          1         -1      )

 cart.    s(44) = (  0.0000000  1.0000000  0.0000000 )
                  (  0.0000000  0.0000000  1.0000000 )
                  ( -1.0000000  0.0000000  0.0000000 )


      isym = 45     inv. 120 deg rotation - cart. axis [1,1,1]   

 cryst.   s(45) = (     0          0          1      )
                  (     0         -1          1      )
                  (    -1          0          1      )

 cart.    s(45) = (  0.0000000  0.0000000 -1.0000000 )
                  ( -1.0000000  0.0000000  0.0000000 )
                  (  0.0000000 -1.0000000  0.0000000 )


      isym = 46     inv. 120 deg rotation - cart. axis [-1,1,-1] 

 cryst.   s(46) = (     1         -1          0      )
                  (     1          0          0      )
                  (     1          0         -1      )

 cart.    s(46) = (  0.0000000  0.0000000 -1.0000000 )
                  (  1.0000000  0.0000000  0.0000000 )
                  (  0.0000000  1.0000000  0.0000000 )


      isym = 47     inv. 120 deg rotation - cart. axis [1,-1,-1] 

 cryst.   s(47) = (     0          0         -1      )
                  (    -1          0          0      )
                  (     0         -1          0      )

 cart.    s(47) = (  0.0000000  0.0000000  1.0000000 )
                  (  1.0000000  0.0000000  0.0000000 )
                  (  0.0000000 -1.0000000  0.0000000 )


      isym = 48     inv. 120 deg rotation - cart. axis [-1,-1,1] 

 cryst.   s(48) = (    -1          1          0      )
                  (     0          1         -1      )
                  (     0          1          0      )

 cart.    s(48) = (  0.0000000  0.0000000  1.0000000 )
                  ( -1.0000000  0.0000000  0.0000000 )
                  (  0.0000000  1.0000000  0.0000000 )


     point group O_h (m-3m) 
     there are 10 classes
     the character table:

       E     8C3   3C2   6C4   6C2'  i     8S6   3s_h  6S4   6s_d 
A_1g   1.00  1.00  1.00  1.00  1.00  1.00  1.00  1.00  1.00  1.00
A_2g   1.00  1.00  1.00 -1.00 -1.00  1.00  1.00  1.00 -1.00 -1.00
E_g    2.00 -1.00  2.00  0.00  0.00  2.00 -1.00  2.00  0.00  0.00
T_1g   3.00  0.00 -1.00  1.00 -1.00  3.00  0.00 -1.00  1.00 -1.00
T_2g   3.00  0.00 -1.00 -1.00  1.00  3.00  0.00 -1.00 -1.00  1.00
A_1u   1.00  1.00  1.00  1.00  1.00 -1.00 -1.00 -1.00 -1.00 -1.00
A_2u   1.00  1.00  1.00 -1.00 -1.00 -1.00 -1.00 -1.00  1.00  1.00
E_u    2.00 -1.00  2.00  0.00  0.00 -2.00  1.00 -2.00  0.00  0.00
T_1u   3.00  0.00 -1.00  1.00 -1.00 -3.00  0.00  1.00 -1.00  1.00
T_2u   3.00  0.00 -1.00 -1.00  1.00 -3.00  0.00  1.00  1.00 -1.00

     the symmetry operations in each class and the name of the first element:

     E        1
          identity                                               
     8C3     17   19   20   18   24   21   22   23
          120 deg rotation - cart. axis [-1,-1,-1]               
     3C2      2    4    3
          180 deg rotation - cart. axis [0,0,1]                  
     6C4      7    8   15   16   12   11
           90 deg rotation - cart. axis [0,0,-1]                 
     6C2'     5    6   14   13   10    9
          180 deg rotation - cart. axis [1,1,0]                  
     i       25
          inversion                                              
     8S6     41   43   44   42   48   45   46   47
          inv. 120 deg rotation - cart. axis [-1,-1,-1]          
     3s_h    26   28   27
          inv. 180 deg rotation - cart. axis [0,0,1]             
     6S4     31   32   39   40   36   35
          inv.  90 deg rotation - cart. axis [0,0,-1]            
     6s_d    29   30   38   37   34   33
          inv. 180 deg rotation - cart. axis [1,1,0]             

     ibrav=2 Face centered cubic lattice

     crystal axes: (cart. coord. in units of alat)
               a(1) = (  -0.500000   0.000000   0.500000 )  
               a(2) = (   0.000000   0.500000   0.500000 )  
               a(3) = (  -0.500000   0.500000   0.000000 )  

     reciprocal axes: (cart. coord. in units 2 pi/alat)
               b(1) = ( -1.000000 -1.000000  1.000000 )  
               b(2) = (  1.000000  1.000000  1.000000 )  
               b(3) = ( -1.000000  1.000000 -1.000000 )  


   Cartesian axes

     site n.     atom                  positions (alat units)
         1           Al  tau(   1) = (   0.0000000   0.0000000   0.0000000  )

   Crystallographic axes

     site n.     atom                  positions (cryst. coord.)
         1           Al  tau(   1) = (  0.0000000  0.0000000  0.0000000  )

     The point group, O_h (m-3m), is compatible with the Bravais lattice.

     Space group identification,  48 symmetries:
     (Optional origin shifts are indicated for C2, mirrors,
     and inversion symmetries)

         1  identity  E
         2  rotation of 180 degrees    C2    (2)
         3  rotation of 180 degrees    C2    (2)
         4  rotation of 180 degrees    C2    (2)
         5  rotation of 180 degrees    C2    (2)
         6  rotation of 180 degrees    C2    (2)
         7  rotation of 270 degrees    C4^3 (4^3)
         8  rotation of 90  degrees    C4    (4)
         9  rotation of 180 degrees    C2    (2)
        10  rotation of 180 degrees    C2    (2)
        11  rotation of 90  degrees    C4    (4)
        12  rotation of 270 degrees    C4^3 (4^3)
        13  rotation of 180 degrees    C2    (2)
        14  rotation of 180 degrees    C2    (2)
        15  rotation of 270 degrees    C4^3 (4^3)
        16  rotation of 90  degrees    C4    (4)
        17  rotation of 240 degrees    C3^2 (3^2)
        18  rotation of 120 degrees    C3    (3)
        19  rotation of 240 degrees    C3^2 (3^2)
        20  rotation of 120 degrees    C3    (3)
        21  rotation of 120 degrees    C3    (3)
        22  rotation of 240 degrees    C3^2 (3^2)
        23  rotation of 240 degrees    C3^2 (3^2)
        24  rotation of 120 degrees    C3    (3)
        25  inversion i
        26  mirror    s
        27  mirror    s
        28  mirror    s
        29  mirror    s
        30  mirror    s
        31  rotation of 90  degrees multiplied by inversion S4^3 (-4)
        32  rotation of 270 degrees multiplied by inversion S4  (-4^3)
        33  mirror    s
        34  mirror    s
        35  rotation of 270 degrees multiplied by inversion S4  (-4^3)
        36  rotation of 90  degrees multiplied by inversion S4^3 (-4)
        37  mirror    s
        38  mirror    s
        39  rotation of 90  degrees multiplied by inversion S4^3 (-4)
        40  rotation of 270 degrees multiplied by inversion S4  (-4^3)
        41  rotation of 120 degrees multiplied by inversion S6^5 (-3)
        42  rotation of 240 degrees multiplied by inversion S6  (-3^2)
        43  rotation of 120 degrees multiplied by inversion S6^5 (-3)
        44  rotation of 240 degrees multiplied by inversion S6  (-3^2)
        45  rotation of 240 degrees multiplied by inversion S6  (-3^2)
        46  rotation of 120 degrees multiplied by inversion S6^5 (-3)
        47  rotation of 120 degrees multiplied by inversion S6^5 (-3)
        48  rotation of 240 degrees multiplied by inversion S6  (-3^2)

     Space group Fm-3m   (group number 225).

     The Laue class is O_h (m-3m) 

     ----------------------------------------------------------------------
     Ions are relaxed in each calculation
     ----------------------------------------------------------------------

     Total mass of this unit cell         26.9815 a.m.u.
     Density of this solid                2755.06 kg/m^3         2.7551 g/cm^3

  ++++++++++++++++++++++++++++++++++++++++++++++++++++++++++++++++++++++++++++
     Doing a self-consistent calculation
  ++++++++++++++++++++++++++++++++++++++++++++++++++++++++++++++++++++++++++++


     Current dimensions of program PWSCF are:
     Max number of different atomic species (ntypx) = 10
     Max number of k-points (npk) =  40000
     Max angular momentum in pseudopotentials (lmaxx) =  3

     Subspace diagonalization in iterative solution of the eigenvalue problem:
     a serial algorithm will be used


   Info: using nr1, nr2, nr3 values from input

     G-vector sticks info
     --------------------
     sticks:   dense  smooth     PW     G-vecs:    dense   smooth      PW
     Sum         121     121     55                  941      941     259



     bravais-lattice index     =            2
     lattice parameter (alat)  =       7.6000  a.u.
     unit-cell volume          =     109.7440 (a.u.)^3
     number of atoms/cell      =            1
     number of atomic types    =            1
     number of electrons       =         3.00
     number of Kohn-Sham states=            6
     kinetic-energy cutoff     =      16.0000  Ry
     charge density cutoff     =      64.0000  Ry
     convergence threshold     =      1.0E-10
     mixing beta               =       0.7000
     number of iterations used =            8  plain     mixing
     Exchange-correlation      =  SLA  PZ   NOGX NOGC ( 1  1  0  0 0 0)

     celldm(1)=   7.600000  celldm(2)=   0.000000  celldm(3)=   0.000000
     celldm(4)=   0.000000  celldm(5)=   0.000000  celldm(6)=   0.000000

     crystal axes: (cart. coord. in units of alat)
               a(1) = (  -0.500000   0.000000   0.500000 )  
               a(2) = (   0.000000   0.500000   0.500000 )  
               a(3) = (  -0.500000   0.500000   0.000000 )  

     reciprocal axes: (cart. coord. in units 2 pi/alat)
               b(1) = ( -1.000000 -1.000000  1.000000 )  
               b(2) = (  1.000000  1.000000  1.000000 )  
               b(3) = ( -1.000000  1.000000 -1.000000 )  


     PseudoPot. # 1 for Al read from file:
     /home/espresso/espresso-5.4.0/pseudo/Al.pz-vbc.UPF
     MD5 check sum: 614279c88ff8d45c90147292d03ed420
     Pseudo is Norm-conserving, Zval =  3.0
     Generated by new atomic code, or converted to UPF format
     Using radial grid of  171 points,  2 beta functions with: 
                l(1) =   0
                l(2) =   1

     atomic species   valence    mass     pseudopotential
        Al             3.00    26.98154     Al( 1.00)

     48 Sym. Ops., with inversion, found



   Cartesian axes

     site n.     atom                  positions (alat units)
         1           Al  tau(   1) = (   0.0000000   0.0000000   0.0000000  )

     number of k points=    60  Methfessel-Paxton smearing, width (Ry)=  0.0200
                       cart. coord. in units 2pi/alat
        k(    1) = (  -0.0625000   0.0625000   0.0625000), wk =   0.0078125
        k(    2) = (  -0.1875000   0.1875000  -0.0625000), wk =   0.0234375
        k(    3) = (  -0.3125000   0.3125000  -0.1875000), wk =   0.0234375
        k(    4) = (  -0.4375000   0.4375000  -0.3125000), wk =   0.0234375
        k(    5) = (   0.4375000  -0.4375000   0.5625000), wk =   0.0234375
        k(    6) = (   0.3125000  -0.3125000   0.4375000), wk =   0.0234375
        k(    7) = (   0.1875000  -0.1875000   0.3125000), wk =   0.0234375
        k(    8) = (   0.0625000  -0.0625000   0.1875000), wk =   0.0234375
        k(    9) = (  -0.0625000   0.3125000   0.0625000), wk =   0.0234375
        k(   10) = (  -0.1875000   0.4375000  -0.0625000), wk =   0.0468750
        k(   11) = (  -0.3125000   0.5625000  -0.1875000), wk =   0.0468750
        k(   12) = (   0.5625000  -0.3125000   0.6875000), wk =   0.0468750
        k(   13) = (   0.4375000  -0.1875000   0.5625000), wk =   0.0468750
        k(   14) = (   0.3125000  -0.0625000   0.4375000), wk =   0.0468750
        k(   15) = (   0.1875000   0.0625000   0.3125000), wk =   0.0468750
        k(   16) = (  -0.0625000   0.5625000   0.0625000), wk =   0.0234375
        k(   17) = (  -0.1875000   0.6875000  -0.0625000), wk =   0.0468750
        k(   18) = (   0.6875000  -0.1875000   0.8125000), wk =   0.0468750
        k(   19) = (   0.5625000  -0.0625000   0.6875000), wk =   0.0468750
        k(   20) = (   0.4375000   0.0625000   0.5625000), wk =   0.0468750
        k(   21) = (   0.3125000   0.1875000   0.4375000), wk =   0.0468750
        k(   22) = (  -0.0625000   0.8125000   0.0625000), wk =   0.0234375
        k(   23) = (   0.8125000  -0.0625000   0.9375000), wk =   0.0468750
        k(   24) = (   0.6875000   0.0625000   0.8125000), wk =   0.0468750
        k(   25) = (   0.5625000   0.1875000   0.6875000), wk =   0.0468750
        k(   26) = (   0.4375000   0.3125000   0.5625000), wk =   0.0468750
        k(   27) = (  -0.0625000  -0.9375000   0.0625000), wk =   0.0234375
        k(   28) = (  -0.1875000  -0.8125000  -0.0625000), wk =   0.0468750
        k(   29) = (  -0.3125000  -0.6875000  -0.1875000), wk =   0.0468750
        k(   30) = (  -0.0625000  -0.6875000   0.0625000), wk =   0.0234375
        k(   31) = (  -0.1875000  -0.5625000  -0.0625000), wk =   0.0468750
        k(   32) = (  -0.0625000  -0.4375000   0.0625000), wk =   0.0234375
        k(   33) = (  -0.1875000   0.1875000   0.1875000), wk =   0.0078125
        k(   34) = (  -0.3125000   0.3125000   0.0625000), wk =   0.0234375
        k(   35) = (  -0.4375000   0.4375000  -0.0625000), wk =   0.0234375
        k(   36) = (   0.4375000  -0.4375000   0.8125000), wk =   0.0234375
        k(   37) = (   0.3125000  -0.3125000   0.6875000), wk =   0.0234375
        k(   38) = (   0.1875000  -0.1875000   0.5625000), wk =   0.0234375
        k(   39) = (  -0.1875000   0.4375000   0.1875000), wk =   0.0234375
        k(   40) = (  -0.3125000   0.5625000   0.0625000), wk =   0.0468750
        k(   41) = (   0.5625000  -0.3125000   0.9375000), wk =   0.0468750
        k(   42) = (   0.4375000  -0.1875000   0.8125000), wk =   0.0468750
        k(   43) = (   0.3125000  -0.0625000   0.6875000), wk =   0.0468750
        k(   44) = (  -0.1875000   0.6875000   0.1875000), wk =   0.0234375
        k(   45) = (   0.6875000  -0.1875000   1.0625000), wk =   0.0468750
        k(   46) = (   0.5625000  -0.0625000   0.9375000), wk =   0.0468750
        k(   47) = (   0.4375000   0.0625000   0.8125000), wk =   0.0468750
        k(   48) = (  -0.1875000  -1.0625000   0.1875000), wk =   0.0234375
        k(   49) = (  -0.3125000  -0.9375000   0.0625000), wk =   0.0468750
        k(   50) = (  -0.1875000  -0.8125000   0.1875000), wk =   0.0234375
        k(   51) = (  -0.3125000   0.3125000   0.3125000), wk =   0.0078125
        k(   52) = (  -0.4375000   0.4375000   0.1875000), wk =   0.0234375
        k(   53) = (   0.4375000  -0.4375000   1.0625000), wk =   0.0234375
        k(   54) = (   0.3125000  -0.3125000   0.9375000), wk =   0.0234375
        k(   55) = (  -0.3125000   0.5625000   0.3125000), wk =   0.0234375
        k(   56) = (   0.5625000  -0.3125000   1.1875000), wk =   0.0468750
        k(   57) = (   0.4375000  -0.1875000   1.0625000), wk =   0.0468750
        k(   58) = (  -0.3125000  -1.1875000   0.3125000), wk =   0.0234375
        k(   59) = (  -0.4375000   0.4375000   0.4375000), wk =   0.0078125
        k(   60) = (   0.4375000  -0.4375000   1.3125000), wk =   0.0234375

     Dense  grid:      941 G-vectors     FFT dimensions: (  15,  15,  15)

     Largest allocated arrays     est. size (Mb)     dimensions
        Kohn-Sham Wavefunctions         0.01 Mb     (     126,    6)
        NL pseudopotentials             0.01 Mb     (     126,    4)
        Each V/rho on FFT grid          0.05 Mb     (    3375)
        Each G-vector array             0.01 Mb     (     941)
        G-vector shells                 0.00 Mb     (      33)
     Largest temporary arrays     est. size (Mb)     dimensions
        Auxiliary wavefunctions         0.05 Mb     (     126,   24)
        Each subspace H/S matrix        0.01 Mb     (      24,   24)
        Each <psi_i|beta_j> matrix      0.00 Mb     (       4,    6)
        Arrays for rho mixing           0.41 Mb     (    3375,    8)

     Initial potential from superposition of free atoms

     starting charge    2.99794, renormalised to    3.00000
     Starting wfc are    4 randomized atomic wfcs +    2 random wfc

     total cpu time spent up to now is        0.2 secs

     per-process dynamical memory:     3.3 Mb

     Self-consistent Calculation

     iteration #  1     ecut=    16.00 Ry     beta=0.70
     Davidson diagonalization with overlap
     ethr =  1.00E-02,  avg # of iterations =  4.4

     Threshold (ethr) on eigenvalues was too large:
     Diagonalizing with lowered threshold

     Davidson diagonalization with overlap
     ethr =  1.95E-04,  avg # of iterations =  1.3

     total cpu time spent up to now is        0.3 secs

     total energy              =      -4.18750508 Ry
     Harris-Foulkes estimate   =      -4.18837650 Ry
     estimated scf accuracy    <       0.00584043 Ry

     iteration #  2     ecut=    16.00 Ry     beta=0.70
     Davidson diagonalization with overlap
     ethr =  1.95E-04,  avg # of iterations =  1.0

     total cpu time spent up to now is        0.3 secs

     total energy              =      -4.18749814 Ry
     Harris-Foulkes estimate   =      -4.18753353 Ry
     estimated scf accuracy    <       0.00044320 Ry

     iteration #  3     ecut=    16.00 Ry     beta=0.70
     Davidson diagonalization with overlap
     ethr =  1.48E-05,  avg # of iterations =  1.4

     total cpu time spent up to now is        0.3 secs

     total energy              =      -4.18750139 Ry
     Harris-Foulkes estimate   =      -4.18750131 Ry
     estimated scf accuracy    <       0.00000036 Ry

     iteration #  4     ecut=    16.00 Ry     beta=0.70
     Davidson diagonalization with overlap
     ethr =  1.20E-08,  avg # of iterations =  1.7

     total cpu time spent up to now is        0.4 secs

     total energy              =      -4.18750142 Ry
     Harris-Foulkes estimate   =      -4.18750142 Ry
     estimated scf accuracy    <          3.0E-09 Ry

     iteration #  5     ecut=    16.00 Ry     beta=0.70
     Davidson diagonalization with overlap
     ethr =  9.92E-11,  avg # of iterations =  1.6

     total cpu time spent up to now is        0.4 secs

     End of self-consistent calculation

          k =-0.0625 0.0625 0.0625 (   116 PWs)   bands (ev):

    -3.2162  18.6547  20.0854  20.0854  22.2667  22.2667

          k =-0.1875 0.1875-0.0625 (   121 PWs)   bands (ev):

    -2.6403  15.3253  17.4739  20.5947  22.4603  22.9494

          k =-0.3125 0.3125-0.1875 (   122 PWs)   bands (ev):

    -1.2126  10.6154  16.7447  19.9443  21.0463  22.5014

          k =-0.4375 0.4375-0.3125 (   120 PWs)   bands (ev):

     1.0311   6.4516  16.7571  19.0271  20.0785  20.6138

          k = 0.4375-0.4375 0.5625 (   116 PWs)   bands (ev):

     2.9541   4.0479  17.5031  17.8483  19.3639  20.7834

          k = 0.3125-0.3125 0.4375 (   120 PWs)   bands (ev):

     0.1957   7.7702  17.3595  18.8189  18.9855  22.2192

          k = 0.1875-0.1875 0.3125 (   123 PWs)   bands (ev):

    -1.7814  12.1422  17.5797  19.0011  21.1185  23.3025

          k = 0.0625-0.0625 0.1875 (   121 PWs)   bands (ev):

    -2.9280  17.0090  18.5052  19.6145  21.5731  23.6276

          k =-0.0625 0.3125 0.0625 (   123 PWs)   bands (ev):

    -2.3534  15.5176  17.0894  18.2880  20.5191  21.1404

          k =-0.1875 0.4375-0.0625 (   123 PWs)   bands (ev):

    -1.2122  12.5317  14.9025  17.9208  18.8983  21.4999

          k =-0.3125 0.5625-0.1875 (   118 PWs)   bands (ev):

     0.7541   8.2752  14.5827  15.6963  18.9261  23.5976

          k = 0.5625-0.3125 0.6875 (   120 PWs)   bands (ev):

     3.4919   4.5867  14.1273  15.1351  19.4875  22.2482

          k = 0.4375-0.1875 0.5625 (   120 PWs)   bands (ev):

     1.5842   6.9637  13.4038  16.3570  20.6973  21.5454

          k = 0.3125-0.0625 0.4375 (   122 PWs)   bands (ev):

    -0.6467  10.9961  13.5193  18.3185  21.2618  22.6153

          k = 0.1875 0.0625 0.3125 (   122 PWs)   bands (ev):

    -2.0672  13.8119  16.1064  20.0032  20.8996  22.5099

          k =-0.0625 0.5625 0.0625 (   126 PWs)   bands (ev):

    -0.3660  13.2180  14.6646  14.9579  16.0141  18.9765

          k =-0.1875 0.6875-0.0625 (   119 PWs)   bands (ev):

     1.3072  10.7127  12.0847  13.2476  17.1604  20.0265

          k = 0.6875-0.1875 0.8125 (   116 PWs)   bands (ev):

     3.7538   6.9552  10.3274  13.3935  17.7349  23.7029

          k = 0.5625-0.0625 0.6875 (   117 PWs)   bands (ev):

     3.7645   6.8459   9.4240  14.3799  18.8207  25.3260

          k = 0.4375 0.0625 0.5625 (   120 PWs)   bands (ev):

     1.3081   8.6666  11.2534  16.1155  20.5600  23.0982

          k = 0.3125 0.1875 0.4375 (   121 PWs)   bands (ev):

    -0.3649   9.3204  15.5769  18.5463  19.7410  22.7627

          k =-0.0625 0.8125 0.0625 (   116 PWs)   bands (ev):

     2.6729   9.2468  11.9419  13.7837  14.7006  17.8188

          k = 0.8125-0.0625 0.9375 (   116 PWs)   bands (ev):

     4.7433   7.2324   9.9645  12.4693  16.3926  19.3429

          k = 0.6875 0.0625 0.8125 (   116 PWs)   bands (ev):

     5.5238   6.6724   8.1088  13.1386  17.4853  23.5146

          k = 0.5625 0.1875 0.6875 (   117 PWs)   bands (ev):

     4.0301   5.1123  11.6253  14.6290  19.0526  23.6857

          k = 0.4375 0.3125 0.5625 (   119 PWs)   bands (ev):

     2.1345   5.3869  15.8190  16.8355  20.0118  21.1017

          k =-0.0625-0.9375 0.0625 (   116 PWs)   bands (ev):

     4.4808   6.9660  11.6796  13.5483  14.4363  17.5755

          k =-0.1875-0.8125-0.0625 (   117 PWs)   bands (ev):

     2.9437   9.4766  10.2481  12.7234  16.6497  19.5739

          k =-0.3125-0.6875-0.1875 (   117 PWs)   bands (ev):

     2.1330   7.4851  12.8594  13.9144  18.2246  23.9923

          k =-0.0625-0.6875 0.0625 (   122 PWs)   bands (ev):

     1.0303  11.8204  12.4738  14.2521  15.2260  18.2943

          k =-0.1875-0.5625-0.0625 (   122 PWs)   bands (ev):

    -0.0840  11.4987  13.8948  14.9714  17.9169  20.6790

          k =-0.0625-0.4375 0.0625 (   125 PWs)   bands (ev):

    -1.4961  14.2482  15.9049  17.0273  17.6956  19.8339

          k =-0.1875 0.1875 0.1875 (   122 PWs)   bands (ev):

    -2.3534  13.6575  19.0005  19.0005  22.3012  23.5559

          k =-0.3125 0.3125 0.0625 (   124 PWs)   bands (ev):

    -1.4969  12.2843  14.7391  20.5970  21.7663  22.6920

          k =-0.4375 0.4375-0.0625 (   121 PWs)   bands (ev):

     0.1957   9.7046  12.2790  18.3175  20.3562  23.2408

          k = 0.4375-0.4375 0.8125 (   121 PWs)   bands (ev):

     2.6810   5.9045  12.4006  16.6433  18.5574  23.5017

          k = 0.3125-0.3125 0.6875 (   117 PWs)   bands (ev):

     2.6799   5.9179  13.4002  15.6862  17.4697  24.4561

          k = 0.1875-0.1875 0.5625 (   118 PWs)   bands (ev):

     0.1964   9.8194  15.1671  15.4413  17.1053  22.5339

          k =-0.1875 0.4375 0.1875 (   123 PWs)   bands (ev):

    -0.9295  10.8575  16.3905  18.0128  18.1719  23.3103

          k =-0.3125 0.5625 0.0625 (   122 PWs)   bands (ev):

     0.4748   9.9600  12.5049  15.4486  20.3976  22.6497

          k = 0.5625-0.3125 0.9375 (   117 PWs)   bands (ev):

     2.6802   7.8856  10.4614  13.4439  21.6004  22.5295

          k = 0.4375-0.1875 0.8125 (   116 PWs)   bands (ev):

     4.5527   5.6457  11.0563  12.2311  20.4045  23.3484

          k = 0.3125-0.0625 0.6875 (   119 PWs)   bands (ev):

     1.8584   9.1795  11.6765  12.7446  19.6801  22.1898

          k =-0.1875 0.6875 0.1875 (   118 PWs)   bands (ev):

     1.5826   9.0327  12.3800  14.7298  16.3368  21.9000

          k = 0.6875-0.1875 1.0625 (   116 PWs)   bands (ev):

     3.4852   8.6490  10.0091  11.3454  19.1871  21.8003

          k = 0.5625-0.0625 0.9375 (   113 PWs)   bands (ev):

     6.0458   7.0929   8.5354   9.8388  21.7186  23.8130

          k = 0.4375 0.0625 0.8125 (   114 PWs)   bands (ev):

     4.2917   7.3641   9.8592  10.9897  21.9261  23.0255

          k =-0.1875-1.0625 0.1875 (   114 PWs)   bands (ev):

     5.0053   7.4605   8.3323  14.0222  15.5406  21.2349

          k =-0.3125-0.9375 0.0625 (   114 PWs)   bands (ev):

     5.2677   7.7295   8.4586  11.0447  18.9367  21.5936

          k =-0.1875-0.8125 0.1875 (   117 PWs)   bands (ev):

     3.2143   8.4893   9.8263  14.2578  15.8084  21.4592

          k =-0.3125 0.3125 0.3125 (   117 PWs)   bands (ev):

    -0.6459   9.0783  18.5565  18.5565  21.4844  21.4844

          k =-0.4375 0.4375 0.1875 (   119 PWs)   bands (ev):

     0.4753   8.0169  14.4028  18.5562  20.5026  21.5378

          k = 0.4375-0.4375 1.0625 (   121 PWs)   bands (ev):

     2.4082   7.6265  10.2165  16.4045  18.3318  25.2412

          k = 0.3125-0.3125 0.9375 (   118 PWs)   bands (ev):

     5.0942   6.0692   8.6295  14.9721  16.7197  25.7294

          k =-0.3125 0.5625 0.3125 (   117 PWs)   bands (ev):

     1.3088   6.7138  16.1450  16.4027  18.1520  23.2125

          k = 0.5625-0.3125 1.1875 (   116 PWs)   bands (ev):

     2.9529   6.1701  12.6045  13.7215  20.8083  21.9934

          k = 0.4375-0.1875 1.0625 (   112 PWs)   bands (ev):

     5.3498   6.3313   8.8819  11.9378  20.1798  24.8635

          k =-0.3125-1.1875 0.3125 (   117 PWs)   bands (ev):

     4.2862   5.3910  10.8541  15.2109  16.9752  25.8288

          k =-0.4375 0.4375 0.4375 (   120 PWs)   bands (ev):

     1.8603   5.1209  18.8016  18.8016  19.8166  19.8166

          k = 0.4375-0.4375 1.3125 (   118 PWs)   bands (ev):

     3.2245   4.3165  14.8941  17.1254  18.9640  22.0166

     the Fermi energy is     7.8535 ev

!    total energy              =      -4.18750142 Ry
     Harris-Foulkes estimate   =      -4.18750142 Ry
     estimated scf accuracy    <          1.1E-11 Ry

     The total energy is the sum of the following terms:

     one-electron contribution =       2.84763239 Ry
     hartree contribution      =       0.00905730 Ry
     xc contribution           =      -1.61474719 Ry
     ewald contribution        =      -5.42944195 Ry
     smearing contrib. (-TS)   =      -0.00000197 Ry

     convergence has been achieved in   5 iterations

     Writing output data file aluminum.save

  ++++++++++++++++++++++++++++++++++++++++++++++++++++++++++++++++++++++++++++
     Doing a non self-consistent calculation
  ++++++++++++++++++++++++++++++++++++++++++++++++++++++++++++++++++++++++++++


     Current dimensions of program PWSCF are:
     Max number of different atomic species (ntypx) = 10
     Max number of k-points (npk) =  40000
     Max angular momentum in pseudopotentials (lmaxx) =  3

   Info: using nr1, nr2, nr3 values from input

     G-vector sticks info
     --------------------
     sticks:   dense  smooth     PW     G-vecs:    dense   smooth      PW
     Sum         121     121     55                  941      941     283



     bravais-lattice index     =            2
     lattice parameter (alat)  =       7.6000  a.u.
     unit-cell volume          =     109.7440 (a.u.)^3
     number of atoms/cell      =            1
     number of atomic types    =            1
     number of electrons       =         3.00
     number of Kohn-Sham states=           12
     kinetic-energy cutoff     =      16.0000  Ry
     charge density cutoff     =      64.0000  Ry
     Exchange-correlation      =  SLA  PZ   NOGX NOGC ( 1  1  0  0 0 0)

     celldm(1)=   7.600000  celldm(2)=   0.000000  celldm(3)=   0.000000
     celldm(4)=   0.000000  celldm(5)=   0.000000  celldm(6)=   0.000000

     crystal axes: (cart. coord. in units of alat)
               a(1) = (  -0.500000   0.000000   0.500000 )  
               a(2) = (   0.000000   0.500000   0.500000 )  
               a(3) = (  -0.500000   0.500000   0.000000 )  

     reciprocal axes: (cart. coord. in units 2 pi/alat)
               b(1) = ( -1.000000 -1.000000  1.000000 )  
               b(2) = (  1.000000  1.000000  1.000000 )  
               b(3) = ( -1.000000  1.000000 -1.000000 )  


     PseudoPot. # 1 for Al read from file:
     /home/espresso/espresso-5.4.0/pseudo/Al.pz-vbc.UPF
     MD5 check sum: 614279c88ff8d45c90147292d03ed420
     Pseudo is Norm-conserving, Zval =  3.0
     Generated by new atomic code, or converted to UPF format
     Using radial grid of  171 points,  2 beta functions with: 
                l(1) =   0
                l(2) =   1

     atomic species   valence    mass     pseudopotential
        Al             3.00    26.98154     Al( 1.00)

     48 Sym. Ops., with inversion, found



   Cartesian axes

     site n.     atom                  positions (alat units)
         1           Al  tau(   1) = (   0.0000000   0.0000000   0.0000000  )

     number of k points=  9800  Methfessel-Paxton smearing, width (Ry)=  0.0200

     Number of k-points >= 100: set verbosity='high' to print them.

     Dense  grid:      941 G-vectors     FFT dimensions: (  15,  15,  15)

     Largest allocated arrays     est. size (Mb)     dimensions
        Kohn-Sham Wavefunctions         0.02 Mb     (     129,   12)
        NL pseudopotentials             0.01 Mb     (     129,    4)
        Each V/rho on FFT grid          0.05 Mb     (    3375)
        Each G-vector array             0.01 Mb     (     941)
        G-vector shells                 0.00 Mb     (      33)
     Largest temporary arrays     est. size (Mb)     dimensions
        Auxiliary wavefunctions         0.09 Mb     (     129,   48)
        Each subspace H/S matrix        0.04 Mb     (      48,   48)
        Each <psi_i|beta_j> matrix      0.00 Mb     (       4,   12)

     The potential is recalculated from file :
     /home/espresso/espresso-5.4.0/tempdir//g1/aluminum.save/charge-density.dat

     Starting wfc are    4 randomized atomic wfcs +    8 random wfc

     Band Structure Calculation
     Davidson diagonalization with overlap

     ethr =  3.33E-12,  avg # of iterations = 15.3

     total cpu time spent up to now is       80.8 secs

     End of band structure calculation

     Number of k-points >= 100: set verbosity='high' to print the bands.

     the Fermi energy is     7.8871 ev

     Writing output data file aluminum.save

   Info: using nr1, nr2, nr3 values from input

   Info: using nr1, nr2, nr3 values from input

     IMPORTANT: XC functional enforced from input :
     Exchange-correlation      =  SLA  PZ   NOGX NOGC ( 1  1  0  0 0 0)
     Any further DFT definition will be discarded
     Please, verify this is what you really want


     G-vector sticks info
     --------------------
     sticks:   dense  smooth     PW     G-vecs:    dense   smooth      PW
     Sum         121     121     55                  941      941     283


     Broadening (default values): ngauss,degauss=   0    0.010000 Ry


     Delta e=     0.00000950, ndos=    224367
     Computing point number      10000 /    224367
     Computing point number      20000 /    224367
     Computing point number      30000 /    224367
     Computing point number      40000 /    224367
     Computing point number      50000 /    224367
     Computing point number      60000 /    224367
     Computing point number      70000 /    224367
     Computing point number      80000 /    224367
     Computing point number      90000 /    224367
     Computing point number     100000 /    224367
     Computing point number     110000 /    224367
     Computing point number     120000 /    224367
     Computing point number     130000 /    224367
     Computing point number     140000 /    224367
     Computing point number     150000 /    224367
     Computing point number     160000 /    224367
     Computing point number     170000 /    224367
     Computing point number     180000 /    224367
     Computing point number     190000 /    224367
     Computing point number     200000 /    224367
     Computing point number     210000 /    224367
     Computing point number     220000 /    224367

     Fermi energy from nscf run         7.88709833 eV

     Fermi energy with dos parameters   7.88662268 eV

  ++++++++++++++++++++++++++++++++++++++++++++++++++++++++++++++++++++++++++++
     Computing the thermodynamic properties from electron dos
     Writing on file output_therm.dat
  ++++++++++++++++++++++++++++++++++++++++++++++++++++++++++++++++++++++++++++


     Chemical potential (mu) at T=      1.00000 K  =   7.88663068  eV

     Density of states (g) at mu =         0.41129431  states/(eV cell)

     Derivative of the dos (g') at mu =    0.06483057  states/(eV^2 cell)

     g'/g at mu =                          0.15762575  eV^(-1)

     THERMO_PW    :  4m12.82s CPU     4m20.07s WALL


   This run was terminated on:  19: 9:59  27Apr2016            

=------------------------------------------------------------------------------=
   JOB DONE.
=------------------------------------------------------------------------------=
