
     Program THERMO_PW v.5.0.2 starts on 22Jan2014 at 14:54: 6 

     This program is part of the open-source Quantum ESPRESSO suite
     for quantum simulation of materials; please cite
         "P. Giannozzi et al., J. Phys.:Condens. Matter 21 395502 (2009);
          URL http://www.quantum-espresso.org", 
     in publications or presentations arising from this work. More details at
     http://www.quantum-espresso.org/quote

     Parallel version (MPI), running on     8 processors
     path-images division:  nimage    =       4
     R & G space division:  proc/nbgrp/npool/nimage =       2
     Reading input from _temporary_1
     Message from routine read_cards :
     DEPRECATED: no units specified in ATOMIC_POSITIONS card
     Message from routine read_cards :
     ATOMIC_POSITIONS: units set to alat
               file Cu.pz-dn-rrkjus_psl.1.0.0.UPF: wavefunction(s)  3D renormalized

  ++++++++++++++++++++++++++++++++++++++++++++++++++++++++++++++++++++++++++++
     I am the master and now I do geometry    4
  ++++++++++++++++++++++++++++++++++++++++++++++++++++++++++++++++++++++++++++


     Subspace diagonalization in iterative solution of the eigenvalue problem:
     a serial algorithm will be used


     Parallelization info
     --------------------
     sticks:   dense  smooth     PW     G-vecs:    dense   smooth      PW
     Min         237     219     75                 3438     3111     569
     Max         238     220     76                 3441     3120     570
     Sum         475     439    151                 6879     6231    1139



     bravais-lattice index     =            2
     lattice parameter (alat)  =       6.8200  a.u.
     unit-cell volume          =      79.3036 (a.u.)^3
     number of atoms/cell      =            1
     number of atomic types    =            1
     number of electrons       =        11.00
     number of Kohn-Sham states=           10
     kinetic-energy cutoff     =      70.0000  Ry
     charge density cutoff     =     300.0000  Ry
     convergence threshold     =      1.0E-08
     mixing beta               =       0.7000
     number of iterations used =            8  plain     mixing
     Exchange-correlation      = LDA ( 1  1  0  0 0)

     celldm(1)=   6.820000  celldm(2)=   0.000000  celldm(3)=   0.000000
     celldm(4)=   0.000000  celldm(5)=   0.000000  celldm(6)=   0.000000

     crystal axes: (cart. coord. in units of alat)
               a(1) = (  -0.500000   0.000000   0.500000 )  
               a(2) = (   0.000000   0.500000   0.500000 )  
               a(3) = (  -0.500000   0.500000   0.000000 )  

     reciprocal axes: (cart. coord. in units 2 pi/alat)
               b(1) = ( -1.000000 -1.000000  1.000000 )  
               b(2) = (  1.000000  1.000000  1.000000 )  
               b(3) = ( -1.000000  1.000000 -1.000000 )  


     PseudoPot. # 1 for Cu read from file:
     /scratch/dalcorso_sissa/espresso_jan_2014/pseudo/Cu.pz-dn-rrkjus_psl.1.0.0.UPF
     MD5 check sum: 64f2241cbf5aa7cdd90c4d83e4a3fe91
     Pseudo is Ultrasoft + core correction, Zval = 11.0
     Generated using "atomic" code by A. Dal Corso  v.5.0.2 svn rev. 10278M
     Using radial grid of 1199 points,  6 beta functions with: 
                l(1) =   0
                l(2) =   0
                l(3) =   1
                l(4) =   1
                l(5) =   2
                l(6) =   2
     Q(r) pseudized with 0 coefficients 


     atomic species   valence    mass     pseudopotential
        Cu            11.00    63.54600     Cu( 1.00)

     48 Sym. Ops., with inversion, found



   Cartesian axes

     site n.     atom                  positions (alat units)
         1           Cu  tau(   1) = (   0.0000000   0.0000000   0.0000000  )

     number of k points=    10  Methfessel-Paxton smearing, width (Ry)=  0.0200
                       cart. coord. in units 2pi/alat
        k(    1) = (  -0.1250000   0.1250000   0.1250000), wk =   0.0625000
        k(    2) = (  -0.3750000   0.3750000  -0.1250000), wk =   0.1875000
        k(    3) = (   0.3750000  -0.3750000   0.6250000), wk =   0.1875000
        k(    4) = (   0.1250000  -0.1250000   0.3750000), wk =   0.1875000
        k(    5) = (  -0.1250000   0.6250000   0.1250000), wk =   0.1875000
        k(    6) = (   0.6250000  -0.1250000   0.8750000), wk =   0.3750000
        k(    7) = (   0.3750000   0.1250000   0.6250000), wk =   0.3750000
        k(    8) = (  -0.1250000  -0.8750000   0.1250000), wk =   0.1875000
        k(    9) = (  -0.3750000   0.3750000   0.3750000), wk =   0.0625000
        k(   10) = (   0.3750000  -0.3750000   1.1250000), wk =   0.1875000

     Dense  grid:     6879 G-vectors     FFT dimensions: (  27,  27,  27)

     Smooth grid:     6231 G-vectors     FFT dimensions: (  25,  25,  25)

     Largest allocated arrays     est. size (Mb)     dimensions
        Kohn-Sham Wavefunctions         0.06 Mb     (     401,   10)
        NL pseudopotentials             0.11 Mb     (     401,   18)
        Each V/rho on FFT grid          0.16 Mb     (   10206)
        Each G-vector array             0.03 Mb     (    3441)
        G-vector shells                 0.00 Mb     (     120)
     Largest temporary arrays     est. size (Mb)     dimensions
        Auxiliary wavefunctions         0.24 Mb     (     401,   40)
        Each subspace H/S matrix        0.02 Mb     (      40,   40)
        Each <psi_i|beta_j> matrix      0.00 Mb     (      18,   10)
        Arrays for rho mixing           1.25 Mb     (   10206,    8)

     Initial potential from superposition of free atoms

     starting charge   10.99983, renormalised to   11.00000
     Starting wfc are    9 randomized atomic wfcs +    1 random wfc

     total cpu time spent up to now is        1.5 secs

     per-process dynamical memory:     9.2 Mb

     Self-consistent Calculation

     iteration #  1     ecut=    70.00 Ry     beta=0.70
     Davidson diagonalization with overlap
     ethr =  1.00E-02,  avg # of iterations =  3.7

     Threshold (ethr) on eigenvalues was too large:
     Diagonalizing with lowered threshold

     Davidson diagonalization with overlap
     ethr =  6.53E-04,  avg # of iterations =  1.0

     total cpu time spent up to now is        2.2 secs

     total energy              =    -122.30193767 Ry
     Harris-Foulkes estimate   =    -122.35967936 Ry
     estimated scf accuracy    <       0.07163590 Ry

     iteration #  2     ecut=    70.00 Ry     beta=0.70
     Davidson diagonalization with overlap
     ethr =  6.51E-04,  avg # of iterations =  2.0

     total cpu time spent up to now is        2.5 secs

     total energy              =    -122.30451739 Ry
     Harris-Foulkes estimate   =    -122.40874549 Ry
     estimated scf accuracy    <       0.27295866 Ry

     iteration #  3     ecut=    70.00 Ry     beta=0.70
     Davidson diagonalization with overlap
     ethr =  6.51E-04,  avg # of iterations =  2.2

     total cpu time spent up to now is        2.9 secs

     total energy              =    -122.34571235 Ry
     Harris-Foulkes estimate   =    -122.34584225 Ry
     estimated scf accuracy    <       0.00031830 Ry

     iteration #  4     ecut=    70.00 Ry     beta=0.70
     Davidson diagonalization with overlap
     ethr =  2.89E-06,  avg # of iterations =  2.2

     total cpu time spent up to now is        3.3 secs

     total energy              =    -122.34579600 Ry
     Harris-Foulkes estimate   =    -122.34580101 Ry
     estimated scf accuracy    <       0.00001378 Ry

     iteration #  5     ecut=    70.00 Ry     beta=0.70
     Davidson diagonalization with overlap
     ethr =  1.25E-07,  avg # of iterations =  1.6

     total cpu time spent up to now is        3.6 secs

     total energy              =    -122.34579897 Ry
     Harris-Foulkes estimate   =    -122.34579902 Ry
     estimated scf accuracy    <       0.00000012 Ry

     iteration #  6     ecut=    70.00 Ry     beta=0.70
     Davidson diagonalization with overlap
     ethr =  1.09E-09,  avg # of iterations =  2.6

     total cpu time spent up to now is        4.0 secs

     End of self-consistent calculation

          k =-0.1250 0.1250 0.1250 (   785 PWs)   bands (ev):

     3.4244   9.1701   9.3782   9.3782  10.0984  10.0984  31.1981  35.8724
    36.3329  36.3329

          k =-0.3750 0.3750-0.1250 (   789 PWs)   bands (ev):

     6.0585   8.8813   9.3294   9.5716  10.0696  10.7964  23.1882  28.5672
    35.9968  36.3144

          k = 0.3750-0.3750 0.6250 (   787 PWs)   bands (ev):

     7.4359   9.0475   9.4408   9.6278  10.7253  12.4419  16.7334  29.8249
    31.5247  33.2022

          k = 0.1250-0.1250 0.3750 (   794 PWs)   bands (ev):

     4.8439   8.8458   9.4984   9.6136  10.0039  10.3342  27.2265  31.7482
    33.2700  35.6068

          k =-0.1250 0.6250 0.1250 (   786 PWs)   bands (ev):

     6.9554   8.3550   9.4660  10.0569  10.6333  10.8954  24.2447  27.4960
    28.1737  31.9326

          k = 0.6250-0.1250 0.8750 (   776 PWs)   bands (ev):

     8.1029   8.3689   9.1749  10.1543  10.7384  15.6432  18.6748  22.0793
    24.3011  35.6782

          k = 0.3750 0.1250 0.6250 (   786 PWs)   bands (ev):

     7.6344   8.6848   9.0010   9.8445  10.4754  12.1772  20.3029  25.7789
    28.7011  36.2927

          k =-0.1250-0.8750 0.1250 (   777 PWs)   bands (ev):

     7.5672   8.0106  10.2032  10.4876  10.7982  13.6005  21.0644  22.5281
    26.1567  31.1628

          k =-0.3750 0.3750 0.3750 (   778 PWs)   bands (ev):

     6.7125   9.3198   9.3198   9.6792  10.5464  10.5464  19.1949  34.2064
    34.4447  34.4447

          k = 0.3750-0.3750 1.1250 (   782 PWs)   bands (ev):

     8.0846   8.6162   9.1269   9.8389  10.5230  14.4471  17.5491  23.2873
    29.9636  32.6972

     the Fermi energy is    12.2789 ev

!    total energy              =    -122.34579905 Ry
     Harris-Foulkes estimate   =    -122.34579906 Ry
     estimated scf accuracy    <          2.7E-09 Ry

     The total energy is the sum of the following terms:

     one-electron contribution =     -27.64695361 Ry
     hartree contribution      =      30.49181491 Ry
     xc contribution           =     -43.84556570 Ry
     ewald contribution        =     -81.34432712 Ry
     smearing contrib. (-TS)   =      -0.00076752 Ry

     convergence has been achieved in   6 iterations

     Writing output data file copper.save

  ++++++++++++++++++++++++++++++++++++++++++++++++++++++++++++++++++++++++++++
     I am the master and now I do geometry    7
  ++++++++++++++++++++++++++++++++++++++++++++++++++++++++++++++++++++++++++++


     Parallelization info
     --------------------
     sticks:   dense  smooth     PW     G-vecs:    dense   smooth      PW
     Min         237     237     99                 3438     3438     917
     Max         238     238    100                 3441     3441     920
     Sum         475     475    199                 6879     6879    1837



     bravais-lattice index     =            2
     lattice parameter (alat)  =       6.8200  a.u.
     unit-cell volume          =      79.3036 (a.u.)^3
     number of atoms/cell      =            1
     number of atomic types    =            1
     number of electrons       =        11.00
     number of Kohn-Sham states=           10
     kinetic-energy cutoff     =     100.0000  Ry
     charge density cutoff     =     300.0000  Ry
     convergence threshold     =      1.0E-08
     mixing beta               =       0.7000
     number of iterations used =            8  plain     mixing
     Exchange-correlation      = LDA ( 1  1  0  0 0)

     celldm(1)=   6.820000  celldm(2)=   0.000000  celldm(3)=   0.000000
     celldm(4)=   0.000000  celldm(5)=   0.000000  celldm(6)=   0.000000

     crystal axes: (cart. coord. in units of alat)
               a(1) = (  -0.500000   0.000000   0.500000 )  
               a(2) = (   0.000000   0.500000   0.500000 )  
               a(3) = (  -0.500000   0.500000   0.000000 )  

     reciprocal axes: (cart. coord. in units 2 pi/alat)
               b(1) = ( -1.000000 -1.000000  1.000000 )  
               b(2) = (  1.000000  1.000000  1.000000 )  
               b(3) = ( -1.000000  1.000000 -1.000000 )  


     PseudoPot. # 1 for Cu read from file:
     /scratch/dalcorso_sissa/espresso_jan_2014/pseudo/Cu.pz-dn-rrkjus_psl.1.0.0.UPF
     MD5 check sum: 64f2241cbf5aa7cdd90c4d83e4a3fe91
     Pseudo is Ultrasoft + core correction, Zval = 11.0
     Generated using "atomic" code by A. Dal Corso  v.5.0.2 svn rev. 10278M
     Using radial grid of 1199 points,  6 beta functions with: 
                l(1) =   0
                l(2) =   0
                l(3) =   1
                l(4) =   1
                l(5) =   2
                l(6) =   2
     Q(r) pseudized with 0 coefficients 


     atomic species   valence    mass     pseudopotential
        Cu            11.00    63.54600     Cu( 1.00)

     48 Sym. Ops., with inversion, found



   Cartesian axes

     site n.     atom                  positions (alat units)
         1           Cu  tau(   1) = (   0.0000000   0.0000000   0.0000000  )

     number of k points=    10  Methfessel-Paxton smearing, width (Ry)=  0.0200
                       cart. coord. in units 2pi/alat
        k(    1) = (  -0.1250000   0.1250000   0.1250000), wk =   0.0625000
        k(    2) = (  -0.3750000   0.3750000  -0.1250000), wk =   0.1875000
        k(    3) = (   0.3750000  -0.3750000   0.6250000), wk =   0.1875000
        k(    4) = (   0.1250000  -0.1250000   0.3750000), wk =   0.1875000
        k(    5) = (  -0.1250000   0.6250000   0.1250000), wk =   0.1875000
        k(    6) = (   0.6250000  -0.1250000   0.8750000), wk =   0.3750000
        k(    7) = (   0.3750000   0.1250000   0.6250000), wk =   0.3750000
        k(    8) = (  -0.1250000  -0.8750000   0.1250000), wk =   0.1875000
        k(    9) = (  -0.3750000   0.3750000   0.3750000), wk =   0.0625000
        k(   10) = (   0.3750000  -0.3750000   1.1250000), wk =   0.1875000

     Dense  grid:     6879 G-vectors     FFT dimensions: (  27,  27,  27)

     Largest allocated arrays     est. size (Mb)     dimensions
        Kohn-Sham Wavefunctions         0.10 Mb     (     677,   10)
        NL pseudopotentials             0.19 Mb     (     677,   18)
        Each V/rho on FFT grid          0.16 Mb     (   10206)
        Each G-vector array             0.03 Mb     (    3441)
        G-vector shells                 0.00 Mb     (     120)
     Largest temporary arrays     est. size (Mb)     dimensions
        Auxiliary wavefunctions         0.41 Mb     (     677,   40)
        Each subspace H/S matrix        0.02 Mb     (      40,   40)
        Each <psi_i|beta_j> matrix      0.00 Mb     (      18,   10)
        Arrays for rho mixing           1.25 Mb     (   10206,    8)

     Initial potential from superposition of free atoms

     starting charge   10.99983, renormalised to   11.00000
     Starting wfc are    9 randomized atomic wfcs +    1 random wfc

     total cpu time spent up to now is        5.2 secs

     per-process dynamical memory:    12.4 Mb

     Self-consistent Calculation

     iteration #  1     ecut=   100.00 Ry     beta=0.70
     Davidson diagonalization with overlap
     ethr =  1.09E-09,  avg # of iterations = 11.6

     total cpu time spent up to now is        6.8 secs

     total energy              =    -122.30207339 Ry
     Harris-Foulkes estimate   =    -122.36002356 Ry
     estimated scf accuracy    <       0.07188432 Ry

     iteration #  2     ecut=   100.00 Ry     beta=0.70
     Davidson diagonalization with overlap
     ethr =  6.53E-04,  avg # of iterations =  2.0

     total cpu time spent up to now is        7.4 secs

     total energy              =    -122.30468734 Ry
     Harris-Foulkes estimate   =    -122.40933384 Ry
     estimated scf accuracy    <       0.27410376 Ry

     iteration #  3     ecut=   100.00 Ry     beta=0.70
     Davidson diagonalization with overlap
     ethr =  6.53E-04,  avg # of iterations =  2.0

     total cpu time spent up to now is        8.0 secs

     total energy              =    -122.34601289 Ry
     Harris-Foulkes estimate   =    -122.34614728 Ry
     estimated scf accuracy    <       0.00032904 Ry

     iteration #  4     ecut=   100.00 Ry     beta=0.70
     Davidson diagonalization with overlap
     ethr =  2.99E-06,  avg # of iterations =  1.8

     total cpu time spent up to now is        8.6 secs

     total energy              =    -122.34610507 Ry
     Harris-Foulkes estimate   =    -122.34611025 Ry
     estimated scf accuracy    <       0.00001414 Ry

     iteration #  5     ecut=   100.00 Ry     beta=0.70
     Davidson diagonalization with overlap
     ethr =  1.29E-07,  avg # of iterations =  1.7

     total cpu time spent up to now is        9.1 secs

     total energy              =    -122.34610812 Ry
     Harris-Foulkes estimate   =    -122.34610820 Ry
     estimated scf accuracy    <       0.00000017 Ry

     iteration #  6     ecut=   100.00 Ry     beta=0.70
     Davidson diagonalization with overlap
     ethr =  1.56E-09,  avg # of iterations =  2.5

     total cpu time spent up to now is        9.7 secs

     End of self-consistent calculation

          k =-0.1250 0.1250 0.1250 (  1351 PWs)   bands (ev):

     3.4245   9.1693   9.3774   9.3774  10.0975  10.0975  31.1979  35.8724
    36.3327  36.3327

          k =-0.3750 0.3750-0.1250 (  1346 PWs)   bands (ev):

     6.0585   8.8806   9.3286   9.5708  10.0688  10.7956  23.1881  28.5672
    35.9968  36.3143

          k = 0.3750-0.3750 0.6250 (  1344 PWs)   bands (ev):

     7.4354   9.0468   9.4400   9.6272  10.7244  12.4416  16.7333  29.8248
    31.5247  33.2021

          k = 0.1250-0.1250 0.3750 (  1344 PWs)   bands (ev):

     4.8440   8.8451   9.4976   9.6129  10.0031  10.3333  27.2264  31.7482
    33.2697  35.6066

          k =-0.1250 0.6250 0.1250 (  1334 PWs)   bands (ev):

     6.9552   8.3543   9.4653  10.0560  10.6324  10.8947  24.2447  27.4959
    28.1737  31.9323

          k = 0.6250-0.1250 0.8750 (  1338 PWs)   bands (ev):

     8.1022   8.3681   9.1742  10.1535  10.7375  15.6431  18.6747  22.0793
    24.3011  35.6779

          k = 0.3750 0.1250 0.6250 (  1343 PWs)   bands (ev):

     7.6340   8.6841   9.0002   9.8437  10.4745  12.1768  20.3029  25.7789
    28.7011  36.2926

          k =-0.1250-0.8750 0.1250 (  1341 PWs)   bands (ev):

     7.5665   8.0100  10.2025  10.4867  10.7973  13.6004  21.0642  22.5281
    26.1568  31.1624

          k =-0.3750 0.3750 0.3750 (  1344 PWs)   bands (ev):

     6.7122   9.3190   9.3190   9.6788  10.5455  10.5455  19.1948  34.2064
    34.4447  34.4447

          k = 0.3750-0.3750 1.1250 (  1339 PWs)   bands (ev):

     8.0840   8.6155   9.1262   9.8381  10.5222  14.4468  17.5490  23.2873
    29.9636  32.6970

     the Fermi energy is    12.2785 ev

!    total energy              =    -122.34610821 Ry
     Harris-Foulkes estimate   =    -122.34610821 Ry
     estimated scf accuracy    <          8.5E-09 Ry

     The total energy is the sum of the following terms:

     one-electron contribution =     -27.64682922 Ry
     hartree contribution      =      30.49110407 Ry
     xc contribution           =     -43.84528927 Ry
     ewald contribution        =     -81.34432712 Ry
     smearing contrib. (-TS)   =      -0.00076667 Ry

     convergence has been achieved in   6 iterations

     Writing output data file copper.save
 nkeden            1 output_keconv.dat
 openingoutput_keconv.dat

     THERMO_PW    :    15.95s CPU        16.11s WALL


   This run was terminated on:  14:54:22  22Jan2014            

=------------------------------------------------------------------------------=
   JOB DONE.
=------------------------------------------------------------------------------=
