
     Program THERMO_PW v.6.8 starts on 11Aug2021 at 18:48:46 

     This program is part of the open-source Quantum ESPRESSO suite
     for quantum simulation of materials; please cite
         "P. Giannozzi et al., J. Phys.:Condens. Matter 21 395502 (2009);
         "P. Giannozzi et al., J. Phys.:Condens. Matter 29 465901 (2017);
         "P. Giannozzi et al., J. Chem. Phys. 152 154105 (2020);
          URL http://www.quantum-espresso.org", 
     in publications or presentations arising from this work. More details at
     http://www.quantum-espresso.org/quote

     Parallel version (MPI), running on    12 processors

     MPI processes distributed on     1 nodes
     K-points division:     npool     =       4
     R & G space division:  proc/nbgrp/npool/nimage =       3
     4923 MiB available memory on the printing compute node when the environment starts

     Reading input from _temporary_1

   Info: using nr1, nr2, nr3 values from input

   Info: using nr1, nr2, nr3 values from input

   Info: using nr1, nr2, nr3 values from input


     Doing a single scf calculation

     FFT mesh: (   24,   24,   24 )

     Bravais lattice:

     ibrav=  2: face centered cubic
     Cell parameters:

     alat=  10.200000 a.u.


     Starting primitive lattice vectors:
     crystal axes: (cart. coord. in units of alat)

               a(1) = (  -0.500000   0.000000   0.500000 )  
               a(2) = (   0.000000   0.500000   0.500000 )  
               a(3) = (  -0.500000   0.500000   0.000000 )  

     Starting reciprocal lattice vectors:
     reciprocal axes: (cart. coord. in units 2 pi/alat)

               b(1) = ( -1.000000 -1.000000  1.000000 )  
               b(2) = (  1.000000  1.000000  1.000000 )  
               b(3) = ( -1.000000  1.000000 -1.000000 )  

     Starting atomic positions in Cartesian axes:

     site n.     atom                  positions (alat units)
         1           Si  tau(   1) = (   0.0000000   0.0000000   0.0000000  )
         2           Si  tau(   2) = (   0.2500000   0.2500000   0.2500000  )

     Starting atomic positions in crystallographic axes:

     site n.     atom                  positions (cryst. coord.)
         1           Si  tau(   1) = (  0.0000000  0.0000000  0.0000000  )
         2           Si  tau(   2) = ( -0.2500000  0.7500000 -0.2500000  )

     The point group 136 O_h (m-3m) is compatible with the Bravais lattice.

     The rotation matrices with the order used inside thermo_pw are:

     48 Sym. Ops., with inversion, found (24 have fractional translation)


                          s                  frac. trans.

      isym =  1     identity                                     

 cryst.   s( 1) = (  1    0    0   )
                  (  0    1    0   )
                  (  0    0    1   )

 cart.    s( 1) = (  1.000  0.000  0.000 )
                  (  0.000  1.000  0.000 )
                  (  0.000  0.000  1.000 )


      isym =  2     180 deg rotation - cart. axis [0,0,1]        

 cryst.   s( 2) = (  0    1   -1   )
                  (  1    0   -1   )
                  (  0    0   -1   )

 cart.    s( 2) = ( -1.000  0.000  0.000 )
                  (  0.000 -1.000  0.000 )
                  (  0.000  0.000  1.000 )


      isym =  3     180 deg rotation - cart. axis [0,1,0]        

 cryst.   s( 3) = ( -1    0    0   )
                  ( -1    0    1   )
                  ( -1    1    0   )

 cart.    s( 3) = ( -1.000  0.000  0.000 )
                  (  0.000  1.000  0.000 )
                  (  0.000  0.000 -1.000 )


      isym =  4     180 deg rotation - cart. axis [1,0,0]        

 cryst.   s( 4) = (  0   -1    1   )
                  (  0   -1    0   )
                  (  1   -1    0   )

 cart.    s( 4) = (  1.000  0.000  0.000 )
                  (  0.000 -1.000  0.000 )
                  (  0.000  0.000 -1.000 )


      isym =  5     180 deg rotation - cart. axis [1,1,0]        

 cryst.   s( 5) = (  0     -1      0     )    f =(   0.2500 )
                  ( -1      0      0     )       (   0.2500 )
                  (  0      0     -1     )       (   0.2500 )

 cart.    s( 5) = (  0.000  1.000  0.000 )    f =(  -0.2500 )
                  (  1.000  0.000  0.000 )       (   0.2500 )
                  (  0.000  0.000 -1.000 )       (   0.2500 )


      isym =  6     180 deg rotation - cart. axis [1,-1,0]       

 cryst.   s( 6) = ( -1      0      1     )    f =(   0.2500 )
                  (  0     -1      1     )       (   0.2500 )
                  (  0      0      1     )       (   0.2500 )

 cart.    s( 6) = (  0.000 -1.000  0.000 )    f =(  -0.2500 )
                  ( -1.000  0.000  0.000 )       (   0.2500 )
                  (  0.000  0.000 -1.000 )       (   0.2500 )


      isym =  7      90 deg rotation - cart. axis [0,0,-1]       

 cryst.   s( 7) = (  0      1      0     )    f =(   0.2500 )
                  (  0      1     -1     )       (   0.2500 )
                  ( -1      1      0     )       (   0.2500 )

 cart.    s( 7) = (  0.000  1.000  0.000 )    f =(  -0.2500 )
                  ( -1.000  0.000  0.000 )       (   0.2500 )
                  (  0.000  0.000  1.000 )       (   0.2500 )


      isym =  8      90 deg rotation - cart. axis [0,0,1]        

 cryst.   s( 8) = (  1      0     -1     )    f =(   0.2500 )
                  (  1      0      0     )       (   0.2500 )
                  (  1     -1      0     )       (   0.2500 )

 cart.    s( 8) = (  0.000 -1.000  0.000 )    f =(  -0.2500 )
                  (  1.000  0.000  0.000 )       (   0.2500 )
                  (  0.000  0.000  1.000 )       (   0.2500 )


      isym =  9     180 deg rotation - cart. axis [1,0,1]        

 cryst.   s( 9) = ( -1      0      0     )    f =(   0.2500 )
                  (  0      0     -1     )       (   0.2500 )
                  (  0     -1      0     )       (   0.2500 )

 cart.    s( 9) = (  0.000  0.000  1.000 )    f =(  -0.2500 )
                  (  0.000 -1.000  0.000 )       (   0.2500 )
                  (  1.000  0.000  0.000 )       (   0.2500 )


      isym = 10     180 deg rotation - cart. axis [-1,0,1]       

 cryst.   s(10) = (  1      0      0     )    f =(   0.2500 )
                  (  1     -1      0     )       (   0.2500 )
                  (  1      0     -1     )       (   0.2500 )

 cart.    s(10) = (  0.000  0.000 -1.000 )    f =(  -0.2500 )
                  (  0.000 -1.000  0.000 )       (   0.2500 )
                  ( -1.000  0.000  0.000 )       (   0.2500 )


      isym = 11      90 deg rotation - cart. axis [0,1,0]        

 cryst.   s(11) = (  0      1     -1     )    f =(   0.2500 )
                  ( -1      1      0     )       (   0.2500 )
                  (  0      1      0     )       (   0.2500 )

 cart.    s(11) = (  0.000  0.000  1.000 )    f =(  -0.2500 )
                  (  0.000  1.000  0.000 )       (   0.2500 )
                  ( -1.000  0.000  0.000 )       (   0.2500 )


      isym = 12      90 deg rotation - cart. axis [0,-1,0]       

 cryst.   s(12) = (  0     -1      1     )    f =(   0.2500 )
                  (  0      0      1     )       (   0.2500 )
                  ( -1      0      1     )       (   0.2500 )

 cart.    s(12) = (  0.000  0.000 -1.000 )    f =(  -0.2500 )
                  (  0.000  1.000  0.000 )       (   0.2500 )
                  (  1.000  0.000  0.000 )       (   0.2500 )


      isym = 13     180 deg rotation - cart. axis [0,1,1]        

 cryst.   s(13) = ( -1      1      0     )    f =(   0.2500 )
                  (  0      1      0     )       (   0.2500 )
                  (  0      1     -1     )       (   0.2500 )

 cart.    s(13) = ( -1.000  0.000  0.000 )    f =(  -0.2500 )
                  (  0.000  0.000  1.000 )       (   0.2500 )
                  (  0.000  1.000  0.000 )       (   0.2500 )


      isym = 14     180 deg rotation - cart. axis [0,1,-1]       

 cryst.   s(14) = (  0      0     -1     )    f =(   0.2500 )
                  (  0     -1      0     )       (   0.2500 )
                  ( -1      0      0     )       (   0.2500 )

 cart.    s(14) = ( -1.000  0.000  0.000 )    f =(  -0.2500 )
                  (  0.000  0.000 -1.000 )       (   0.2500 )
                  (  0.000 -1.000  0.000 )       (   0.2500 )


      isym = 15      90 deg rotation - cart. axis [-1,0,0]       

 cryst.   s(15) = (  0      0      1     )    f =(   0.2500 )
                  ( -1      0      1     )       (   0.2500 )
                  (  0     -1      1     )       (   0.2500 )

 cart.    s(15) = (  1.000  0.000  0.000 )    f =(  -0.2500 )
                  (  0.000  0.000  1.000 )       (   0.2500 )
                  (  0.000 -1.000  0.000 )       (   0.2500 )


      isym = 16      90 deg rotation - cart. axis [1,0,0]        

 cryst.   s(16) = (  1     -1      0     )    f =(   0.2500 )
                  (  1      0     -1     )       (   0.2500 )
                  (  1      0      0     )       (   0.2500 )

 cart.    s(16) = (  1.000  0.000  0.000 )    f =(  -0.2500 )
                  (  0.000  0.000 -1.000 )       (   0.2500 )
                  (  0.000  1.000  0.000 )       (   0.2500 )


      isym = 17     120 deg rotation - cart. axis [-1,-1,-1]     

 cryst.   s(17) = ( -1    0    1   )
                  ( -1    1    0   )
                  ( -1    0    0   )

 cart.    s(17) = (  0.000  1.000  0.000 )
                  (  0.000  0.000  1.000 )
                  (  1.000  0.000  0.000 )


      isym = 18     120 deg rotation - cart. axis [-1,1,1]       

 cryst.   s(18) = (  0    1    0   )
                  (  0    0    1   )
                  (  1    0    0   )

 cart.    s(18) = (  0.000 -1.000  0.000 )
                  (  0.000  0.000  1.000 )
                  ( -1.000  0.000  0.000 )


      isym = 19     120 deg rotation - cart. axis [1,1,-1]       

 cryst.   s(19) = (  1    0   -1   )
                  (  0    0   -1   )
                  (  0    1   -1   )

 cart.    s(19) = (  0.000  1.000  0.000 )
                  (  0.000  0.000 -1.000 )
                  ( -1.000  0.000  0.000 )


      isym = 20     120 deg rotation - cart. axis [1,-1,1]       

 cryst.   s(20) = (  0   -1    0   )
                  (  1   -1    0   )
                  (  0   -1    1   )

 cart.    s(20) = (  0.000 -1.000  0.000 )
                  (  0.000  0.000 -1.000 )
                  (  1.000  0.000  0.000 )


      isym = 21     120 deg rotation - cart. axis [1,1,1]        

 cryst.   s(21) = (  0    0   -1   )
                  (  0    1   -1   )
                  (  1    0   -1   )

 cart.    s(21) = (  0.000  0.000  1.000 )
                  (  1.000  0.000  0.000 )
                  (  0.000  1.000  0.000 )


      isym = 22     120 deg rotation - cart. axis [-1,1,-1]      

 cryst.   s(22) = ( -1    1    0   )
                  ( -1    0    0   )
                  ( -1    0    1   )

 cart.    s(22) = (  0.000  0.000  1.000 )
                  ( -1.000  0.000  0.000 )
                  (  0.000 -1.000  0.000 )


      isym = 23     120 deg rotation - cart. axis [1,-1,-1]      

 cryst.   s(23) = (  0    0    1   )
                  (  1    0    0   )
                  (  0    1    0   )

 cart.    s(23) = (  0.000  0.000 -1.000 )
                  ( -1.000  0.000  0.000 )
                  (  0.000  1.000  0.000 )


      isym = 24     120 deg rotation - cart. axis [-1,-1,1]      

 cryst.   s(24) = (  1   -1    0   )
                  (  0   -1    1   )
                  (  0   -1    0   )

 cart.    s(24) = (  0.000  0.000 -1.000 )
                  (  1.000  0.000  0.000 )
                  (  0.000 -1.000  0.000 )


      isym = 25     inversion                                    

 cryst.   s(25) = ( -1      0      0     )    f =(   0.2500 )
                  (  0     -1      0     )       (   0.2500 )
                  (  0      0     -1     )       (   0.2500 )

 cart.    s(25) = ( -1.000  0.000  0.000 )    f =(  -0.2500 )
                  (  0.000 -1.000  0.000 )       (   0.2500 )
                  (  0.000  0.000 -1.000 )       (   0.2500 )


      isym = 26     inv. 180 deg rotation - cart. axis [0,0,1]   

 cryst.   s(26) = (  0     -1      1     )    f =(   0.2500 )
                  ( -1      0      1     )       (   0.2500 )
                  (  0      0      1     )       (   0.2500 )

 cart.    s(26) = (  1.000  0.000  0.000 )    f =(  -0.2500 )
                  (  0.000  1.000  0.000 )       (   0.2500 )
                  (  0.000  0.000 -1.000 )       (   0.2500 )


      isym = 27     inv. 180 deg rotation - cart. axis [0,1,0]   

 cryst.   s(27) = (  1      0      0     )    f =(   0.2500 )
                  (  1      0     -1     )       (   0.2500 )
                  (  1     -1      0     )       (   0.2500 )

 cart.    s(27) = (  1.000  0.000  0.000 )    f =(  -0.2500 )
                  (  0.000 -1.000  0.000 )       (   0.2500 )
                  (  0.000  0.000  1.000 )       (   0.2500 )


      isym = 28     inv. 180 deg rotation - cart. axis [1,0,0]   

 cryst.   s(28) = (  0      1     -1     )    f =(   0.2500 )
                  (  0      1      0     )       (   0.2500 )
                  ( -1      1      0     )       (   0.2500 )

 cart.    s(28) = ( -1.000  0.000  0.000 )    f =(  -0.2500 )
                  (  0.000  1.000  0.000 )       (   0.2500 )
                  (  0.000  0.000  1.000 )       (   0.2500 )


      isym = 29     inv. 180 deg rotation - cart. axis [1,1,0]   

 cryst.   s(29) = (  0    1    0   )
                  (  1    0    0   )
                  (  0    0    1   )

 cart.    s(29) = (  0.000 -1.000  0.000 )
                  ( -1.000  0.000  0.000 )
                  (  0.000  0.000  1.000 )


      isym = 30     inv. 180 deg rotation - cart. axis [1,-1,0]  

 cryst.   s(30) = (  1    0   -1   )
                  (  0    1   -1   )
                  (  0    0   -1   )

 cart.    s(30) = (  0.000  1.000  0.000 )
                  (  1.000  0.000  0.000 )
                  (  0.000  0.000  1.000 )


      isym = 31     inv.  90 deg rotation - cart. axis [0,0,-1]  

 cryst.   s(31) = (  0   -1    0   )
                  (  0   -1    1   )
                  (  1   -1    0   )

 cart.    s(31) = (  0.000 -1.000  0.000 )
                  (  1.000  0.000  0.000 )
                  (  0.000  0.000 -1.000 )


      isym = 32     inv.  90 deg rotation - cart. axis [0,0,1]   

 cryst.   s(32) = ( -1    0    1   )
                  ( -1    0    0   )
                  ( -1    1    0   )

 cart.    s(32) = (  0.000  1.000  0.000 )
                  ( -1.000  0.000  0.000 )
                  (  0.000  0.000 -1.000 )


      isym = 33     inv. 180 deg rotation - cart. axis [1,0,1]   

 cryst.   s(33) = (  1    0    0   )
                  (  0    0    1   )
                  (  0    1    0   )

 cart.    s(33) = (  0.000  0.000 -1.000 )
                  (  0.000  1.000  0.000 )
                  ( -1.000  0.000  0.000 )


      isym = 34     inv. 180 deg rotation - cart. axis [-1,0,1]  

 cryst.   s(34) = ( -1    0    0   )
                  ( -1    1    0   )
                  ( -1    0    1   )

 cart.    s(34) = (  0.000  0.000  1.000 )
                  (  0.000  1.000  0.000 )
                  (  1.000  0.000  0.000 )


      isym = 35     inv.  90 deg rotation - cart. axis [0,1,0]   

 cryst.   s(35) = (  0   -1    1   )
                  (  1   -1    0   )
                  (  0   -1    0   )

 cart.    s(35) = (  0.000  0.000 -1.000 )
                  (  0.000 -1.000  0.000 )
                  (  1.000  0.000  0.000 )


      isym = 36     inv.  90 deg rotation - cart. axis [0,-1,0]  

 cryst.   s(36) = (  0    1   -1   )
                  (  0    0   -1   )
                  (  1    0   -1   )

 cart.    s(36) = (  0.000  0.000  1.000 )
                  (  0.000 -1.000  0.000 )
                  ( -1.000  0.000  0.000 )


      isym = 37     inv. 180 deg rotation - cart. axis [0,1,1]   

 cryst.   s(37) = (  1   -1    0   )
                  (  0   -1    0   )
                  (  0   -1    1   )

 cart.    s(37) = (  1.000  0.000  0.000 )
                  (  0.000  0.000 -1.000 )
                  (  0.000 -1.000  0.000 )


      isym = 38     inv. 180 deg rotation - cart. axis [0,1,-1]  

 cryst.   s(38) = (  0    0    1   )
                  (  0    1    0   )
                  (  1    0    0   )

 cart.    s(38) = (  1.000  0.000  0.000 )
                  (  0.000  0.000  1.000 )
                  (  0.000  1.000  0.000 )


      isym = 39     inv.  90 deg rotation - cart. axis [-1,0,0]  

 cryst.   s(39) = (  0    0   -1   )
                  (  1    0   -1   )
                  (  0    1   -1   )

 cart.    s(39) = ( -1.000  0.000  0.000 )
                  (  0.000  0.000 -1.000 )
                  (  0.000  1.000  0.000 )


      isym = 40     inv.  90 deg rotation - cart. axis [1,0,0]   

 cryst.   s(40) = ( -1    1    0   )
                  ( -1    0    1   )
                  ( -1    0    0   )

 cart.    s(40) = ( -1.000  0.000  0.000 )
                  (  0.000  0.000  1.000 )
                  (  0.000 -1.000  0.000 )


      isym = 41     inv. 120 deg rotation - cart. axis [-1,-1,-1]

 cryst.   s(41) = (  1      0     -1     )    f =(   0.2500 )
                  (  1     -1      0     )       (   0.2500 )
                  (  1      0      0     )       (   0.2500 )

 cart.    s(41) = (  0.000 -1.000  0.000 )    f =(  -0.2500 )
                  (  0.000  0.000 -1.000 )       (   0.2500 )
                  ( -1.000  0.000  0.000 )       (   0.2500 )


      isym = 42     inv. 120 deg rotation - cart. axis [-1,1,1]  

 cryst.   s(42) = (  0     -1      0     )    f =(   0.2500 )
                  (  0      0     -1     )       (   0.2500 )
                  ( -1      0      0     )       (   0.2500 )

 cart.    s(42) = (  0.000  1.000  0.000 )    f =(  -0.2500 )
                  (  0.000  0.000 -1.000 )       (   0.2500 )
                  (  1.000  0.000  0.000 )       (   0.2500 )


      isym = 43     inv. 120 deg rotation - cart. axis [1,1,-1]  

 cryst.   s(43) = ( -1      0      1     )    f =(   0.2500 )
                  (  0      0      1     )       (   0.2500 )
                  (  0     -1      1     )       (   0.2500 )

 cart.    s(43) = (  0.000 -1.000  0.000 )    f =(  -0.2500 )
                  (  0.000  0.000  1.000 )       (   0.2500 )
                  (  1.000  0.000  0.000 )       (   0.2500 )


      isym = 44     inv. 120 deg rotation - cart. axis [1,-1,1]  

 cryst.   s(44) = (  0      1      0     )    f =(   0.2500 )
                  ( -1      1      0     )       (   0.2500 )
                  (  0      1     -1     )       (   0.2500 )

 cart.    s(44) = (  0.000  1.000  0.000 )    f =(  -0.2500 )
                  (  0.000  0.000  1.000 )       (   0.2500 )
                  ( -1.000  0.000  0.000 )       (   0.2500 )


      isym = 45     inv. 120 deg rotation - cart. axis [1,1,1]   

 cryst.   s(45) = (  0      0      1     )    f =(   0.2500 )
                  (  0     -1      1     )       (   0.2500 )
                  ( -1      0      1     )       (   0.2500 )

 cart.    s(45) = (  0.000  0.000 -1.000 )    f =(  -0.2500 )
                  ( -1.000  0.000  0.000 )       (   0.2500 )
                  (  0.000 -1.000  0.000 )       (   0.2500 )


      isym = 46     inv. 120 deg rotation - cart. axis [-1,1,-1] 

 cryst.   s(46) = (  1     -1      0     )    f =(   0.2500 )
                  (  1      0      0     )       (   0.2500 )
                  (  1      0     -1     )       (   0.2500 )

 cart.    s(46) = (  0.000  0.000 -1.000 )    f =(  -0.2500 )
                  (  1.000  0.000  0.000 )       (   0.2500 )
                  (  0.000  1.000  0.000 )       (   0.2500 )


      isym = 47     inv. 120 deg rotation - cart. axis [1,-1,-1] 

 cryst.   s(47) = (  0      0     -1     )    f =(   0.2500 )
                  ( -1      0      0     )       (   0.2500 )
                  (  0     -1      0     )       (   0.2500 )

 cart.    s(47) = (  0.000  0.000  1.000 )    f =(  -0.2500 )
                  (  1.000  0.000  0.000 )       (   0.2500 )
                  (  0.000 -1.000  0.000 )       (   0.2500 )


      isym = 48     inv. 120 deg rotation - cart. axis [-1,-1,1] 

 cryst.   s(48) = ( -1      1      0     )    f =(   0.2500 )
                  (  0      1     -1     )       (   0.2500 )
                  (  0      1      0     )       (   0.2500 )

 cart.    s(48) = (  0.000  0.000  1.000 )    f =(  -0.2500 )
                  ( -1.000  0.000  0.000 )       (   0.2500 )
                  (  0.000  1.000  0.000 )       (   0.2500 )


     point group O_h (m-3m) 
     there are 10 classes
     the character table:

       E     8C3   3C2   6C4   6C2'  i     8S6   3s_h  6S4   6s_d 
A_1g   1.00  1.00  1.00  1.00  1.00  1.00  1.00  1.00  1.00  1.00
A_2g   1.00  1.00  1.00 -1.00 -1.00  1.00  1.00  1.00 -1.00 -1.00
E_g    2.00 -1.00  2.00  0.00  0.00  2.00 -1.00  2.00  0.00  0.00
T_1g   3.00  0.00 -1.00  1.00 -1.00  3.00  0.00 -1.00  1.00 -1.00
T_2g   3.00  0.00 -1.00 -1.00  1.00  3.00  0.00 -1.00 -1.00  1.00
A_1u   1.00  1.00  1.00  1.00  1.00 -1.00 -1.00 -1.00 -1.00 -1.00
A_2u   1.00  1.00  1.00 -1.00 -1.00 -1.00 -1.00 -1.00  1.00  1.00
E_u    2.00 -1.00  2.00  0.00  0.00 -2.00  1.00 -2.00  0.00  0.00
T_1u   3.00  0.00 -1.00  1.00 -1.00 -3.00  0.00  1.00 -1.00  1.00
T_2u   3.00  0.00 -1.00 -1.00  1.00 -3.00  0.00  1.00  1.00 -1.00

     the symmetry operations in each class and the name of the first element:

     E        1
          identity                                               
     8C3     17   19   20   18   24   21   22   23
          120 deg rotation - cart. axis [-1,-1,-1]               
     3C2      2    4    3
          180 deg rotation - cart. axis [0,0,1]                  
     6C4      7    8   15   16   12   11
           90 deg rotation - cart. axis [0,0,-1]                 
     6C2'     5    6   14   13   10    9
          180 deg rotation - cart. axis [1,1,0]                  
     i       25
          inversion                                              
     8S6     41   43   44   42   48   45   46   47
          inv. 120 deg rotation - cart. axis [-1,-1,-1]          
     3s_h    26   28   27
          inv. 180 deg rotation - cart. axis [0,0,1]             
     6S4     31   32   39   40   36   35
          inv.  90 deg rotation - cart. axis [0,0,-1]            
     6s_d    29   30   38   37   34   33
          inv. 180 deg rotation - cart. axis [1,1,0]             

     Space group identification,  48 symmetries:

     Bravais lattice   2  face centered cubic                     
     Point group number  32 / 136  O_h (m-3m)

     The coset representatives of the space group with
     the standard order of operations are:

     Fractional translations in crystal coordinates

      PGS    Fract. transl. (all)          Fract. transl. (no shift)   SGS

        E   1 -0.0000 -0.0000 -0.0000      0.0000  0.0000  0.0000         E   1
       2x   4 -0.0000 -0.0000 -0.0000      0.0000  0.0000  0.0000        2x   4
       2y   3 -0.0000 -0.0000 -0.0000      0.0000  0.0000  0.0000        2y   3
       2z   2 -0.0000 -0.0000 -0.0000      0.0000  0.0000  0.0000        2z   2
     3xyz  21 -0.0000 -0.0000 -0.0000      0.0000  0.0000  0.0000      3xyz  21
   3x-y-z  23 -0.0000 -0.0000 -0.0000      0.0000  0.0000  0.0000    3x-y-z  23
   3-xy-z  22 -0.0000 -0.0000 -0.0000      0.0000  0.0000 -0.0000    3-xy-z  22
   3-x-yz  24 -0.0000 -0.0000 -0.0000      0.0000  0.0000  0.0000    3-x-yz  24
  3-x-y-z  17 -0.0000 -0.0000 -0.0000      0.0000  0.0000  0.0000   3-x-y-z  17
    3-xyz  18 -0.0000 -0.0000 -0.0000      0.0000  0.0000  0.0000     3-xyz  18
    3x-yz  20 -0.0000 -0.0000 -0.0000      0.0000  0.0000 -0.0000     3x-yz  20
    3xy-z  19 -0.0000 -0.0000 -0.0000      0.0000  0.0000  0.0000     3xy-z  19
      4-x  15 -0.2500 -0.2500 -0.2500     -0.2500  0.2500 -0.2500      4-x3  88
       4x  16 -0.2500 -0.2500 -0.2500     -0.2500  0.2500 -0.2500       4x1  89
      4-y  12 -0.2500 -0.2500 -0.2500      0.2500 -0.2500 -0.2500      4-y1  81
       4y  11 -0.2500 -0.2500 -0.2500      0.2500 -0.2500 -0.2500       4y3  80
      4-z   7 -0.2500 -0.2500 -0.2500     -0.2500 -0.2500  0.2500      4-z1  70
       4z   8 -0.2500 -0.2500 -0.2500     -0.2500 -0.2500  0.2500       4z3  75
     2y-z  14 -0.2500 -0.2500 -0.2500     -0.0000 -0.0000  0.0000      2y-z  14
      2yz  13 -0.2500 -0.2500 -0.2500     -0.0000 -0.5000  0.0000      2yz1  84
     2x-z  10 -0.2500 -0.2500 -0.2500     -0.5000 -0.0000  0.0000     2x-z1  77
      2xz   9 -0.2500 -0.2500 -0.2500     -0.0000 -0.0000  0.0000       2xz   9
     2x-y   6 -0.2500 -0.2500 -0.2500      0.0000 -0.0000 -0.5000     2x-y1  69
      2xy   5 -0.2500 -0.2500 -0.2500      0.0000 -0.0000 -0.0000       2xy   5
        i  33 -0.2500 -0.2500 -0.2500      0.0000  0.0000  0.0000         i  33
      i2x  36 -0.2500 -0.2500 -0.2500      0.0000 -0.5000  0.0000      i2xd 137
      i2y  35 -0.2500 -0.2500 -0.2500     -0.5000  0.0000  0.0000      i2yd 133
      i2z  34 -0.2500 -0.2500 -0.2500      0.0000  0.0000 -0.5000      i2zd 129
    i3xyz  53 -0.2500 -0.2500 -0.2500      0.0000  0.0000  0.0000     i3xyz  53
  i3x-y-z  55 -0.2500 -0.2500 -0.2500      0.0000  0.0000  0.0000   i3x-y-z  55
  i3-xy-z  54 -0.2500 -0.2500 -0.2500      0.0000  0.0000  0.0000   i3-xy-z  54
  i3-x-yz  56 -0.2500 -0.2500 -0.2500      0.0000  0.0000  0.0000   i3-x-yz  56
 i3-x-y-z  49 -0.2500 -0.2500 -0.2500      0.0000  0.0000  0.0000  i3-x-y-z  49
   i3-xyz  50 -0.2500 -0.2500 -0.2500      0.0000  0.0000  0.0000    i3-xyz  50
   i3x-yz  52 -0.2500 -0.2500 -0.2500      0.0000  0.0000  0.0000    i3x-yz  52
   i3xy-z  51 -0.2500 -0.2500 -0.2500      0.0000  0.0000  0.0000    i3xy-z  51
     i4-x  47 -0.0000 -0.0000 -0.0000      0.0000  0.0000  0.0000      i4-x  47
      i4x  48 -0.0000 -0.0000 -0.0000      0.0000  0.0000  0.0000       i4x  48
     i4-y  44 -0.0000 -0.0000 -0.0000      0.0000  0.0000  0.0000      i4-y  44
      i4y  43 -0.0000 -0.0000 -0.0000      0.0000  0.0000  0.0000       i4y  43
     i4-z  39 -0.0000 -0.0000 -0.0000      0.0000  0.0000  0.0000      i4-z  39
      i4z  40 -0.0000 -0.0000 -0.0000      0.0000  0.0000  0.0000       i4z  40
    i2y-z  46 -0.0000 -0.0000 -0.0000     -0.0000  0.0000  0.0000     i2y-z  46
     i2yz  45 -0.0000 -0.0000 -0.0000      0.0000  0.0000  0.0000      i2yz  45
    i2x-z  42 -0.0000 -0.0000 -0.0000      0.0000  0.0000  0.0000     i2x-z  42
     i2xz  41 -0.0000 -0.0000 -0.0000      0.0000  0.0000  0.0000      i2xz  41
    i2x-y  38 -0.0000 -0.0000 -0.0000      0.0000  0.0000  0.0000     i2x-y  38
     i2xy  37 -0.0000 -0.0000 -0.0000      0.0000  0.0000  0.0000      i2xy  37

     Fractional translations in conventional crystal coordinates

      PGS      Fract. transl. (all)        Fract. transl. (no shift)   SGS

        E   1  0.0000  0.0000  0.0000      0.0000  0.0000  0.0000         E   1
       2x   4  0.0000  0.0000  0.0000      0.0000  0.0000  0.0000        2x   4
       2y   3  0.0000  0.0000  0.0000      0.0000  0.0000  0.0000        2y   3
       2z   2  0.0000  0.0000  0.0000      0.0000  0.0000  0.0000        2z   2
     3xyz  21  0.0000  0.0000  0.0000      0.0000  0.0000  0.0000      3xyz  21
   3x-y-z  23  0.0000  0.0000  0.0000      0.0000  0.0000  0.0000    3x-y-z  23
   3-xy-z  22  0.0000  0.0000  0.0000      0.0000  0.0000  0.0000    3-xy-z  22
   3-x-yz  24  0.0000  0.0000  0.0000      0.0000  0.0000  0.0000    3-x-yz  24
  3-x-y-z  17  0.0000  0.0000  0.0000      0.0000  0.0000  0.0000   3-x-y-z  17
    3-xyz  18  0.0000  0.0000  0.0000      0.0000  0.0000  0.0000     3-xyz  18
    3x-yz  20  0.0000  0.0000  0.0000      0.0000  0.0000  0.0000     3x-yz  20
    3xy-z  19  0.0000  0.0000  0.0000      0.0000  0.0000  0.0000     3xy-z  19
      4-x  15  0.2500 -0.2500 -0.2500      0.2500  0.0000  0.0000      4-x3  88
       4x  16  0.2500 -0.2500 -0.2500      0.2500  0.0000  0.0000       4x1  89
      4-y  12  0.2500 -0.2500 -0.2500      0.0000 -0.2500  0.0000      4-y1  81
       4y  11  0.2500 -0.2500 -0.2500      0.0000 -0.2500  0.0000       4y3  80
      4-z   7  0.2500 -0.2500 -0.2500      0.0000  0.0000 -0.2500      4-z1  70
       4z   8  0.2500 -0.2500 -0.2500      0.0000  0.0000 -0.2500       4z3  75
     2y-z  14  0.2500 -0.2500 -0.2500      0.0000  0.0000 -0.0000      2y-z  14
      2yz  13  0.2500 -0.2500 -0.2500      0.0000 -0.2500 -0.2500      2yz1  84
     2x-z  10  0.2500 -0.2500 -0.2500      0.2500  0.0000 -0.2500     2x-z1  77
      2xz   9  0.2500 -0.2500 -0.2500     -0.0000  0.0000 -0.0000       2xz   9
     2x-y   6  0.2500 -0.2500 -0.2500      0.2500 -0.2500  0.0000     2x-y1  69
      2xy   5  0.2500 -0.2500 -0.2500     -0.0000 -0.0000  0.0000       2xy   5
        i  33  0.2500 -0.2500 -0.2500      0.0000  0.0000  0.0000         i  33
      i2x  36  0.2500 -0.2500 -0.2500     -0.0000 -0.2500 -0.2500      i2xd 137
      i2y  35  0.2500 -0.2500 -0.2500      0.2500  0.0000 -0.2500      i2yd 133
      i2z  34  0.2500 -0.2500 -0.2500      0.2500 -0.2500  0.0000      i2zd 129
    i3xyz  53  0.2500 -0.2500 -0.2500      0.0000  0.0000  0.0000     i3xyz  53
  i3x-y-z  55  0.2500 -0.2500 -0.2500      0.0000  0.0000  0.0000   i3x-y-z  55
  i3-xy-z  54  0.2500 -0.2500 -0.2500      0.0000  0.0000  0.0000   i3-xy-z  54
  i3-x-yz  56  0.2500 -0.2500 -0.2500      0.0000  0.0000  0.0000   i3-x-yz  56
 i3-x-y-z  49  0.2500 -0.2500 -0.2500      0.0000  0.0000  0.0000  i3-x-y-z  49
   i3-xyz  50  0.2500 -0.2500 -0.2500      0.0000  0.0000  0.0000    i3-xyz  50
   i3x-yz  52  0.2500 -0.2500 -0.2500      0.0000  0.0000  0.0000    i3x-yz  52
   i3xy-z  51  0.2500 -0.2500 -0.2500      0.0000  0.0000  0.0000    i3xy-z  51
     i4-x  47  0.0000  0.0000  0.0000      0.0000  0.0000  0.0000      i4-x  47
      i4x  48  0.0000  0.0000  0.0000      0.0000  0.0000  0.0000       i4x  48
     i4-y  44  0.0000  0.0000  0.0000      0.0000  0.0000  0.0000      i4-y  44
      i4y  43  0.0000  0.0000  0.0000      0.0000  0.0000  0.0000       i4y  43
     i4-z  39  0.0000  0.0000  0.0000      0.0000  0.0000  0.0000      i4-z  39
      i4z  40  0.0000  0.0000  0.0000      0.0000  0.0000  0.0000       i4z  40
    i2y-z  46  0.0000  0.0000  0.0000      0.0000  0.0000  0.0000     i2y-z  46
     i2yz  45  0.0000  0.0000  0.0000      0.0000  0.0000  0.0000      i2yz  45
    i2x-z  42  0.0000  0.0000  0.0000      0.0000  0.0000  0.0000     i2x-z  42
     i2xz  41  0.0000  0.0000  0.0000      0.0000  0.0000  0.0000      i2xz  41
    i2x-y  38  0.0000  0.0000  0.0000      0.0000  0.0000  0.0000     i2x-y  38
     i2xy  37  0.0000  0.0000  0.0000      0.0000  0.0000  0.0000      i2xy  37

     PGS = Point group symmetry, SGS = space group symmetry 
     (no shift) means the part of the fractional translation
     that cannot be removed by an origin shift

     Fractional translation shift and origin shift in crystal coordinates

      PGS      FT shift                    Origin shift                 SGS

        E   1 -0.0000 -0.0000 -0.0000      0.0000  0.0000  0.0000         E   1
       2x   4  0.0000  0.0000  0.0000      0.0000  0.0000  0.0000        2x   4
       2y   3  0.0000  0.0000  0.0000      0.0000  0.0000  0.0000        2y   3
       2z   2  0.0000  0.0000  0.0000      0.0000  0.0000  0.0000        2z   2
     3xyz  21  0.0000  0.0000  0.0000      0.0000  0.0000  0.0000      3xyz  21
   3x-y-z  23  0.0000  0.0000  0.0000      0.0000  0.0000  0.0000    3x-y-z  23
   3-xy-z  22 -0.0000  0.0000  0.0000      0.0000  0.0000  0.0000    3-xy-z  22
   3-x-yz  24 -0.0000  0.0000  0.0000      0.0000  0.0000  0.0000    3-x-yz  24
  3-x-y-z  17  0.0000  0.0000  0.0000      0.0000  0.0000  0.0000   3-x-y-z  17
    3-xyz  18  0.0000  0.0000  0.0000      0.0000  0.0000  0.0000     3-xyz  18
    3x-yz  20 -0.0000  0.0000  0.0000      0.0000  0.0000  0.0000     3x-yz  20
    3xy-z  19 -0.0000  0.0000  0.0000      0.0000  0.0000  0.0000     3xy-z  19
      4-x  15  0.0000 -0.5000  0.0000      0.2500 -0.2500 -0.2500      4-x3  88
       4x  16  0.0000 -0.5000  0.0000     -0.2500 -0.2500  0.2500       4x1  89
      4-y  12 -0.5000  0.0000  0.0000     -0.2500  0.2500 -0.2500      4-y1  81
       4y  11 -0.5000  0.0000  0.0000     -0.2500 -0.2500  0.2500       4y3  80
      4-z   7  0.0000  0.0000 -0.5000      0.2500 -0.2500 -0.2500      4-z1  70
       4z   8  0.0000  0.0000 -0.5000     -0.2500  0.2500 -0.2500       4z3  75
     2y-z  14 -0.2500 -0.2500 -0.2500     -0.1250 -0.1250 -0.1250      2y-z  14
      2yz  13 -0.2500  0.2500 -0.2500     -0.1250  0.1250 -0.1250      2yz1  84
     2x-z  10  0.2500 -0.2500 -0.2500      0.1250 -0.1250 -0.1250     2x-z1  77
      2xz   9 -0.2500 -0.2500 -0.2500     -0.1250 -0.1250 -0.1250       2xz   9
     2x-y   6 -0.2500 -0.2500  0.2500     -0.1250 -0.1250  0.1250     2x-y1  69
      2xy   5 -0.2500 -0.2500 -0.2500     -0.1250 -0.1250 -0.1250       2xy   5
        i  33 -0.2500 -0.2500 -0.2500     -0.1250 -0.1250 -0.1250         i  33
      i2x  36 -0.2500  0.2500 -0.2500     -0.1250  0.1250 -0.1250      i2xd 137
      i2y  35  0.2500 -0.2500 -0.2500      0.1250 -0.1250 -0.1250      i2yd 133
      i2z  34 -0.2500 -0.2500  0.2500     -0.1250 -0.1250  0.1250      i2zd 129
    i3xyz  53 -0.2500 -0.2500 -0.2500      0.3750 -0.1250 -0.6250     i3xyz  53
  i3x-y-z  55 -0.2500 -0.2500 -0.2500     -0.1250 -0.1250 -0.1250   i3x-y-z  55
  i3-xy-z  54 -0.2500 -0.2500 -0.2500     -0.6250  0.3750 -0.1250   i3-xy-z  54
  i3-x-yz  56 -0.2500 -0.2500 -0.2500     -0.1250 -0.6250  0.3750   i3-x-yz  56
 i3-x-y-z  49 -0.2500 -0.2500 -0.2500     -0.6250 -0.1250  0.3750  i3-x-y-z  49
   i3-xyz  50 -0.2500 -0.2500 -0.2500     -0.1250 -0.1250 -0.1250    i3-xyz  50
   i3x-yz  52 -0.2500 -0.2500 -0.2500      0.3750 -0.6250 -0.1250    i3x-yz  52
   i3xy-z  51 -0.2500 -0.2500 -0.2500     -0.1250  0.3750 -0.6250    i3xy-z  51
     i4-x  47 -0.0000 -0.0000 -0.0000      0.0000  0.0000  0.0000      i4-x  47
      i4x  48 -0.0000 -0.0000 -0.0000      0.0000  0.0000  0.0000       i4x  48
     i4-y  44 -0.0000 -0.0000 -0.0000      0.0000  0.0000  0.0000      i4-y  44
      i4y  43 -0.0000 -0.0000 -0.0000      0.0000  0.0000  0.0000       i4y  43
     i4-z  39 -0.0000 -0.0000 -0.0000      0.0000  0.0000  0.0000      i4-z  39
      i4z  40 -0.0000 -0.0000 -0.0000      0.0000  0.0000  0.0000       i4z  40
    i2y-z  46  0.0000  0.0000 -0.0000      0.0000  0.0000  0.0000     i2y-z  46
     i2yz  45  0.0000  0.0000  0.0000      0.0000  0.0000  0.0000      i2yz  45
    i2x-z  42  0.0000  0.0000  0.0000      0.0000  0.0000  0.0000     i2x-z  42
     i2xz  41  0.0000  0.0000  0.0000      0.0000  0.0000  0.0000      i2xz  41
    i2x-y  38  0.0000  0.0000  0.0000      0.0000  0.0000  0.0000     i2x-y  38
     i2xy  37  0.0000  0.0000  0.0000      0.0000  0.0000  0.0000      i2xy  37

     Fractional translation shift and origin shift in conventional
     crystal coordinates

      PGS      FT shift                    Origin shift                 SGS

        E   1  0.0000  0.0000  0.0000      0.0000  0.0000  0.0000         E   1
       2x   4  0.0000  0.0000  0.0000      0.0000  0.0000  0.0000        2x   4
       2y   3  0.0000  0.0000  0.0000      0.0000  0.0000  0.0000        2y   3
       2z   2  0.0000  0.0000  0.0000      0.0000  0.0000  0.0000        2z   2
     3xyz  21  0.0000  0.0000  0.0000      0.0000  0.0000  0.0000      3xyz  21
   3x-y-z  23  0.0000  0.0000  0.0000      0.0000  0.0000  0.0000    3x-y-z  23
   3-xy-z  22  0.0000  0.0000  0.0000      0.0000  0.0000  0.0000    3-xy-z  22
   3-x-yz  24  0.0000  0.0000  0.0000      0.0000  0.0000  0.0000    3-x-yz  24
  3-x-y-z  17  0.0000  0.0000  0.0000      0.0000  0.0000  0.0000   3-x-y-z  17
    3-xyz  18  0.0000  0.0000  0.0000      0.0000  0.0000  0.0000     3-xyz  18
    3x-yz  20  0.0000  0.0000  0.0000      0.0000  0.0000  0.0000     3x-yz  20
    3xy-z  19  0.0000  0.0000  0.0000      0.0000  0.0000  0.0000     3xy-z  19
      4-x  15 -0.0000 -0.2500 -0.2500      0.0000 -0.2500  0.0000      4-x3  88
       4x  16 -0.0000 -0.2500 -0.2500      0.0000  0.0000 -0.2500       4x1  89
      4-y  12  0.2500  0.0000 -0.2500      0.2500  0.0000  0.0000      4-y1  81
       4y  11  0.2500  0.0000 -0.2500      0.0000  0.0000 -0.2500       4y3  80
      4-z   7  0.2500 -0.2500  0.0000      0.0000 -0.2500  0.0000      4-z1  70
       4z   8  0.2500 -0.2500  0.0000      0.2500  0.0000  0.0000       4z3  75
     2y-z  14  0.2500 -0.2500 -0.2500      0.1250 -0.1250 -0.1250      2y-z  14
      2yz  13  0.2500 -0.0000  0.0000      0.1250 -0.0000  0.0000      2yz1  84
     2x-z  10  0.0000 -0.2500  0.0000      0.0000 -0.1250  0.0000     2x-z1  77
      2xz   9  0.2500 -0.2500 -0.2500      0.1250 -0.1250 -0.1250       2xz   9
     2x-y   6  0.0000  0.0000 -0.2500      0.0000  0.0000 -0.1250     2x-y1  69
      2xy   5  0.2500 -0.2500 -0.2500      0.1250 -0.1250 -0.1250       2xy   5
        i  33  0.2500 -0.2500 -0.2500      0.1250 -0.1250 -0.1250         i  33
      i2x  36  0.2500  0.0000  0.0000      0.1250  0.0000  0.0000      i2xd 137
      i2y  35  0.0000 -0.2500  0.0000      0.0000 -0.1250  0.0000      i2yd 133
      i2z  34  0.0000  0.0000 -0.2500      0.0000  0.0000 -0.1250      i2zd 129
    i3xyz  53  0.2500 -0.2500 -0.2500      0.1250 -0.3750  0.1250     i3xyz  53
  i3x-y-z  55  0.2500 -0.2500 -0.2500      0.1250 -0.1250 -0.1250   i3x-y-z  55
  i3-xy-z  54  0.2500 -0.2500 -0.2500      0.3750  0.1250 -0.1250   i3-xy-z  54
  i3-x-yz  56  0.2500 -0.2500 -0.2500     -0.1250 -0.1250 -0.3750   i3-x-yz  56
 i3-x-y-z  49  0.2500 -0.2500 -0.2500      0.1250  0.1250 -0.3750  i3-x-y-z  49
   i3-xyz  50  0.2500 -0.2500 -0.2500      0.1250 -0.1250 -0.1250    i3-xyz  50
   i3x-yz  52  0.2500 -0.2500 -0.2500     -0.1250 -0.3750 -0.1250    i3x-yz  52
   i3xy-z  51  0.2500 -0.2500 -0.2500      0.3750 -0.1250  0.1250    i3xy-z  51
     i4-x  47  0.0000  0.0000  0.0000      0.0000  0.0000  0.0000      i4-x  47
      i4x  48  0.0000  0.0000  0.0000      0.0000  0.0000  0.0000       i4x  48
     i4-y  44  0.0000  0.0000  0.0000      0.0000  0.0000  0.0000      i4-y  44
      i4y  43  0.0000  0.0000  0.0000      0.0000  0.0000  0.0000       i4y  43
     i4-z  39  0.0000  0.0000  0.0000      0.0000  0.0000  0.0000      i4-z  39
      i4z  40  0.0000  0.0000  0.0000      0.0000  0.0000  0.0000       i4z  40
    i2y-z  46  0.0000  0.0000  0.0000      0.0000  0.0000  0.0000     i2y-z  46
     i2yz  45  0.0000  0.0000  0.0000      0.0000  0.0000  0.0000      i2yz  45
    i2x-z  42  0.0000  0.0000  0.0000      0.0000  0.0000  0.0000     i2x-z  42
     i2xz  41  0.0000  0.0000  0.0000      0.0000  0.0000  0.0000      i2xz  41
    i2x-y  38  0.0000  0.0000  0.0000      0.0000  0.0000  0.0000     i2x-y  38
     i2xy  37  0.0000  0.0000  0.0000      0.0000  0.0000  0.0000      i2xy  37


     The origin shift gives the point of application of the symmetry
     Subtract this vector from all atomic coordinates
     to have this symmetry centered at the origin


     Space group number  227

     Space group Fd-3m   (group number 227).
     The origin coincides with the ITA tables (origin choice 1).

     To shift to origin choice 2 subtract to all coordinates:
                 (cryst. coord.)                  (cart. coord.)
       -0.1250000  -0.1250000  -0.1250000     0.1250000  -0.1250000  -0.1250000

     The Laue class is O_h (m-3m) 

     ----------------------------------------------------------------------
     Ions are relaxed in each calculation
     ----------------------------------------------------------------------

     Total mass of this unit cell         56.1720 a.m.u.
     Density of this solid                2372.60 kg/m^3         2.3726 g/cm^3

  ++++++++++++++++++++++++++++++++++++++++++++++++++++++++++++++++++++++++++++
     Doing a self-consistent calculation
  ++++++++++++++++++++++++++++++++++++++++++++++++++++++++++++++++++++++++++++


     Current dimensions of program PWSCF are:
     Max number of different atomic species (ntypx) = 10
     Max number of k-points (npk) =  40000
     Max angular momentum in pseudopotentials (lmaxx) =  4

     Subspace diagonalization in iterative solution of the eigenvalue problem:
     a serial algorithm will be used


     Parallelization info
     --------------------
     sticks:   dense  smooth     PW     G-vecs:    dense   smooth      PW
     Min         116     116     40                 1425     1425     289
     Max         117     117     41                 1427     1427     290
     Sum         349     349    121                 4279     4279     869

     Using Slab Decomposition



     bravais-lattice index     =            2
     lattice parameter (alat)  =      10.2000  a.u.
     unit-cell volume          =     265.3020 (a.u.)^3
     number of atoms/cell      =            2
     number of atomic types    =            1
     number of electrons       =         8.00
     number of Kohn-Sham states=            4
     kinetic-energy cutoff     =      24.0000  Ry
     charge density cutoff     =      96.0000  Ry
     scf convergence threshold =      1.0E-08
     mixing beta               =       0.7000
     number of iterations used =            8  plain     mixing
     Exchange-correlation=  SLA  PZ   NOGX NOGC
                           (   1   1   0   0   0   0   0)

     celldm(1)=  10.200000  celldm(2)=   0.000000  celldm(3)=   0.000000
     celldm(4)=   0.000000  celldm(5)=   0.000000  celldm(6)=   0.000000

     crystal axes: (cart. coord. in units of alat)
               a(1) = (  -0.500000   0.000000   0.500000 )  
               a(2) = (   0.000000   0.500000   0.500000 )  
               a(3) = (  -0.500000   0.500000   0.000000 )  

     reciprocal axes: (cart. coord. in units 2 pi/alat)
               b(1) = ( -1.000000 -1.000000  1.000000 )  
               b(2) = (  1.000000  1.000000  1.000000 )  
               b(3) = ( -1.000000  1.000000 -1.000000 )  


     PseudoPot. # 1 for Si read from file:
     /home/espresso/pslibrary.1.0.0/pz/PSEUDOPOTENTIALS/Si.pz-vbc.UPF
     MD5 check sum: 6dfa03ddd5817404712e03e4d12deb78
     Pseudo is Norm-conserving, Zval =  4.0
     Generated by new atomic code, or converted to UPF format
     Using radial grid of  431 points,  2 beta functions with: 
                l(1) =   0
                l(2) =   1

     atomic species   valence    mass     pseudopotential
        Si             4.00    28.08600     Si( 1.00)

     48 Sym. Ops., with inversion, found (24 have fractional translation)



   Cartesian axes

     site n.     atom                  positions (alat units)
         1           Si  tau(   1) = (   0.0000000   0.0000000   0.0000000  )
         2           Si  tau(   2) = (   0.2500000   0.2500000   0.2500000  )

     number of k points=    10
                       cart. coord. in units 2pi/alat
        k(    1) = (  -0.1250000   0.1250000   0.1250000), wk =   0.0625000
        k(    2) = (  -0.3750000   0.3750000  -0.1250000), wk =   0.1875000
        k(    3) = (   0.3750000  -0.3750000   0.6250000), wk =   0.1875000
        k(    4) = (   0.1250000  -0.1250000   0.3750000), wk =   0.1875000
        k(    5) = (  -0.1250000   0.6250000   0.1250000), wk =   0.1875000
        k(    6) = (   0.6250000  -0.1250000   0.8750000), wk =   0.3750000
        k(    7) = (   0.3750000   0.1250000   0.6250000), wk =   0.3750000
        k(    8) = (  -0.1250000  -0.8750000   0.1250000), wk =   0.1875000
        k(    9) = (  -0.3750000   0.3750000   0.3750000), wk =   0.0625000
        k(   10) = (   0.3750000  -0.3750000   1.1250000), wk =   0.1875000

     Dense  grid:     4279 G-vectors     FFT dimensions: (  24,  24,  24)

     Estimated max dynamical RAM per process >       1.09 MB

     Estimated total dynamical RAM >       9.91 MB

     Initial potential from superposition of free atoms

     starting charge    7.99901, renormalised to    8.00000
     Starting wfcs are    8 randomized atomic wfcs

     total cpu time spent up to now is        0.1 secs

     Self-consistent Calculation

     iteration #  1     ecut=    24.00 Ry     beta= 0.70
     Davidson diagonalization with overlap
     ethr =  1.00E-02,  avg # of iterations =  2.0

     Threshold (ethr) on eigenvalues was too large:
     Diagonalizing with lowered threshold

     Davidson diagonalization with overlap
     ethr =  6.92E-04,  avg # of iterations =  1.0

     total cpu time spent up to now is        0.1 secs

     total energy              =     -15.84714537 Ry
     estimated scf accuracy    <       0.06109920 Ry

     iteration #  2     ecut=    24.00 Ry     beta= 0.70
     Davidson diagonalization with overlap
     ethr =  7.64E-04,  avg # of iterations =  1.0

     total cpu time spent up to now is        0.2 secs

     total energy              =     -15.85032690 Ry
     estimated scf accuracy    <       0.00221845 Ry

     iteration #  3     ecut=    24.00 Ry     beta= 0.70
     Davidson diagonalization with overlap
     ethr =  2.77E-05,  avg # of iterations =  2.5

     total cpu time spent up to now is        0.2 secs

     total energy              =     -15.85079310 Ry
     estimated scf accuracy    <       0.00007410 Ry

     iteration #  4     ecut=    24.00 Ry     beta= 0.70
     Davidson diagonalization with overlap
     ethr =  9.26E-07,  avg # of iterations =  2.8

     total cpu time spent up to now is        0.2 secs

     total energy              =     -15.85081633 Ry
     estimated scf accuracy    <       0.00000276 Ry

     iteration #  5     ecut=    24.00 Ry     beta= 0.70
     Davidson diagonalization with overlap
     ethr =  3.45E-08,  avg # of iterations =  3.9

     total cpu time spent up to now is        0.2 secs

     total energy              =     -15.85081789 Ry
     estimated scf accuracy    <       0.00000014 Ry

     iteration #  6     ecut=    24.00 Ry     beta= 0.70
     Davidson diagonalization with overlap
     ethr =  1.72E-09,  avg # of iterations =  2.5

     total cpu time spent up to now is        0.2 secs

     End of self-consistent calculation

          k =-0.1250 0.1250 0.1250 (   534 PWs)   bands (ev):

    -5.6139   4.6326   5.9403   5.9403

          k =-0.3750 0.3750-0.1250 (   526 PWs)   bands (ev):

    -4.5483   1.5827   3.8821   5.4510

          k = 0.3750-0.3750 0.6250 (   530 PWs)   bands (ev):

    -3.3459  -0.5904   3.9246   4.6466

          k = 0.1250-0.1250 0.3750 (   531 PWs)   bands (ev):

    -5.0673   3.0065   4.8906   4.9782

          k =-0.1250 0.6250 0.1250 (   528 PWs)   bands (ev):

    -3.9986   1.2998   3.5090   3.9849

          k = 0.6250-0.1250 0.8750 (   522 PWs)   bands (ev):

    -2.2826  -0.7124   2.0738   3.2050

          k = 0.3750 0.1250 0.6250 (   526 PWs)   bands (ev):

    -3.5605   0.3663   2.8490   4.2660

          k =-0.1250-0.8750 0.1250 (   521 PWs)   bands (ev):

    -2.4720  -0.6037   2.7180   3.5014

          k =-0.3750 0.3750 0.3750 (   528 PWs)   bands (ev):

    -4.0928   0.2250   5.1321   5.1321

          k = 0.3750-0.3750 1.1250 (   526 PWs)   bands (ev):

    -2.8346  -0.4466   2.1551   4.3148

     highest occupied level (ev):     5.9403

!    total energy              =     -15.85081793 Ry
     estimated scf accuracy    <          1.3E-09 Ry

     The total energy is the sum of the following terms:
     one-electron contribution =       4.78743410 Ry
     hartree contribution      =       1.07829820 Ry
     xc contribution           =      -4.81679165 Ry
     ewald contribution        =     -16.89975858 Ry

     convergence has been achieved in   6 iterations

     Forces acting on atoms (cartesian axes, Ry/au):

     atom    1 type  1   force =    -0.00000000    0.00000000   -0.00000000
     atom    2 type  1   force =     0.00000000   -0.00000000    0.00000000

     Total force =     0.000000     Total SCF correction =     0.000000


     Computing stress (Cartesian axis) and pressure

          total   stress  (Ry/bohr**3)                   (kbar)     P=       -0.54
  -0.00000365  -0.00000000  -0.00000000           -0.54       -0.00       -0.00
  -0.00000000  -0.00000365   0.00000000           -0.00       -0.54        0.00
  -0.00000000   0.00000000  -0.00000365           -0.00        0.00       -0.54


     Writing output data file /scratch/RUNNING_QE/QE680_TPW151/tempdir//g1/silicon.save/

     THERMO_PW    :      0.26s CPU      0.28s WALL


   This run was terminated on:  18:48:46  11Aug2021            

=------------------------------------------------------------------------------=
   JOB DONE.
=------------------------------------------------------------------------------=
