
     Program THERMO_PW v.5.0.2 starts on 22Jan2014 at 14: 5:46 

     This program is part of the open-source Quantum ESPRESSO suite
     for quantum simulation of materials; please cite
         "P. Giannozzi et al., J. Phys.:Condens. Matter 21 395502 (2009);
          URL http://www.quantum-espresso.org", 
     in publications or presentations arising from this work. More details at
     http://www.quantum-espresso.org/quote

     Parallel version (MPI), running on     8 processors
     path-images division:  nimage    =       4
     R & G space division:  proc/nbgrp/npool/nimage =       2
     Reading input from _temporary_1
     Message from routine read_cards :
     DEPRECATED: no units specified in ATOMIC_POSITIONS card
     Message from routine read_cards :
     ATOMIC_POSITIONS: units set to alat
Warning: card --- ignored
Warning: card CIAO ignored
Warning: card  &INPUTPH ignored
Warning: card   TR2_PH=1.0D-12, ignored
Warning: card   PREFIX='SILICON', ignored
Warning: card   FILDYN='SI.DYN', ignored
Warning: card / ignored
Warning: card 1.0 0.0 0.0 ignored

  ++++++++++++++++++++++++++++++++++++++++++++++++++++++++++++++++++++++++++++
     I am the master and now I do geometry    3
  ++++++++++++++++++++++++++++++++++++++++++++++++++++++++++++++++++++++++++++


     Subspace diagonalization in iterative solution of the eigenvalue problem:
     a serial algorithm will be used


     Parallelization info
     --------------------
     sticks:   dense  smooth     PW     G-vecs:    dense   smooth      PW
     Min         174     174     60                 2055     2055     410
     Max         175     175     61                 2056     2056     411
     Sum         349     349    121                 4111     4111     821



     bravais-lattice index     =            2
     lattice parameter (alat)  =      10.1000  a.u.
     unit-cell volume          =     257.5752 (a.u.)^3
     number of atoms/cell      =            2
     number of atomic types    =            1
     number of electrons       =         8.00
     number of Kohn-Sham states=            4
     kinetic-energy cutoff     =      24.0000  Ry
     charge density cutoff     =      96.0000  Ry
     convergence threshold     =      1.0E-08
     mixing beta               =       0.7000
     number of iterations used =            8  plain     mixing
     Exchange-correlation      =  SLA  PZ   NOGX NOGC ( 1  1  0  0 0)

     celldm(1)=  10.100000  celldm(2)=   0.000000  celldm(3)=   0.000000
     celldm(4)=   0.000000  celldm(5)=   0.000000  celldm(6)=   0.000000

     crystal axes: (cart. coord. in units of alat)
               a(1) = (  -0.500000   0.000000   0.500000 )  
               a(2) = (   0.000000   0.500000   0.500000 )  
               a(3) = (  -0.500000   0.500000   0.000000 )  

     reciprocal axes: (cart. coord. in units 2 pi/alat)
               b(1) = ( -1.000000 -1.000000  1.000000 )  
               b(2) = (  1.000000  1.000000  1.000000 )  
               b(3) = ( -1.000000  1.000000 -1.000000 )  


     PseudoPot. # 1 for Si read from file:
     /scratch/dalcorso_sissa/espresso_jan_2014/pseudo/Si.pz-vbc.UPF
     MD5 check sum: 6dfa03ddd5817404712e03e4d12deb78
     Pseudo is Norm-conserving, Zval =  4.0
     Generated by new atomic code, or converted to UPF format
     Using radial grid of  431 points,  2 beta functions with: 
                l(1) =   0
                l(2) =   1

     atomic species   valence    mass     pseudopotential
        Si             4.00    28.08600     Si( 1.00)

     48 Sym. Ops., with inversion, found (24 have fractional translation)



   Cartesian axes

     site n.     atom                  positions (alat units)
         1           Si  tau(   1) = (   0.0000000   0.0000000   0.0000000  )
         2           Si  tau(   2) = (   0.2500000   0.2500000   0.2500000  )

     number of k points=    10
                       cart. coord. in units 2pi/alat
        k(    1) = (  -0.1250000   0.1250000   0.1250000), wk =   0.0625000
        k(    2) = (  -0.3750000   0.3750000  -0.1250000), wk =   0.1875000
        k(    3) = (   0.3750000  -0.3750000   0.6250000), wk =   0.1875000
        k(    4) = (   0.1250000  -0.1250000   0.3750000), wk =   0.1875000
        k(    5) = (  -0.1250000   0.6250000   0.1250000), wk =   0.1875000
        k(    6) = (   0.6250000  -0.1250000   0.8750000), wk =   0.3750000
        k(    7) = (   0.3750000   0.1250000   0.6250000), wk =   0.3750000
        k(    8) = (  -0.1250000  -0.8750000   0.1250000), wk =   0.1875000
        k(    9) = (  -0.3750000   0.3750000   0.3750000), wk =   0.0625000
        k(   10) = (   0.3750000  -0.3750000   1.1250000), wk =   0.1875000

     Dense  grid:     4111 G-vectors     FFT dimensions: (  24,  24,  24)

     Largest allocated arrays     est. size (Mb)     dimensions
        Kohn-Sham Wavefunctions         0.02 Mb     (     261,    4)
        NL pseudopotentials             0.03 Mb     (     261,    8)
        Each V/rho on FFT grid          0.11 Mb     (    6912)
        Each G-vector array             0.02 Mb     (    2056)
        G-vector shells                 0.00 Mb     (      85)
     Largest temporary arrays     est. size (Mb)     dimensions
        Auxiliary wavefunctions         0.06 Mb     (     261,   16)
        Each subspace H/S matrix        0.00 Mb     (      16,   16)
        Each <psi_i|beta_j> matrix      0.00 Mb     (       8,    4)
        Arrays for rho mixing           0.84 Mb     (    6912,    8)

     Initial potential from superposition of free atoms

     starting charge    7.99901, renormalised to    8.00000
     Starting wfc are    8 randomized atomic wfcs

     total cpu time spent up to now is        0.2 secs

     per-process dynamical memory:     4.6 Mb

     Self-consistent Calculation

     iteration #  1     ecut=    24.00 Ry     beta=0.70
     Davidson diagonalization with overlap
     ethr =  1.00E-02,  avg # of iterations =  2.0

     Threshold (ethr) on eigenvalues was too large:
     Diagonalizing with lowered threshold

     Davidson diagonalization with overlap
     ethr =  8.30E-04,  avg # of iterations =  1.0

     total cpu time spent up to now is        0.4 secs

     total energy              =     -15.84592649 Ry
     Harris-Foulkes estimate   =     -15.86859244 Ry
     estimated scf accuracy    <       0.06504600 Ry

     iteration #  2     ecut=    24.00 Ry     beta=0.70
     Davidson diagonalization with overlap
     ethr =  8.13E-04,  avg # of iterations =  1.0

     total cpu time spent up to now is        0.4 secs

     total energy              =     -15.84934383 Ry
     Harris-Foulkes estimate   =     -15.84963472 Ry
     estimated scf accuracy    <       0.00216941 Ry

     iteration #  3     ecut=    24.00 Ry     beta=0.70
     Davidson diagonalization with overlap
     ethr =  2.71E-05,  avg # of iterations =  2.5

     total cpu time spent up to now is        0.6 secs

     total energy              =     -15.84982581 Ry
     Harris-Foulkes estimate   =     -15.84986018 Ry
     estimated scf accuracy    <       0.00007774 Ry

     iteration #  4     ecut=    24.00 Ry     beta=0.70
     Davidson diagonalization with overlap
     ethr =  9.72E-07,  avg # of iterations =  2.2

     total cpu time spent up to now is        0.7 secs

     total energy              =     -15.84984377 Ry
     Harris-Foulkes estimate   =     -15.84984759 Ry
     estimated scf accuracy    <       0.00000824 Ry

     iteration #  5     ecut=    24.00 Ry     beta=0.70
     Davidson diagonalization with overlap
     ethr =  1.03E-07,  avg # of iterations =  2.0

     total cpu time spent up to now is        0.8 secs

     total energy              =     -15.84984504 Ry
     Harris-Foulkes estimate   =     -15.84984508 Ry
     estimated scf accuracy    <       0.00000009 Ry

     iteration #  6     ecut=    24.00 Ry     beta=0.70
     Davidson diagonalization with overlap
     ethr =  1.11E-09,  avg # of iterations =  2.6

     total cpu time spent up to now is        0.9 secs

     End of self-consistent calculation

          k =-0.1250 0.1250 0.1250 (   528 PWs)   bands (ev):

    -5.5006   4.9359   6.2461   6.2461

          k =-0.3750 0.3750-0.1250 (   511 PWs)   bands (ev):

    -4.4065   1.8351   4.1391   5.7506

          k = 0.3750-0.3750 0.6250 (   512 PWs)   bands (ev):

    -3.1619  -0.4040   4.1961   4.9217

          k = 0.1250-0.1250 0.3750 (   515 PWs)   bands (ev):

    -4.9399   3.2945   5.1661   5.2733

          k =-0.1250 0.6250 0.1250 (   511 PWs)   bands (ev):

    -3.8433   1.5802   3.7492   4.2378

          k = 0.6250-0.1250 0.8750 (   504 PWs)   bands (ev):

    -2.0734  -0.4751   2.2623   3.4269

          k = 0.3750 0.1250 0.6250 (   512 PWs)   bands (ev):

    -3.3901   0.6050   3.0784   4.5251

          k =-0.1250-0.8750 0.1250 (   500 PWs)   bands (ev):

    -2.2756  -0.3591   2.9269   3.7428

          k =-0.3750 0.3750 0.3750 (   510 PWs)   bands (ev):

    -3.9357   0.4322   5.4231   5.4231

          k = 0.3750-0.3750 1.1250 (   512 PWs)   bands (ev):

    -2.6378  -0.2281   2.3590   4.5790

     highest occupied level (ev):     6.2461

!    total energy              =     -15.84984507 Ry
     Harris-Foulkes estimate   =     -15.84984507 Ry
     estimated scf accuracy    <          8.8E-10 Ry

     The total energy is the sum of the following terms:

     one-electron contribution =       5.01242575 Ry
     hartree contribution      =       1.05406719 Ry
     xc contribution           =      -4.84925509 Ry
     ewald contribution        =     -17.06708292 Ry

     convergence has been achieved in   6 iterations

     Writing output data file silicon.save

  ++++++++++++++++++++++++++++++++++++++++++++++++++++++++++++++++++++++++++++
     I am the master and now I do geometry    7
  ++++++++++++++++++++++++++++++++++++++++++++++++++++++++++++++++++++++++++++


     Parallelization info
     --------------------
     sticks:   dense  smooth     PW     G-vecs:    dense   smooth      PW
     Min         174     174     60                 2142     2142     434
     Max         175     175     61                 2143     2143     435
     Sum         349     349    121                 4285     4285     869



     bravais-lattice index     =            2
     lattice parameter (alat)  =      10.3000  a.u.
     unit-cell volume          =     273.1817 (a.u.)^3
     number of atoms/cell      =            2
     number of atomic types    =            1
     number of electrons       =         8.00
     number of Kohn-Sham states=            4
     kinetic-energy cutoff     =      24.0000  Ry
     charge density cutoff     =      96.0000  Ry
     convergence threshold     =      1.0E-08
     mixing beta               =       0.7000
     number of iterations used =            8  plain     mixing
     Exchange-correlation      =  SLA  PZ   NOGX NOGC ( 1  1  0  0 0)

     celldm(1)=  10.300000  celldm(2)=   0.000000  celldm(3)=   0.000000
     celldm(4)=   0.000000  celldm(5)=   0.000000  celldm(6)=   0.000000

     crystal axes: (cart. coord. in units of alat)
               a(1) = (  -0.500000   0.000000   0.500000 )  
               a(2) = (   0.000000   0.500000   0.500000 )  
               a(3) = (  -0.500000   0.500000   0.000000 )  

     reciprocal axes: (cart. coord. in units 2 pi/alat)
               b(1) = ( -1.000000 -1.000000  1.000000 )  
               b(2) = (  1.000000  1.000000  1.000000 )  
               b(3) = ( -1.000000  1.000000 -1.000000 )  


     PseudoPot. # 1 for Si read from file:
     /scratch/dalcorso_sissa/espresso_jan_2014/pseudo/Si.pz-vbc.UPF
     MD5 check sum: 6dfa03ddd5817404712e03e4d12deb78
     Pseudo is Norm-conserving, Zval =  4.0
     Generated by new atomic code, or converted to UPF format
     Using radial grid of  431 points,  2 beta functions with: 
                l(1) =   0
                l(2) =   1

     atomic species   valence    mass     pseudopotential
        Si             4.00    28.08600     Si( 1.00)

     48 Sym. Ops., with inversion, found (24 have fractional translation)



   Cartesian axes

     site n.     atom                  positions (alat units)
         1           Si  tau(   1) = (   0.0000000   0.0000000   0.0000000  )
         2           Si  tau(   2) = (   0.2500000   0.2500000   0.2500000  )

     number of k points=    10
                       cart. coord. in units 2pi/alat
        k(    1) = (  -0.1250000   0.1250000   0.1250000), wk =   0.0625000
        k(    2) = (  -0.3750000   0.3750000  -0.1250000), wk =   0.1875000
        k(    3) = (   0.3750000  -0.3750000   0.6250000), wk =   0.1875000
        k(    4) = (   0.1250000  -0.1250000   0.3750000), wk =   0.1875000
        k(    5) = (  -0.1250000   0.6250000   0.1250000), wk =   0.1875000
        k(    6) = (   0.6250000  -0.1250000   0.8750000), wk =   0.3750000
        k(    7) = (   0.3750000   0.1250000   0.6250000), wk =   0.3750000
        k(    8) = (  -0.1250000  -0.8750000   0.1250000), wk =   0.1875000
        k(    9) = (  -0.3750000   0.3750000   0.3750000), wk =   0.0625000
        k(   10) = (   0.3750000  -0.3750000   1.1250000), wk =   0.1875000

     Dense  grid:     4285 G-vectors     FFT dimensions: (  24,  24,  24)

     Largest allocated arrays     est. size (Mb)     dimensions
        Kohn-Sham Wavefunctions         0.02 Mb     (     276,    4)
        NL pseudopotentials             0.03 Mb     (     276,    8)
        Each V/rho on FFT grid          0.11 Mb     (    6912)
        Each G-vector array             0.02 Mb     (    2142)
        G-vector shells                 0.00 Mb     (      87)
     Largest temporary arrays     est. size (Mb)     dimensions
        Auxiliary wavefunctions         0.07 Mb     (     276,   16)
        Each subspace H/S matrix        0.00 Mb     (      16,   16)
        Each <psi_i|beta_j> matrix      0.00 Mb     (       8,    4)
        Arrays for rho mixing           0.84 Mb     (    6912,    8)

     Initial potential from superposition of free atoms

     starting charge    7.99901, renormalised to    8.00000
     Starting wfc are    8 randomized atomic wfcs

     total cpu time spent up to now is        1.2 secs

     per-process dynamical memory:     8.7 Mb

     Self-consistent Calculation

     iteration #  1     ecut=    24.00 Ry     beta=0.70
     Davidson diagonalization with overlap
     ethr =  1.11E-09,  avg # of iterations = 10.3

     total cpu time spent up to now is        1.6 secs

     total energy              =     -15.84679897 Ry
     Harris-Foulkes estimate   =     -15.86671389 Ry
     estimated scf accuracy    <       0.05990496 Ry

     iteration #  2     ecut=    24.00 Ry     beta=0.70
     Davidson diagonalization with overlap
     ethr =  7.49E-04,  avg # of iterations =  1.0

     total cpu time spent up to now is        1.6 secs

     total energy              =     -15.84981942 Ry
     Harris-Foulkes estimate   =     -15.85009559 Ry
     estimated scf accuracy    <       0.00208279 Ry

     iteration #  3     ecut=    24.00 Ry     beta=0.70
     Davidson diagonalization with overlap
     ethr =  2.60E-05,  avg # of iterations =  2.6

     total cpu time spent up to now is        1.8 secs

     total energy              =     -15.85027523 Ry
     Harris-Foulkes estimate   =     -15.85030157 Ry
     estimated scf accuracy    <       0.00006157 Ry

     iteration #  4     ecut=    24.00 Ry     beta=0.70
     Davidson diagonalization with overlap
     ethr =  7.70E-07,  avg # of iterations =  2.0

     total cpu time spent up to now is        1.9 secs

     total energy              =     -15.85028671 Ry
     Harris-Foulkes estimate   =     -15.85028875 Ry
     estimated scf accuracy    <       0.00000499 Ry

     iteration #  5     ecut=    24.00 Ry     beta=0.70
     Davidson diagonalization with overlap
     ethr =  6.23E-08,  avg # of iterations =  2.0

     total cpu time spent up to now is        2.0 secs

     total energy              =     -15.85028739 Ry
     Harris-Foulkes estimate   =     -15.85028742 Ry
     estimated scf accuracy    <       0.00000005 Ry

     iteration #  6     ecut=    24.00 Ry     beta=0.70
     Davidson diagonalization with overlap
     ethr =  6.38E-10,  avg # of iterations =  2.5

     total cpu time spent up to now is        2.1 secs

     End of self-consistent calculation

          k =-0.1250 0.1250 0.1250 (   537 PWs)   bands (ev):

    -5.7228   4.3383   5.6454   5.6454

          k =-0.3750 0.3750-0.1250 (   544 PWs)   bands (ev):

    -4.6852   1.3368   3.6341   5.1631

          k = 0.3750-0.3750 0.6250 (   547 PWs)   bands (ev):

    -3.5232  -0.7720   3.6629   4.3815

          k = 0.1250-0.1250 0.3750 (   545 PWs)   bands (ev):

    -5.1900   2.7256   4.6249   4.6944

          k =-0.1250 0.6250 0.1250 (   543 PWs)   bands (ev):

    -4.1485   1.0277   3.2780   3.7416

          k = 0.6250-0.1250 0.8750 (   541 PWs)   bands (ev):

    -2.4845  -0.9420   1.8925   2.9908

          k = 0.3750 0.1250 0.6250 (   541 PWs)   bands (ev):

    -3.7248   0.1336   2.6292   4.0167

          k =-0.1250-0.8750 0.1250 (   540 PWs)   bands (ev):

    -2.6616  -0.8403   2.5168   3.2697

          k =-0.3750 0.3750 0.3750 (   547 PWs)   bands (ev):

    -4.2442   0.0239   4.8524   4.8524

          k = 0.3750-0.3750 1.1250 (   537 PWs)   bands (ev):

    -3.0241  -0.6592   1.9599   4.0603

     highest occupied level (ev):     5.6454

!    total energy              =     -15.85028741 Ry
     Harris-Foulkes estimate   =     -15.85028741 Ry
     estimated scf accuracy    <          4.9E-10 Ry

     The total energy is the sum of the following terms:

     one-electron contribution =       4.56792296 Ry
     hartree contribution      =       1.10261438 Ry
     xc contribution           =      -4.78514149 Ry
     ewald contribution        =     -16.73568326 Ry

     convergence has been achieved in   6 iterations

     Writing output data file silicon.save

  ++++++++++++++++++++++++++++++++++++++++++++++++++++++++++++++++++++++++++++
     I am the master and now I do geometry    9
  ++++++++++++++++++++++++++++++++++++++++++++++++++++++++++++++++++++++++++++


     Parallelization info
     --------------------
     sticks:   dense  smooth     PW     G-vecs:    dense   smooth      PW
     Min         180     180     60                 2238     2238     434
     Max         181     181     61                 2239     2239     435
     Sum         361     361    121                 4477     4477     869



     bravais-lattice index     =            2
     lattice parameter (alat)  =      10.4000  a.u.
     unit-cell volume          =     281.2160 (a.u.)^3
     number of atoms/cell      =            2
     number of atomic types    =            1
     number of electrons       =         8.00
     number of Kohn-Sham states=            4
     kinetic-energy cutoff     =      24.0000  Ry
     charge density cutoff     =      96.0000  Ry
     convergence threshold     =      1.0E-08
     mixing beta               =       0.7000
     number of iterations used =            8  plain     mixing
     Exchange-correlation      =  SLA  PZ   NOGX NOGC ( 1  1  0  0 0)

     celldm(1)=  10.400000  celldm(2)=   0.000000  celldm(3)=   0.000000
     celldm(4)=   0.000000  celldm(5)=   0.000000  celldm(6)=   0.000000

     crystal axes: (cart. coord. in units of alat)
               a(1) = (  -0.500000   0.000000   0.500000 )  
               a(2) = (   0.000000   0.500000   0.500000 )  
               a(3) = (  -0.500000   0.500000   0.000000 )  

     reciprocal axes: (cart. coord. in units 2 pi/alat)
               b(1) = ( -1.000000 -1.000000  1.000000 )  
               b(2) = (  1.000000  1.000000  1.000000 )  
               b(3) = ( -1.000000  1.000000 -1.000000 )  


     PseudoPot. # 1 for Si read from file:
     /scratch/dalcorso_sissa/espresso_jan_2014/pseudo/Si.pz-vbc.UPF
     MD5 check sum: 6dfa03ddd5817404712e03e4d12deb78
     Pseudo is Norm-conserving, Zval =  4.0
     Generated by new atomic code, or converted to UPF format
     Using radial grid of  431 points,  2 beta functions with: 
                l(1) =   0
                l(2) =   1

     atomic species   valence    mass     pseudopotential
        Si             4.00    28.08600     Si( 1.00)

     48 Sym. Ops., with inversion, found (24 have fractional translation)



   Cartesian axes

     site n.     atom                  positions (alat units)
         1           Si  tau(   1) = (   0.0000000   0.0000000   0.0000000  )
         2           Si  tau(   2) = (   0.2500000   0.2500000   0.2500000  )

     number of k points=    10
                       cart. coord. in units 2pi/alat
        k(    1) = (  -0.1250000   0.1250000   0.1250000), wk =   0.0625000
        k(    2) = (  -0.3750000   0.3750000  -0.1250000), wk =   0.1875000
        k(    3) = (   0.3750000  -0.3750000   0.6250000), wk =   0.1875000
        k(    4) = (   0.1250000  -0.1250000   0.3750000), wk =   0.1875000
        k(    5) = (  -0.1250000   0.6250000   0.1250000), wk =   0.1875000
        k(    6) = (   0.6250000  -0.1250000   0.8750000), wk =   0.3750000
        k(    7) = (   0.3750000   0.1250000   0.6250000), wk =   0.3750000
        k(    8) = (  -0.1250000  -0.8750000   0.1250000), wk =   0.1875000
        k(    9) = (  -0.3750000   0.3750000   0.3750000), wk =   0.0625000
        k(   10) = (   0.3750000  -0.3750000   1.1250000), wk =   0.1875000

     Dense  grid:     4477 G-vectors     FFT dimensions: (  24,  24,  24)

     Largest allocated arrays     est. size (Mb)     dimensions
        Kohn-Sham Wavefunctions         0.02 Mb     (     283,    4)
        NL pseudopotentials             0.03 Mb     (     283,    8)
        Each V/rho on FFT grid          0.11 Mb     (    6912)
        Each G-vector array             0.02 Mb     (    2239)
        G-vector shells                 0.00 Mb     (      89)
     Largest temporary arrays     est. size (Mb)     dimensions
        Auxiliary wavefunctions         0.07 Mb     (     283,   16)
        Each subspace H/S matrix        0.00 Mb     (      16,   16)
        Each <psi_i|beta_j> matrix      0.00 Mb     (       8,    4)
        Arrays for rho mixing           0.84 Mb     (    6912,    8)

     Initial potential from superposition of free atoms

     starting charge    7.99901, renormalised to    8.00000
     Starting wfc are    8 randomized atomic wfcs

     total cpu time spent up to now is        2.4 secs

     per-process dynamical memory:     8.7 Mb

     Self-consistent Calculation

     iteration #  1     ecut=    24.00 Ry     beta=0.70
     Davidson diagonalization with overlap
     ethr =  6.38E-10,  avg # of iterations = 10.6

     total cpu time spent up to now is        2.8 secs

     total energy              =     -15.84524780 Ry
     Harris-Foulkes estimate   =     -15.86367294 Ry
     estimated scf accuracy    <       0.05694171 Ry

     iteration #  2     ecut=    24.00 Ry     beta=0.70
     Davidson diagonalization with overlap
     ethr =  7.12E-04,  avg # of iterations =  1.0

     total cpu time spent up to now is        2.9 secs

     total energy              =     -15.84795759 Ry
     Harris-Foulkes estimate   =     -15.84824177 Ry
     estimated scf accuracy    <       0.00207019 Ry

     iteration #  3     ecut=    24.00 Ry     beta=0.70
     Davidson diagonalization with overlap
     ethr =  2.59E-05,  avg # of iterations =  2.5

     total cpu time spent up to now is        3.0 secs

     total energy              =     -15.84837216 Ry
     Harris-Foulkes estimate   =     -15.84839559 Ry
     estimated scf accuracy    <       0.00005498 Ry

     iteration #  4     ecut=    24.00 Ry     beta=0.70
     Davidson diagonalization with overlap
     ethr =  6.87E-07,  avg # of iterations =  2.0

     total cpu time spent up to now is        3.1 secs

     total energy              =     -15.84838397 Ry
     Harris-Foulkes estimate   =     -15.84838550 Ry
     estimated scf accuracy    <       0.00000398 Ry

     iteration #  5     ecut=    24.00 Ry     beta=0.70
     Davidson diagonalization with overlap
     ethr =  4.98E-08,  avg # of iterations =  2.0

     total cpu time spent up to now is        3.2 secs

     total energy              =     -15.84838456 Ry
     Harris-Foulkes estimate   =     -15.84838459 Ry
     estimated scf accuracy    <       0.00000006 Ry

     iteration #  6     ecut=    24.00 Ry     beta=0.70
     Davidson diagonalization with overlap
     ethr =  6.88E-10,  avg # of iterations =  2.5

     total cpu time spent up to now is        3.4 secs

     End of self-consistent calculation

          k =-0.1250 0.1250 0.1250 (   552 PWs)   bands (ev):

    -5.8279   4.0509   5.3605   5.3605

          k =-0.3750 0.3750-0.1250 (   557 PWs)   bands (ev):

    -4.8173   1.0974   3.3963   4.8852

          k = 0.3750-0.3750 0.6250 (   565 PWs)   bands (ev):

    -3.6943  -0.9495   3.4114   4.1263

          k = 0.1250-0.1250 0.3750 (   561 PWs)   bands (ev):

    -5.3085   2.4511   4.3693   4.4217

          k =-0.1250 0.6250 0.1250 (   558 PWs)   bands (ev):

    -4.2935   0.7632   3.0558   3.5072

          k = 0.6250-0.1250 0.8750 (   555 PWs)   bands (ev):

    -2.6796  -1.1647   1.7181   2.7844

          k = 0.3750 0.1250 0.6250 (   557 PWs)   bands (ev):

    -3.8839  -0.0931   2.4181   3.7759

          k =-0.1250-0.8750 0.1250 (   558 PWs)   bands (ev):

    -2.8452  -1.0695   2.3230   3.0461

          k =-0.3750 0.3750 0.3750 (   562 PWs)   bands (ev):

    -4.3905  -0.1724   4.5829   4.5829

          k = 0.3750-0.3750 1.1250 (   553 PWs)   bands (ev):

    -3.2071  -0.8666   1.7728   3.8150

     highest occupied level (ev):     5.3605

!    total energy              =     -15.84838458 Ry
     Harris-Foulkes estimate   =     -15.84838458 Ry
     estimated scf accuracy    <          3.3E-10 Ry

     The total energy is the sum of the following terms:

     one-electron contribution =       4.35365304 Ry
     hartree contribution      =       1.12701342 Ry
     xc contribution           =      -4.75428781 Ry
     ewald contribution        =     -16.57476323 Ry

     convergence has been achieved in   6 iterations

     Writing output data file silicon.save

  ++++++++++++++++++++++++++++++++++++++++++++++++++++++++++++++++++++++++++++
     The equilibrium lattice constant is      10.2128 a.u.
     The bulk modulus is                      944.20 kbar
  ++++++++++++++++++++++++++++++++++++++++++++++++++++++++++++++++++++++++++++


     Parallelization info
     --------------------
     sticks:   dense  smooth     PW     G-vecs:    dense   smooth      PW
     Min         174     174     60                 2139     2139     434
     Max         175     175     61                 2140     2140     435
     Sum         349     349    121                 4279     4279     869



     bravais-lattice index     =            2
     lattice parameter (alat)  =      10.2128  a.u.
     unit-cell volume          =     266.3028 (a.u.)^3
     number of atoms/cell      =            2
     number of atomic types    =            1
     number of electrons       =         8.00
     number of Kohn-Sham states=            4
     kinetic-energy cutoff     =      24.0000  Ry
     charge density cutoff     =      96.0000  Ry
     convergence threshold     =      1.0E-08
     mixing beta               =       0.7000
     number of iterations used =            8  plain     mixing
     Exchange-correlation      =  SLA  PZ   NOGX NOGC ( 1  1  0  0 0)

     celldm(1)=  10.212810  celldm(2)=   0.000000  celldm(3)=   0.000000
     celldm(4)=   0.000000  celldm(5)=   0.000000  celldm(6)=   0.000000

     crystal axes: (cart. coord. in units of alat)
               a(1) = (  -0.500000   0.000000   0.500000 )  
               a(2) = (   0.000000   0.500000   0.500000 )  
               a(3) = (  -0.500000   0.500000   0.000000 )  

     reciprocal axes: (cart. coord. in units 2 pi/alat)
               b(1) = ( -1.000000 -1.000000  1.000000 )  
               b(2) = (  1.000000  1.000000  1.000000 )  
               b(3) = ( -1.000000  1.000000 -1.000000 )  


     PseudoPot. # 1 for Si read from file:
     /scratch/dalcorso_sissa/espresso_jan_2014/pseudo/Si.pz-vbc.UPF
     MD5 check sum: 6dfa03ddd5817404712e03e4d12deb78
     Pseudo is Norm-conserving, Zval =  4.0
     Generated by new atomic code, or converted to UPF format
     Using radial grid of  431 points,  2 beta functions with: 
                l(1) =   0
                l(2) =   1

     atomic species   valence    mass     pseudopotential
        Si             4.00    28.08600     Si( 1.00)

     48 Sym. Ops., with inversion, found (24 have fractional translation)



   Cartesian axes

     site n.     atom                  positions (alat units)
         1           Si  tau(   1) = (   0.0000000   0.0000000   0.0000000  )
         2           Si  tau(   2) = (   0.2500000   0.2500000   0.2500000  )

     number of k points=    10
                       cart. coord. in units 2pi/alat
        k(    1) = (  -0.1250000   0.1250000   0.1250000), wk =   0.0625000
        k(    2) = (  -0.3750000   0.3750000  -0.1250000), wk =   0.1875000
        k(    3) = (   0.3750000  -0.3750000   0.6250000), wk =   0.1875000
        k(    4) = (   0.1250000  -0.1250000   0.3750000), wk =   0.1875000
        k(    5) = (  -0.1250000   0.6250000   0.1250000), wk =   0.1875000
        k(    6) = (   0.6250000  -0.1250000   0.8750000), wk =   0.3750000
        k(    7) = (   0.3750000   0.1250000   0.6250000), wk =   0.3750000
        k(    8) = (  -0.1250000  -0.8750000   0.1250000), wk =   0.1875000
        k(    9) = (  -0.3750000   0.3750000   0.3750000), wk =   0.0625000
        k(   10) = (   0.3750000  -0.3750000   1.1250000), wk =   0.1875000

     Dense  grid:     4279 G-vectors     FFT dimensions: (  24,  24,  24)

     Largest allocated arrays     est. size (Mb)     dimensions
        Kohn-Sham Wavefunctions         0.02 Mb     (     270,    4)
        NL pseudopotentials             0.03 Mb     (     270,    8)
        Each V/rho on FFT grid          0.11 Mb     (    6912)
        Each G-vector array             0.02 Mb     (    2139)
        G-vector shells                 0.00 Mb     (      86)
     Largest temporary arrays     est. size (Mb)     dimensions
        Auxiliary wavefunctions         0.07 Mb     (     270,   16)
        Each subspace H/S matrix        0.00 Mb     (      16,   16)
        Each <psi_i|beta_j> matrix      0.00 Mb     (       8,    4)
        Arrays for rho mixing           0.84 Mb     (    6912,    8)

     Initial potential from superposition of free atoms

     starting charge    7.99901, renormalised to    8.00000
     Starting wfc are    8 randomized atomic wfcs

     total cpu time spent up to now is        3.7 secs

     per-process dynamical memory:     8.7 Mb

     Self-consistent Calculation

     iteration #  1     ecut=    24.00 Ry     beta=0.70
     Davidson diagonalization with overlap
     ethr =  6.88E-10,  avg # of iterations = 10.7

     total cpu time spent up to now is        4.1 secs

     total energy              =     -15.84700429 Ry
     Harris-Foulkes estimate   =     -15.86829209 Ry
     estimated scf accuracy    <       0.06260782 Ry

     iteration #  2     ecut=    24.00 Ry     beta=0.70
     Davidson diagonalization with overlap
     ethr =  7.83E-04,  avg # of iterations =  1.0

     total cpu time spent up to now is        4.2 secs

     total energy              =     -15.85031098 Ry
     Harris-Foulkes estimate   =     -15.85057974 Ry
     estimated scf accuracy    <       0.00209276 Ry

     iteration #  3     ecut=    24.00 Ry     beta=0.70
     Davidson diagonalization with overlap
     ethr =  2.62E-05,  avg # of iterations =  2.6

     total cpu time spent up to now is        4.3 secs

     total energy              =     -15.85080425 Ry
     Harris-Foulkes estimate   =     -15.85083234 Ry
     estimated scf accuracy    <       0.00006586 Ry

     iteration #  4     ecut=    24.00 Ry     beta=0.70
     Davidson diagonalization with overlap
     ethr =  8.23E-07,  avg # of iterations =  2.0

     total cpu time spent up to now is        4.5 secs

     total energy              =     -15.85081640 Ry
     Harris-Foulkes estimate   =     -15.85081863 Ry
     estimated scf accuracy    <       0.00000547 Ry

     iteration #  5     ecut=    24.00 Ry     beta=0.70
     Davidson diagonalization with overlap
     ethr =  6.84E-08,  avg # of iterations =  2.0

     total cpu time spent up to now is        4.6 secs

     total energy              =     -15.85081713 Ry
     Harris-Foulkes estimate   =     -15.85081716 Ry
     estimated scf accuracy    <       0.00000005 Ry

     iteration #  6     ecut=    24.00 Ry     beta=0.70
     Davidson diagonalization with overlap
     ethr =  6.09E-10,  avg # of iterations =  2.6

     total cpu time spent up to now is        4.7 secs

     End of self-consistent calculation

          k =-0.1250 0.1250 0.1250 (   534 PWs)   bands (ev):

    -5.6280   4.5945   5.9020   5.9020

          k =-0.3750 0.3750-0.1250 (   531 PWs)   bands (ev):

    -4.5662   1.5507   3.8497   5.4136

          k = 0.3750-0.3750 0.6250 (   530 PWs)   bands (ev):

    -3.3689  -0.6139   3.8906   4.6123

          k = 0.1250-0.1250 0.3750 (   531 PWs)   bands (ev):

    -5.0832   2.9702   4.8562   4.9413

          k =-0.1250 0.6250 0.1250 (   528 PWs)   bands (ev):

    -4.0180   1.2646   3.4791   3.9533

          k = 0.6250-0.1250 0.8750 (   522 PWs)   bands (ev):

    -2.3088  -0.7421   2.0503   3.1772

          k = 0.3750 0.1250 0.6250 (   528 PWs)   bands (ev):

    -3.5818   0.3362   2.8204   4.2336

          k =-0.1250-0.8750 0.1250 (   523 PWs)   bands (ev):

    -2.4965  -0.6344   2.6919   3.4712

          k =-0.3750 0.3750 0.3750 (   528 PWs)   bands (ev):

    -4.1124   0.1990   5.0958   5.0958

          k = 0.3750-0.3750 1.1250 (   526 PWs)   bands (ev):

    -2.8592  -0.4740   2.1297   4.2817

     highest occupied level (ev):     5.9020

!    total energy              =     -15.85081715 Ry
     Harris-Foulkes estimate   =     -15.85081715 Ry
     estimated scf accuracy    <          4.3E-10 Ry

     The total energy is the sum of the following terms:

     one-electron contribution =       4.75902574 Ry
     hartree contribution      =       1.08140782 Ry
     xc contribution           =      -4.81268923 Ry
     ewald contribution        =     -16.87856149 Ry

     convergence has been achieved in   6 iterations

     Writing output data file silicon.save
 %%%%%%%%%%%%%%%%%%%%%%%%%%%%%%%%%%%%%%%%%%%%
 Computing geometry            1
 %%%%%%%%%%%%%%%%%%%%%%%%%%%%%%%%%%%%%%%%%%%%
     Message from routine read_xml_file:
     file /scratch/dalcorso_sissa/espresso_jan_2014/tempdir/g1/silicon.save not guaranteed to be safe for post-processing

   Info: using nr1, nr2, nr3 values from input

   Info: using nr1s, nr2s, nr3s values from input

     IMPORTANT: XC functional enforced from input :
     Exchange-correlation      =  SLA  PZ   NOGX NOGC ( 1  1  0  0 0)
     Any further DFT definition will be discarded
     Please, verify this is what you really want


     Parallelization info
     --------------------
     sticks:   dense  smooth     PW     G-vecs:    dense   smooth      PW
     Min         174     174     60                 2139     2139     434
     Max         175     175     61                 2140     2140     435
     Sum         349     349    121                 4279     4279     869

 xmldyn F si.dyn

  ++++++++++++++++++++++++++++++++++++++++++++++++++++++++++++++++++++++++++++
     I am the master and now I do point    1 irrep    1 of geometry    1
  ++++++++++++++++++++++++++++++++++++++++++++++++++++++++++++++++++++++++++++


     Calculation of q =    1.0000000   0.0000000   0.0000000

     Parallelization info
     --------------------
     sticks:   dense  smooth     PW     G-vecs:    dense   smooth      PW
     Min         174     174     69                 2139     2139     533
     Max         175     175     70                 2140     2140     534
     Sum         349     349    139                 4279     4279    1067



     bravais-lattice index     =            2
     lattice parameter (alat)  =      10.2128  a.u.
     unit-cell volume          =     266.3028 (a.u.)^3
     number of atoms/cell      =            2
     number of atomic types    =            1
     number of electrons       =         8.00
     number of Kohn-Sham states=            4
     kinetic-energy cutoff     =      24.0000  Ry
     charge density cutoff     =      96.0000  Ry
     convergence threshold     =      1.0E-08
     mixing beta               =       0.7000
     number of iterations used =            8  plain     mixing
     Exchange-correlation      =  SLA  PZ   NOGX NOGC ( 1  1  0  0 0)

     celldm(1)=  10.212810  celldm(2)=   0.000000  celldm(3)=   0.000000
     celldm(4)=   0.000000  celldm(5)=   0.000000  celldm(6)=   0.000000

     crystal axes: (cart. coord. in units of alat)
               a(1) = (  -0.500000   0.000000   0.500000 )  
               a(2) = (   0.000000   0.500000   0.500000 )  
               a(3) = (  -0.500000   0.500000   0.000000 )  

     reciprocal axes: (cart. coord. in units 2 pi/alat)
               b(1) = ( -1.000000 -1.000000  1.000000 )  
               b(2) = (  1.000000  1.000000  1.000000 )  
               b(3) = ( -1.000000  1.000000 -1.000000 )  


     PseudoPot. # 1 for Si read from file:
     /scratch/dalcorso_sissa/espresso_jan_2014/pseudo/Si.pz-vbc.UPF
     MD5 check sum: 6dfa03ddd5817404712e03e4d12deb78
     Pseudo is Norm-conserving, Zval =  4.0
     Generated by new atomic code, or converted to UPF format
     Using radial grid of  431 points,  2 beta functions with: 
                l(1) =   0
                l(2) =   1

     atomic species   valence    mass     pseudopotential
        Si             4.00    28.08600     Si( 1.00)

     48 Sym. Ops., with inversion, found (24 have fractional translation)



   Cartesian axes

     site n.     atom                  positions (alat units)
         1           Si  tau(   1) = (   0.0000000   0.0000000   0.0000000  )
         2           Si  tau(   2) = (   0.2500000   0.2500000   0.2500000  )

     number of k points=    40
                       cart. coord. in units 2pi/alat
        k(    1) = (  -0.1250000   0.1250000   0.1250000), wk =   0.0625000
        k(    2) = (   0.8750000   0.1250000   0.1250000), wk =   0.0000000
        k(    3) = (  -0.3750000   0.3750000  -0.1250000), wk =   0.1250000
        k(    4) = (   0.6250000   0.3750000  -0.1250000), wk =   0.0000000
        k(    5) = (   0.3750000  -0.3750000   0.6250000), wk =   0.1250000
        k(    6) = (   1.3750000  -0.3750000   0.6250000), wk =   0.0000000
        k(    7) = (   0.1250000  -0.1250000   0.3750000), wk =   0.1250000
        k(    8) = (   1.1250000  -0.1250000   0.3750000), wk =   0.0000000
        k(    9) = (  -0.1250000   0.6250000   0.1250000), wk =   0.1250000
        k(   10) = (   0.8750000   0.6250000   0.1250000), wk =   0.0000000
        k(   11) = (   0.6250000  -0.1250000   0.8750000), wk =   0.1250000
        k(   12) = (   1.6250000  -0.1250000   0.8750000), wk =   0.0000000
        k(   13) = (   0.3750000   0.1250000   0.6250000), wk =   0.1250000
        k(   14) = (   1.3750000   0.1250000   0.6250000), wk =   0.0000000
        k(   15) = (  -0.1250000  -0.8750000   0.1250000), wk =   0.1250000
        k(   16) = (   0.8750000  -0.8750000   0.1250000), wk =   0.0000000
        k(   17) = (  -0.3750000   0.3750000   0.3750000), wk =   0.0625000
        k(   18) = (   0.6250000   0.3750000   0.3750000), wk =   0.0000000
        k(   19) = (   0.3750000  -0.3750000   1.1250000), wk =   0.1250000
        k(   20) = (   1.3750000  -0.3750000   1.1250000), wk =   0.0000000
        k(   21) = (  -0.1250000  -0.3750000   0.3750000), wk =   0.0625000
        k(   22) = (   0.8750000  -0.3750000   0.3750000), wk =   0.0000000
        k(   23) = (   0.6250000   0.3750000  -0.3750000), wk =   0.0625000
        k(   24) = (   1.6250000   0.3750000  -0.3750000), wk =   0.0000000
        k(   25) = (   0.3750000   0.1250000  -0.1250000), wk =   0.0625000
        k(   26) = (   1.3750000   0.1250000  -0.1250000), wk =   0.0000000
        k(   27) = (   0.6250000   0.1250000  -0.1250000), wk =   0.0625000
        k(   28) = (   1.6250000   0.1250000  -0.1250000), wk =   0.0000000
        k(   29) = (  -0.1250000   0.8750000   0.6250000), wk =   0.1250000
        k(   30) = (   0.8750000   0.8750000   0.6250000), wk =   0.0000000
        k(   31) = (   0.8750000   0.6250000  -0.1250000), wk =   0.1250000
        k(   32) = (   1.8750000   0.6250000  -0.1250000), wk =   0.0000000
        k(   33) = (   0.1250000   0.6250000   0.3750000), wk =   0.1250000
        k(   34) = (   1.1250000   0.6250000   0.3750000), wk =   0.0000000
        k(   35) = (   0.6250000   0.3750000   0.1250000), wk =   0.1250000
        k(   36) = (   1.6250000   0.3750000   0.1250000), wk =   0.0000000
        k(   37) = (  -0.8750000   0.1250000  -0.1250000), wk =   0.0625000
        k(   38) = (   0.1250000   0.1250000  -0.1250000), wk =   0.0000000
        k(   39) = (   1.1250000   0.3750000  -0.3750000), wk =   0.0625000
        k(   40) = (   2.1250000   0.3750000  -0.3750000), wk =   0.0000000

     Dense  grid:     4279 G-vectors     FFT dimensions: (  24,  24,  24)

     Largest allocated arrays     est. size (Mb)     dimensions
        Kohn-Sham Wavefunctions         0.02 Mb     (     277,    4)
        NL pseudopotentials             0.03 Mb     (     277,    8)
        Each V/rho on FFT grid          0.11 Mb     (    6912)
        Each G-vector array             0.02 Mb     (    2139)
        G-vector shells                 0.00 Mb     (      86)
     Largest temporary arrays     est. size (Mb)     dimensions
        Auxiliary wavefunctions         0.07 Mb     (     277,   16)
        Each subspace H/S matrix        0.00 Mb     (      16,   16)
        Each <psi_i|beta_j> matrix      0.00 Mb     (       8,    4)
        Arrays for rho mixing           0.84 Mb     (    6912,    8)

     The initial density is read from file :
     /scratch/dalcorso_sissa/espresso_jan_2014/tempdir/g1/_ph0/silicon.save/charge-density.dat

     Starting wfc are    8 atomic wfcs

     Band Structure Calculation
     Davidson diagonalization with overlap

     ethr =  1.25E-10,  avg # of iterations = 11.9

     total cpu time spent up to now is        7.2 secs

     End of band structure calculation

          k =-0.1250 0.1250 0.1250 (   534 PWs)   bands (ev):

    -5.6280   4.5946   5.9020   5.9020

          k = 0.8750 0.1250 0.1250 (   523 PWs)   bands (ev):

    -2.4965  -0.6344   2.6919   3.4712

          k =-0.3750 0.3750-0.1250 (   531 PWs)   bands (ev):

    -4.5661   1.5508   3.8497   5.4136

          k = 0.6250 0.3750-0.1250 (   528 PWs)   bands (ev):

    -3.5817   0.3362   2.8204   4.2336

          k = 0.3750-0.3750 0.6250 (   530 PWs)   bands (ev):

    -3.3688  -0.6138   3.8907   4.6123

          k = 1.3750-0.3750 0.6250 (   530 PWs)   bands (ev):

    -3.3688  -0.6138   3.8907   4.6123

          k = 0.1250-0.1250 0.3750 (   531 PWs)   bands (ev):

    -5.0831   2.9703   4.8562   4.9413

          k = 1.1250-0.1250 0.3750 (   522 PWs)   bands (ev):

    -2.3088  -0.7421   2.0503   3.1772

          k =-0.1250 0.6250 0.1250 (   528 PWs)   bands (ev):

    -4.0180   1.2646   3.4791   3.9533

          k = 0.8750 0.6250 0.1250 (   522 PWs)   bands (ev):

    -2.3088  -0.7421   2.0503   3.1772

          k = 0.6250-0.1250 0.8750 (   522 PWs)   bands (ev):

    -2.3088  -0.7421   2.0503   3.1772

          k = 1.6250-0.1250 0.8750 (   522 PWs)   bands (ev):

    -2.3088  -0.7421   2.0503   3.1772

          k = 0.3750 0.1250 0.6250 (   528 PWs)   bands (ev):

    -3.5817   0.3362   2.8204   4.2336

          k = 1.3750 0.1250 0.6250 (   526 PWs)   bands (ev):

    -2.8591  -0.4740   2.1297   4.2818

          k =-0.1250-0.8750 0.1250 (   523 PWs)   bands (ev):

    -2.4965  -0.6344   2.6919   3.4712

          k = 0.8750-0.8750 0.1250 (   523 PWs)   bands (ev):

    -2.4965  -0.6344   2.6919   3.4712

          k =-0.3750 0.3750 0.3750 (   528 PWs)   bands (ev):

    -4.1124   0.1991   5.0958   5.0958

          k = 0.6250 0.3750 0.3750 (   530 PWs)   bands (ev):

    -3.3688  -0.6138   3.8907   4.6123

          k = 0.3750-0.3750 1.1250 (   526 PWs)   bands (ev):

    -2.8591  -0.4740   2.1297   4.2818

          k = 1.3750-0.3750 1.1250 (   528 PWs)   bands (ev):

    -3.5817   0.3362   2.8204   4.2336

          k =-0.1250-0.3750 0.3750 (   531 PWs)   bands (ev):

    -4.5661   1.5508   3.8497   5.4136

          k = 0.8750-0.3750 0.3750 (   526 PWs)   bands (ev):

    -2.8591  -0.4740   2.1297   4.2818

          k = 0.6250 0.3750-0.3750 (   530 PWs)   bands (ev):

    -3.3688  -0.6138   3.8907   4.6123

          k = 1.6250 0.3750-0.3750 (   528 PWs)   bands (ev):

    -4.1124   0.1991   5.0958   5.0958

          k = 0.3750 0.1250-0.1250 (   531 PWs)   bands (ev):

    -5.0831   2.9703   4.8562   4.9413

          k = 1.3750 0.1250-0.1250 (   528 PWs)   bands (ev):

    -4.0180   1.2646   3.4791   3.9533

          k = 0.6250 0.1250-0.1250 (   528 PWs)   bands (ev):

    -4.0180   1.2646   3.4791   3.9533

          k = 1.6250 0.1250-0.1250 (   531 PWs)   bands (ev):

    -5.0831   2.9703   4.8562   4.9413

          k =-0.1250 0.8750 0.6250 (   522 PWs)   bands (ev):

    -2.3088  -0.7421   2.0503   3.1772

          k = 0.8750 0.8750 0.6250 (   531 PWs)   bands (ev):

    -5.0831   2.9703   4.8562   4.9413

          k = 0.8750 0.6250-0.1250 (   522 PWs)   bands (ev):

    -2.3088  -0.7421   2.0503   3.1772

          k = 1.8750 0.6250-0.1250 (   528 PWs)   bands (ev):

    -4.0180   1.2646   3.4791   3.9533

          k = 0.1250 0.6250 0.3750 (   528 PWs)   bands (ev):

    -3.5817   0.3362   2.8204   4.2336

          k = 1.1250 0.6250 0.3750 (   528 PWs)   bands (ev):

    -3.5817   0.3362   2.8204   4.2336

          k = 0.6250 0.3750 0.1250 (   528 PWs)   bands (ev):

    -3.5817   0.3362   2.8204   4.2336

          k = 1.6250 0.3750 0.1250 (   531 PWs)   bands (ev):

    -4.5661   1.5508   3.8497   5.4136

          k =-0.8750 0.1250-0.1250 (   523 PWs)   bands (ev):

    -2.4965  -0.6344   2.6919   3.4712

          k = 0.1250 0.1250-0.1250 (   534 PWs)   bands (ev):

    -5.6280   4.5946   5.9020   5.9020

          k = 1.1250 0.3750-0.3750 (   526 PWs)   bands (ev):

    -2.8591  -0.4740   2.1297   4.2818

          k = 2.1250 0.3750-0.3750 (   531 PWs)   bands (ev):

    -4.5661   1.5508   3.8497   5.4136

     highest occupied level (ev):     5.9020

     Writing output data file silicon.save

                                                                                

     bravais-lattice index     =            2
     lattice parameter (alat)  =      10.2128  a.u.
     unit-cell volume          =     266.3028 (a.u.)^3
     number of atoms/cell      =            2
     number of atomic types    =            1
     kinetic-energy cut-off    =      24.0000  Ry
     charge density cut-off    =      96.0000  Ry
     convergence threshold     =      1.0E-12
     beta                      =       0.7000
     number of iterations used =            4
     Exchange-correlation      =  SLA  PZ   NOGX NOGC ( 1  1  0  0 0)


     celldm(1)=   10.21281  celldm(2)=    0.00000  celldm(3)=    0.00000
     celldm(4)=    0.00000  celldm(5)=    0.00000  celldm(6)=    0.00000

     crystal axes: (cart. coord. in units of alat)
               a(1) = ( -0.5000  0.0000  0.5000 )  
               a(2) = (  0.0000  0.5000  0.5000 )  
               a(3) = ( -0.5000  0.5000  0.0000 )  

     reciprocal axes: (cart. coord. in units 2 pi/alat)
               b(1) = ( -1.0000 -1.0000  1.0000 )  
               b(2) = (  1.0000  1.0000  1.0000 )  
               b(3) = ( -1.0000  1.0000 -1.0000 )  


     Atoms inside the unit cell: 

     Cartesian axes

     site n.  atom      mass           positions (alat units)
        1     Si  28.0860   tau(    1) = (    0.00000    0.00000    0.00000  )
        2     Si  28.0860   tau(    2) = (    0.25000    0.25000    0.25000  )

     Computing dynamical matrix for 
                    q = (   1.0000000   0.0000000   0.0000000 )

     17 Sym.Ops. (with q -> -q+G )


     G cutoff =  253.6308  (   2139 G-vectors)     FFT grid: ( 24, 24, 24)
     number of k points=    40
                       cart. coord. in units 2pi/alat
        k(    1) = (  -0.1250000   0.1250000   0.1250000), wk =   0.0625000
        k(    2) = (   0.8750000   0.1250000   0.1250000), wk =   0.0000000
        k(    3) = (  -0.3750000   0.3750000  -0.1250000), wk =   0.1250000
        k(    4) = (   0.6250000   0.3750000  -0.1250000), wk =   0.0000000
        k(    5) = (   0.3750000  -0.3750000   0.6250000), wk =   0.1250000
        k(    6) = (   1.3750000  -0.3750000   0.6250000), wk =   0.0000000
        k(    7) = (   0.1250000  -0.1250000   0.3750000), wk =   0.1250000
        k(    8) = (   1.1250000  -0.1250000   0.3750000), wk =   0.0000000
        k(    9) = (  -0.1250000   0.6250000   0.1250000), wk =   0.1250000
        k(   10) = (   0.8750000   0.6250000   0.1250000), wk =   0.0000000
        k(   11) = (   0.6250000  -0.1250000   0.8750000), wk =   0.1250000
        k(   12) = (   1.6250000  -0.1250000   0.8750000), wk =   0.0000000
        k(   13) = (   0.3750000   0.1250000   0.6250000), wk =   0.1250000
        k(   14) = (   1.3750000   0.1250000   0.6250000), wk =   0.0000000
        k(   15) = (  -0.1250000  -0.8750000   0.1250000), wk =   0.1250000
        k(   16) = (   0.8750000  -0.8750000   0.1250000), wk =   0.0000000
        k(   17) = (  -0.3750000   0.3750000   0.3750000), wk =   0.0625000
        k(   18) = (   0.6250000   0.3750000   0.3750000), wk =   0.0000000
        k(   19) = (   0.3750000  -0.3750000   1.1250000), wk =   0.1250000
        k(   20) = (   1.3750000  -0.3750000   1.1250000), wk =   0.0000000
        k(   21) = (  -0.1250000  -0.3750000   0.3750000), wk =   0.0625000
        k(   22) = (   0.8750000  -0.3750000   0.3750000), wk =   0.0000000
        k(   23) = (   0.6250000   0.3750000  -0.3750000), wk =   0.0625000
        k(   24) = (   1.6250000   0.3750000  -0.3750000), wk =   0.0000000
        k(   25) = (   0.3750000   0.1250000  -0.1250000), wk =   0.0625000
        k(   26) = (   1.3750000   0.1250000  -0.1250000), wk =   0.0000000
        k(   27) = (   0.6250000   0.1250000  -0.1250000), wk =   0.0625000
        k(   28) = (   1.6250000   0.1250000  -0.1250000), wk =   0.0000000
        k(   29) = (  -0.1250000   0.8750000   0.6250000), wk =   0.1250000
        k(   30) = (   0.8750000   0.8750000   0.6250000), wk =   0.0000000
        k(   31) = (   0.8750000   0.6250000  -0.1250000), wk =   0.1250000
        k(   32) = (   1.8750000   0.6250000  -0.1250000), wk =   0.0000000
        k(   33) = (   0.1250000   0.6250000   0.3750000), wk =   0.1250000
        k(   34) = (   1.1250000   0.6250000   0.3750000), wk =   0.0000000
        k(   35) = (   0.6250000   0.3750000   0.1250000), wk =   0.1250000
        k(   36) = (   1.6250000   0.3750000   0.1250000), wk =   0.0000000
        k(   37) = (  -0.8750000   0.1250000  -0.1250000), wk =   0.0625000
        k(   38) = (   0.1250000   0.1250000  -0.1250000), wk =   0.0000000
        k(   39) = (   1.1250000   0.3750000  -0.3750000), wk =   0.0625000
        k(   40) = (   2.1250000   0.3750000  -0.3750000), wk =   0.0000000

     PseudoPot. # 1 for Si read from file:
     /scratch/dalcorso_sissa/espresso_jan_2014/pseudo/Si.pz-vbc.UPF
     MD5 check sum: 6dfa03ddd5817404712e03e4d12deb78
     Pseudo is Norm-conserving, Zval =  4.0
     Generated by new atomic code, or converted to UPF format
     Using radial grid of  431 points,  2 beta functions with: 
                l(1) =   0
                l(2) =   1


     Atomic displacements:
     There are   3 irreducible representations

     Representation     1      2 modes -  To be done

     Representation     2      2 modes -  Not done in this run

     Representation     3      2 modes -  Not done in this run

     Compute atoms:     1,    2,


     PHONON       :      2.62s CPU      2.74s WALL (       1 calls)


     Representation #  1 modes #   1  2

     Self-consistent Calculation

      iter #   1 total cpu time :     3.7 secs   av.it.:   4.7
      thresh= 1.000E-02 alpha_mix =  0.700 |ddv_scf|^2 =  7.608E-09

      iter #   2 total cpu time :     5.3 secs   av.it.:   9.7
      thresh= 8.722E-06 alpha_mix =  0.700 |ddv_scf|^2 =  3.869E-10

      iter #   3 total cpu time :     6.9 secs   av.it.:   9.2
      thresh= 1.967E-06 alpha_mix =  0.700 |ddv_scf|^2 =  1.309E-11

      iter #   4 total cpu time :     8.4 secs   av.it.:   9.2
      thresh= 3.618E-07 alpha_mix =  0.700 |ddv_scf|^2 =  1.478E-14

     End of self-consistent calculation

     Convergence has been achieved 

     Not diagonalizing because representation    0 is not done

  ++++++++++++++++++++++++++++++++++++++++++++++++++++++++++++++++++++++++++++
     Collecting the results and writing fildyn files
  ++++++++++++++++++++++++++++++++++++++++++++++++++++++++++++++++++++++++++++


     Calculation of q =    1.0000000   0.0000000   0.0000000

     Parallelization info
     --------------------
     sticks:   dense  smooth     PW     G-vecs:    dense   smooth      PW
     Min         174     174     69                 2139     2139     533
     Max         175     175     70                 2140     2140     534
     Sum         349     349    139                 4279     4279    1067



     bravais-lattice index     =            2
     lattice parameter (alat)  =      10.2128  a.u.
     unit-cell volume          =     266.3028 (a.u.)^3
     number of atoms/cell      =            2
     number of atomic types    =            1
     number of electrons       =         8.00
     number of Kohn-Sham states=            4
     kinetic-energy cutoff     =      24.0000  Ry
     charge density cutoff     =      96.0000  Ry
     convergence threshold     =      1.0E-08
     mixing beta               =       0.7000
     number of iterations used =            8  plain     mixing
     Exchange-correlation      =  SLA  PZ   NOGX NOGC ( 1  1  0  0 0)

     celldm(1)=  10.212810  celldm(2)=   0.000000  celldm(3)=   0.000000
     celldm(4)=   0.000000  celldm(5)=   0.000000  celldm(6)=   0.000000

     crystal axes: (cart. coord. in units of alat)
               a(1) = (  -0.500000   0.000000   0.500000 )  
               a(2) = (   0.000000   0.500000   0.500000 )  
               a(3) = (  -0.500000   0.500000   0.000000 )  

     reciprocal axes: (cart. coord. in units 2 pi/alat)
               b(1) = ( -1.000000 -1.000000  1.000000 )  
               b(2) = (  1.000000  1.000000  1.000000 )  
               b(3) = ( -1.000000  1.000000 -1.000000 )  


     PseudoPot. # 1 for Si read from file:
     /scratch/dalcorso_sissa/espresso_jan_2014/pseudo/Si.pz-vbc.UPF
     MD5 check sum: 6dfa03ddd5817404712e03e4d12deb78
     Pseudo is Norm-conserving, Zval =  4.0
     Generated by new atomic code, or converted to UPF format
     Using radial grid of  431 points,  2 beta functions with: 
                l(1) =   0
                l(2) =   1

     atomic species   valence    mass     pseudopotential
        Si             4.00    28.08600     Si( 1.00)

     48 Sym. Ops., with inversion, found (24 have fractional translation)



   Cartesian axes

     site n.     atom                  positions (alat units)
         1           Si  tau(   1) = (   0.0000000   0.0000000   0.0000000  )
         2           Si  tau(   2) = (   0.2500000   0.2500000   0.2500000  )

     number of k points=    40
                       cart. coord. in units 2pi/alat
        k(    1) = (  -0.1250000   0.1250000   0.1250000), wk =   0.0625000
        k(    2) = (   0.8750000   0.1250000   0.1250000), wk =   0.0000000
        k(    3) = (  -0.3750000   0.3750000  -0.1250000), wk =   0.1250000
        k(    4) = (   0.6250000   0.3750000  -0.1250000), wk =   0.0000000
        k(    5) = (   0.3750000  -0.3750000   0.6250000), wk =   0.1250000
        k(    6) = (   1.3750000  -0.3750000   0.6250000), wk =   0.0000000
        k(    7) = (   0.1250000  -0.1250000   0.3750000), wk =   0.1250000
        k(    8) = (   1.1250000  -0.1250000   0.3750000), wk =   0.0000000
        k(    9) = (  -0.1250000   0.6250000   0.1250000), wk =   0.1250000
        k(   10) = (   0.8750000   0.6250000   0.1250000), wk =   0.0000000
        k(   11) = (   0.6250000  -0.1250000   0.8750000), wk =   0.1250000
        k(   12) = (   1.6250000  -0.1250000   0.8750000), wk =   0.0000000
        k(   13) = (   0.3750000   0.1250000   0.6250000), wk =   0.1250000
        k(   14) = (   1.3750000   0.1250000   0.6250000), wk =   0.0000000
        k(   15) = (  -0.1250000  -0.8750000   0.1250000), wk =   0.1250000
        k(   16) = (   0.8750000  -0.8750000   0.1250000), wk =   0.0000000
        k(   17) = (  -0.3750000   0.3750000   0.3750000), wk =   0.0625000
        k(   18) = (   0.6250000   0.3750000   0.3750000), wk =   0.0000000
        k(   19) = (   0.3750000  -0.3750000   1.1250000), wk =   0.1250000
        k(   20) = (   1.3750000  -0.3750000   1.1250000), wk =   0.0000000
        k(   21) = (  -0.1250000  -0.3750000   0.3750000), wk =   0.0625000
        k(   22) = (   0.8750000  -0.3750000   0.3750000), wk =   0.0000000
        k(   23) = (   0.6250000   0.3750000  -0.3750000), wk =   0.0625000
        k(   24) = (   1.6250000   0.3750000  -0.3750000), wk =   0.0000000
        k(   25) = (   0.3750000   0.1250000  -0.1250000), wk =   0.0625000
        k(   26) = (   1.3750000   0.1250000  -0.1250000), wk =   0.0000000
        k(   27) = (   0.6250000   0.1250000  -0.1250000), wk =   0.0625000
        k(   28) = (   1.6250000   0.1250000  -0.1250000), wk =   0.0000000
        k(   29) = (  -0.1250000   0.8750000   0.6250000), wk =   0.1250000
        k(   30) = (   0.8750000   0.8750000   0.6250000), wk =   0.0000000
        k(   31) = (   0.8750000   0.6250000  -0.1250000), wk =   0.1250000
        k(   32) = (   1.8750000   0.6250000  -0.1250000), wk =   0.0000000
        k(   33) = (   0.1250000   0.6250000   0.3750000), wk =   0.1250000
        k(   34) = (   1.1250000   0.6250000   0.3750000), wk =   0.0000000
        k(   35) = (   0.6250000   0.3750000   0.1250000), wk =   0.1250000
        k(   36) = (   1.6250000   0.3750000   0.1250000), wk =   0.0000000
        k(   37) = (  -0.8750000   0.1250000  -0.1250000), wk =   0.0625000
        k(   38) = (   0.1250000   0.1250000  -0.1250000), wk =   0.0000000
        k(   39) = (   1.1250000   0.3750000  -0.3750000), wk =   0.0625000
        k(   40) = (   2.1250000   0.3750000  -0.3750000), wk =   0.0000000

     Dense  grid:     4279 G-vectors     FFT dimensions: (  24,  24,  24)

     Largest allocated arrays     est. size (Mb)     dimensions
        Kohn-Sham Wavefunctions         0.02 Mb     (     277,    4)
        NL pseudopotentials             0.03 Mb     (     277,    8)
        Each V/rho on FFT grid          0.11 Mb     (    6912)
        Each G-vector array             0.02 Mb     (    2139)
        G-vector shells                 0.00 Mb     (      86)
     Largest temporary arrays     est. size (Mb)     dimensions
        Auxiliary wavefunctions         0.07 Mb     (     277,   16)
        Each subspace H/S matrix        0.00 Mb     (      16,   16)
        Each <psi_i|beta_j> matrix      0.00 Mb     (       8,    4)
        Arrays for rho mixing           0.84 Mb     (    6912,    8)

     The initial density is read from file :
     /scratch/dalcorso_sissa/espresso_jan_2014/tempdir/g1/_ph0/silicon.save/charge-density.dat

     Starting wfc are    8 atomic wfcs

     Band Structure Calculation
     Davidson diagonalization with overlap

     ethr =  1.25E-10,  avg # of iterations = 11.9

     total cpu time spent up to now is        9.5 secs

     End of band structure calculation

          k =-0.1250 0.1250 0.1250 (   534 PWs)   bands (ev):

    -5.6280   4.5946   5.9020   5.9020

          k = 0.8750 0.1250 0.1250 (   523 PWs)   bands (ev):

    -2.4965  -0.6344   2.6919   3.4712

          k =-0.3750 0.3750-0.1250 (   531 PWs)   bands (ev):

    -4.5661   1.5508   3.8497   5.4136

          k = 0.6250 0.3750-0.1250 (   528 PWs)   bands (ev):

    -3.5817   0.3362   2.8204   4.2336

          k = 0.3750-0.3750 0.6250 (   530 PWs)   bands (ev):

    -3.3688  -0.6138   3.8907   4.6123

          k = 1.3750-0.3750 0.6250 (   530 PWs)   bands (ev):

    -3.3688  -0.6138   3.8907   4.6123

          k = 0.1250-0.1250 0.3750 (   531 PWs)   bands (ev):

    -5.0831   2.9703   4.8562   4.9413

          k = 1.1250-0.1250 0.3750 (   522 PWs)   bands (ev):

    -2.3088  -0.7421   2.0503   3.1772

          k =-0.1250 0.6250 0.1250 (   528 PWs)   bands (ev):

    -4.0180   1.2646   3.4791   3.9533

          k = 0.8750 0.6250 0.1250 (   522 PWs)   bands (ev):

    -2.3088  -0.7421   2.0503   3.1772

          k = 0.6250-0.1250 0.8750 (   522 PWs)   bands (ev):

    -2.3088  -0.7421   2.0503   3.1772

          k = 1.6250-0.1250 0.8750 (   522 PWs)   bands (ev):

    -2.3088  -0.7421   2.0503   3.1772

          k = 0.3750 0.1250 0.6250 (   528 PWs)   bands (ev):

    -3.5817   0.3362   2.8204   4.2336

          k = 1.3750 0.1250 0.6250 (   526 PWs)   bands (ev):

    -2.8591  -0.4740   2.1297   4.2818

          k =-0.1250-0.8750 0.1250 (   523 PWs)   bands (ev):

    -2.4965  -0.6344   2.6919   3.4712

          k = 0.8750-0.8750 0.1250 (   523 PWs)   bands (ev):

    -2.4965  -0.6344   2.6919   3.4712

          k =-0.3750 0.3750 0.3750 (   528 PWs)   bands (ev):

    -4.1124   0.1991   5.0958   5.0958

          k = 0.6250 0.3750 0.3750 (   530 PWs)   bands (ev):

    -3.3688  -0.6138   3.8907   4.6123

          k = 0.3750-0.3750 1.1250 (   526 PWs)   bands (ev):

    -2.8591  -0.4740   2.1297   4.2818

          k = 1.3750-0.3750 1.1250 (   528 PWs)   bands (ev):

    -3.5817   0.3362   2.8204   4.2336

          k =-0.1250-0.3750 0.3750 (   531 PWs)   bands (ev):

    -4.5661   1.5508   3.8497   5.4136

          k = 0.8750-0.3750 0.3750 (   526 PWs)   bands (ev):

    -2.8591  -0.4740   2.1297   4.2818

          k = 0.6250 0.3750-0.3750 (   530 PWs)   bands (ev):

    -3.3688  -0.6138   3.8907   4.6123

          k = 1.6250 0.3750-0.3750 (   528 PWs)   bands (ev):

    -4.1124   0.1991   5.0958   5.0958

          k = 0.3750 0.1250-0.1250 (   531 PWs)   bands (ev):

    -5.0831   2.9703   4.8562   4.9413

          k = 1.3750 0.1250-0.1250 (   528 PWs)   bands (ev):

    -4.0180   1.2646   3.4791   3.9533

          k = 0.6250 0.1250-0.1250 (   528 PWs)   bands (ev):

    -4.0180   1.2646   3.4791   3.9533

          k = 1.6250 0.1250-0.1250 (   531 PWs)   bands (ev):

    -5.0831   2.9703   4.8562   4.9413

          k =-0.1250 0.8750 0.6250 (   522 PWs)   bands (ev):

    -2.3088  -0.7421   2.0503   3.1772

          k = 0.8750 0.8750 0.6250 (   531 PWs)   bands (ev):

    -5.0831   2.9703   4.8562   4.9413

          k = 0.8750 0.6250-0.1250 (   522 PWs)   bands (ev):

    -2.3088  -0.7421   2.0503   3.1772

          k = 1.8750 0.6250-0.1250 (   528 PWs)   bands (ev):

    -4.0180   1.2646   3.4791   3.9533

          k = 0.1250 0.6250 0.3750 (   528 PWs)   bands (ev):

    -3.5817   0.3362   2.8204   4.2336

          k = 1.1250 0.6250 0.3750 (   528 PWs)   bands (ev):

    -3.5817   0.3362   2.8204   4.2336

          k = 0.6250 0.3750 0.1250 (   528 PWs)   bands (ev):

    -3.5817   0.3362   2.8204   4.2336

          k = 1.6250 0.3750 0.1250 (   531 PWs)   bands (ev):

    -4.5661   1.5508   3.8497   5.4136

          k =-0.8750 0.1250-0.1250 (   523 PWs)   bands (ev):

    -2.4965  -0.6344   2.6919   3.4712

          k = 0.1250 0.1250-0.1250 (   534 PWs)   bands (ev):

    -5.6280   4.5946   5.9020   5.9020

          k = 1.1250 0.3750-0.3750 (   526 PWs)   bands (ev):

    -2.8591  -0.4740   2.1297   4.2818

          k = 2.1250 0.3750-0.3750 (   531 PWs)   bands (ev):

    -4.5661   1.5508   3.8497   5.4136

     highest occupied level (ev):     5.9020

     Writing output data file silicon.save

                                                                                

     bravais-lattice index     =            2
     lattice parameter (alat)  =      10.2128  a.u.
     unit-cell volume          =     266.3028 (a.u.)^3
     number of atoms/cell      =            2
     number of atomic types    =            1
     kinetic-energy cut-off    =      24.0000  Ry
     charge density cut-off    =      96.0000  Ry
     convergence threshold     =      1.0E-12
     beta                      =       0.7000
     number of iterations used =            4
     Exchange-correlation      =  SLA  PZ   NOGX NOGC ( 1  1  0  0 0)


     celldm(1)=   10.21281  celldm(2)=    0.00000  celldm(3)=    0.00000
     celldm(4)=    0.00000  celldm(5)=    0.00000  celldm(6)=    0.00000

     crystal axes: (cart. coord. in units of alat)
               a(1) = ( -0.5000  0.0000  0.5000 )  
               a(2) = (  0.0000  0.5000  0.5000 )  
               a(3) = ( -0.5000  0.5000  0.0000 )  

     reciprocal axes: (cart. coord. in units 2 pi/alat)
               b(1) = ( -1.0000 -1.0000  1.0000 )  
               b(2) = (  1.0000  1.0000  1.0000 )  
               b(3) = ( -1.0000  1.0000 -1.0000 )  


     Atoms inside the unit cell: 

     Cartesian axes

     site n.  atom      mass           positions (alat units)
        1     Si  28.0860   tau(    1) = (    0.00000    0.00000    0.00000  )
        2     Si  28.0860   tau(    2) = (    0.25000    0.25000    0.25000  )

     Computing dynamical matrix for 
                    q = (   1.0000000   0.0000000   0.0000000 )

     17 Sym.Ops. (with q -> -q+G )


     G cutoff =  253.6308  (   2139 G-vectors)     FFT grid: ( 24, 24, 24)
     number of k points=    40
                       cart. coord. in units 2pi/alat
        k(    1) = (  -0.1250000   0.1250000   0.1250000), wk =   0.0625000
        k(    2) = (   0.8750000   0.1250000   0.1250000), wk =   0.0000000
        k(    3) = (  -0.3750000   0.3750000  -0.1250000), wk =   0.1250000
        k(    4) = (   0.6250000   0.3750000  -0.1250000), wk =   0.0000000
        k(    5) = (   0.3750000  -0.3750000   0.6250000), wk =   0.1250000
        k(    6) = (   1.3750000  -0.3750000   0.6250000), wk =   0.0000000
        k(    7) = (   0.1250000  -0.1250000   0.3750000), wk =   0.1250000
        k(    8) = (   1.1250000  -0.1250000   0.3750000), wk =   0.0000000
        k(    9) = (  -0.1250000   0.6250000   0.1250000), wk =   0.1250000
        k(   10) = (   0.8750000   0.6250000   0.1250000), wk =   0.0000000
        k(   11) = (   0.6250000  -0.1250000   0.8750000), wk =   0.1250000
        k(   12) = (   1.6250000  -0.1250000   0.8750000), wk =   0.0000000
        k(   13) = (   0.3750000   0.1250000   0.6250000), wk =   0.1250000
        k(   14) = (   1.3750000   0.1250000   0.6250000), wk =   0.0000000
        k(   15) = (  -0.1250000  -0.8750000   0.1250000), wk =   0.1250000
        k(   16) = (   0.8750000  -0.8750000   0.1250000), wk =   0.0000000
        k(   17) = (  -0.3750000   0.3750000   0.3750000), wk =   0.0625000
        k(   18) = (   0.6250000   0.3750000   0.3750000), wk =   0.0000000
        k(   19) = (   0.3750000  -0.3750000   1.1250000), wk =   0.1250000
        k(   20) = (   1.3750000  -0.3750000   1.1250000), wk =   0.0000000
        k(   21) = (  -0.1250000  -0.3750000   0.3750000), wk =   0.0625000
        k(   22) = (   0.8750000  -0.3750000   0.3750000), wk =   0.0000000
        k(   23) = (   0.6250000   0.3750000  -0.3750000), wk =   0.0625000
        k(   24) = (   1.6250000   0.3750000  -0.3750000), wk =   0.0000000
        k(   25) = (   0.3750000   0.1250000  -0.1250000), wk =   0.0625000
        k(   26) = (   1.3750000   0.1250000  -0.1250000), wk =   0.0000000
        k(   27) = (   0.6250000   0.1250000  -0.1250000), wk =   0.0625000
        k(   28) = (   1.6250000   0.1250000  -0.1250000), wk =   0.0000000
        k(   29) = (  -0.1250000   0.8750000   0.6250000), wk =   0.1250000
        k(   30) = (   0.8750000   0.8750000   0.6250000), wk =   0.0000000
        k(   31) = (   0.8750000   0.6250000  -0.1250000), wk =   0.1250000
        k(   32) = (   1.8750000   0.6250000  -0.1250000), wk =   0.0000000
        k(   33) = (   0.1250000   0.6250000   0.3750000), wk =   0.1250000
        k(   34) = (   1.1250000   0.6250000   0.3750000), wk =   0.0000000
        k(   35) = (   0.6250000   0.3750000   0.1250000), wk =   0.1250000
        k(   36) = (   1.6250000   0.3750000   0.1250000), wk =   0.0000000
        k(   37) = (  -0.8750000   0.1250000  -0.1250000), wk =   0.0625000
        k(   38) = (   0.1250000   0.1250000  -0.1250000), wk =   0.0000000
        k(   39) = (   1.1250000   0.3750000  -0.3750000), wk =   0.0625000
        k(   40) = (   2.1250000   0.3750000  -0.3750000), wk =   0.0000000

     PseudoPot. # 1 for Si read from file:
     /scratch/dalcorso_sissa/espresso_jan_2014/pseudo/Si.pz-vbc.UPF
     MD5 check sum: 6dfa03ddd5817404712e03e4d12deb78
     Pseudo is Norm-conserving, Zval =  4.0
     Generated by new atomic code, or converted to UPF format
     Using radial grid of  431 points,  2 beta functions with: 
                l(1) =   0
                l(2) =   1


     Atomic displacements:
     There are   3 irreducible representations

     Representation     1      2 modes -  Done

     Representation     2      2 modes -  Done

     Representation     3      2 modes -  Done


     PHONON       :     21.43s CPU     21.90s WALL (       2 calls)

     Number of q in the star =    3
     List of q in the star:
          1   1.000000000   0.000000000   0.000000000
          2   0.000000000   0.000000000   1.000000000
          3   0.000000000   1.000000000   0.000000000

     Diagonalizing the dynamical matrix

     q = (    1.000000000   0.000000000   0.000000000 ) 

 **************************************************************************
     freq (    1) =       4.279203 [THz] =     142.738842 [cm-1]
     freq (    2) =       4.279203 [THz] =     142.738842 [cm-1]
     freq (    3) =      12.185084 [THz] =     406.450644 [cm-1]
     freq (    4) =      12.185084 [THz] =     406.450644 [cm-1]
     freq (    5) =      13.636184 [THz] =     454.854143 [cm-1]
     freq (    6) =      13.636184 [THz] =     454.854143 [cm-1]
 **************************************************************************
stop_clock: clock #  2 for        PWSCF not running

     THERMO_PW    :    26.09s CPU        26.73s WALL


   This run was terminated on:  14: 6:13  22Jan2014            

=------------------------------------------------------------------------------=
   JOB DONE.
=------------------------------------------------------------------------------=
