
     Program THERMO_PW v.5.0.2 starts on 16May2014 at 15:16:22 

     This program is part of the open-source Quantum ESPRESSO suite
     for quantum simulation of materials; please cite
         "P. Giannozzi et al., J. Phys.:Condens. Matter 21 395502 (2009);
          URL http://www.quantum-espresso.org", 
     in publications or presentations arising from this work. More details at
     http://www.quantum-espresso.org/quote

     Parallel version (MPI), running on     8 processors
     path-images division:  nimage    =       2
     R & G space division:  proc/nbgrp/npool/nimage =       4
     Reading input from _temporary_1
               file Si.pz-nl-kjpaw_psl.1.0.0.UPF: wavefunction(s)  3S 3P renormalized


     Plotting the Brillouin Zone and k points path

     Subspace diagonalization in iterative solution of the eigenvalue problem:
     a serial algorithm will be used


     48 Sym. Ops., with inversion, found (24 have fractional translation)


                                    s                        frac. trans.

      isym =  1     identity                                     

 cryst.   s( 1) = (     1          0          0      )
                  (     0          1          0      )
                  (     0          0          1      )

 cart.    s( 1) = (  1.0000000  0.0000000  0.0000000 )
                  (  0.0000000  1.0000000  0.0000000 )
                  (  0.0000000  0.0000000  1.0000000 )


      isym =  2     180 deg rotation - cart. axis [0,0,1]        

 cryst.   s( 2) = (     0          1         -1      )
                  (     1          0         -1      )
                  (     0          0         -1      )

 cart.    s( 2) = ( -1.0000000  0.0000000  0.0000000 )
                  (  0.0000000 -1.0000000  0.0000000 )
                  (  0.0000000  0.0000000  1.0000000 )


      isym =  3     180 deg rotation - cart. axis [0,1,0]        

 cryst.   s( 3) = (    -1          0          0      )
                  (    -1          0          1      )
                  (    -1          1          0      )

 cart.    s( 3) = ( -1.0000000  0.0000000  0.0000000 )
                  (  0.0000000  1.0000000  0.0000000 )
                  (  0.0000000  0.0000000 -1.0000000 )


      isym =  4     180 deg rotation - cart. axis [1,0,0]        

 cryst.   s( 4) = (     0         -1          1      )
                  (     0         -1          0      )
                  (     1         -1          0      )

 cart.    s( 4) = (  1.0000000  0.0000000  0.0000000 )
                  (  0.0000000 -1.0000000  0.0000000 )
                  (  0.0000000  0.0000000 -1.0000000 )


      isym =  5     180 deg rotation - cart. axis [1,1,0]        

 cryst.   s( 5) = (     0         -1          0      )    f =(  0.2500000 )
                  (    -1          0          0      )       (  0.2500000 )
                  (     0          0         -1      )       (  0.2500000 )

 cart.    s( 5) = (  0.0000000  1.0000000  0.0000000 )    f =( -0.2500000 )
                  (  1.0000000  0.0000000  0.0000000 )       (  0.2500000 )
                  (  0.0000000  0.0000000 -1.0000000 )       (  0.2500000 )


      isym =  6     180 deg rotation - cart. axis [1,-1,0]       

 cryst.   s( 6) = (    -1          0          1      )    f =(  0.2500000 )
                  (     0         -1          1      )       (  0.2500000 )
                  (     0          0          1      )       (  0.2500000 )

 cart.    s( 6) = (  0.0000000 -1.0000000  0.0000000 )    f =( -0.2500000 )
                  ( -1.0000000  0.0000000  0.0000000 )       (  0.2500000 )
                  (  0.0000000  0.0000000 -1.0000000 )       (  0.2500000 )


      isym =  7      90 deg rotation - cart. axis [0,0,-1]       

 cryst.   s( 7) = (     0          1          0      )    f =(  0.2500000 )
                  (     0          1         -1      )       (  0.2500000 )
                  (    -1          1          0      )       (  0.2500000 )

 cart.    s( 7) = (  0.0000000  1.0000000  0.0000000 )    f =( -0.2500000 )
                  ( -1.0000000  0.0000000  0.0000000 )       (  0.2500000 )
                  (  0.0000000  0.0000000  1.0000000 )       (  0.2500000 )


      isym =  8      90 deg rotation - cart. axis [0,0,1]        

 cryst.   s( 8) = (     1          0         -1      )    f =(  0.2500000 )
                  (     1          0          0      )       (  0.2500000 )
                  (     1         -1          0      )       (  0.2500000 )

 cart.    s( 8) = (  0.0000000 -1.0000000  0.0000000 )    f =( -0.2500000 )
                  (  1.0000000  0.0000000  0.0000000 )       (  0.2500000 )
                  (  0.0000000  0.0000000  1.0000000 )       (  0.2500000 )


      isym =  9     180 deg rotation - cart. axis [1,0,1]        

 cryst.   s( 9) = (    -1          0          0      )    f =(  0.2500000 )
                  (     0          0         -1      )       (  0.2500000 )
                  (     0         -1          0      )       (  0.2500000 )

 cart.    s( 9) = (  0.0000000  0.0000000  1.0000000 )    f =( -0.2500000 )
                  (  0.0000000 -1.0000000  0.0000000 )       (  0.2500000 )
                  (  1.0000000  0.0000000  0.0000000 )       (  0.2500000 )


      isym = 10     180 deg rotation - cart. axis [-1,0,1]       

 cryst.   s(10) = (     1          0          0      )    f =(  0.2500000 )
                  (     1         -1          0      )       (  0.2500000 )
                  (     1          0         -1      )       (  0.2500000 )

 cart.    s(10) = (  0.0000000  0.0000000 -1.0000000 )    f =( -0.2500000 )
                  (  0.0000000 -1.0000000  0.0000000 )       (  0.2500000 )
                  ( -1.0000000  0.0000000  0.0000000 )       (  0.2500000 )


      isym = 11      90 deg rotation - cart. axis [0,1,0]        

 cryst.   s(11) = (     0          1         -1      )    f =(  0.2500000 )
                  (    -1          1          0      )       (  0.2500000 )
                  (     0          1          0      )       (  0.2500000 )

 cart.    s(11) = (  0.0000000  0.0000000  1.0000000 )    f =( -0.2500000 )
                  (  0.0000000  1.0000000  0.0000000 )       (  0.2500000 )
                  ( -1.0000000  0.0000000  0.0000000 )       (  0.2500000 )


      isym = 12      90 deg rotation - cart. axis [0,-1,0]       

 cryst.   s(12) = (     0         -1          1      )    f =(  0.2500000 )
                  (     0          0          1      )       (  0.2500000 )
                  (    -1          0          1      )       (  0.2500000 )

 cart.    s(12) = (  0.0000000  0.0000000 -1.0000000 )    f =( -0.2500000 )
                  (  0.0000000  1.0000000  0.0000000 )       (  0.2500000 )
                  (  1.0000000  0.0000000  0.0000000 )       (  0.2500000 )


      isym = 13     180 deg rotation - cart. axis [0,1,1]        

 cryst.   s(13) = (    -1          1          0      )    f =(  0.2500000 )
                  (     0          1          0      )       (  0.2500000 )
                  (     0          1         -1      )       (  0.2500000 )

 cart.    s(13) = ( -1.0000000  0.0000000  0.0000000 )    f =( -0.2500000 )
                  (  0.0000000  0.0000000  1.0000000 )       (  0.2500000 )
                  (  0.0000000  1.0000000  0.0000000 )       (  0.2500000 )


      isym = 14     180 deg rotation - cart. axis [0,1,-1]       

 cryst.   s(14) = (     0          0         -1      )    f =(  0.2500000 )
                  (     0         -1          0      )       (  0.2500000 )
                  (    -1          0          0      )       (  0.2500000 )

 cart.    s(14) = ( -1.0000000  0.0000000  0.0000000 )    f =( -0.2500000 )
                  (  0.0000000  0.0000000 -1.0000000 )       (  0.2500000 )
                  (  0.0000000 -1.0000000  0.0000000 )       (  0.2500000 )


      isym = 15      90 deg rotation - cart. axis [-1,0,0]       

 cryst.   s(15) = (     0          0          1      )    f =(  0.2500000 )
                  (    -1          0          1      )       (  0.2500000 )
                  (     0         -1          1      )       (  0.2500000 )

 cart.    s(15) = (  1.0000000  0.0000000  0.0000000 )    f =( -0.2500000 )
                  (  0.0000000  0.0000000  1.0000000 )       (  0.2500000 )
                  (  0.0000000 -1.0000000  0.0000000 )       (  0.2500000 )


      isym = 16      90 deg rotation - cart. axis [1,0,0]        

 cryst.   s(16) = (     1         -1          0      )    f =(  0.2500000 )
                  (     1          0         -1      )       (  0.2500000 )
                  (     1          0          0      )       (  0.2500000 )

 cart.    s(16) = (  1.0000000  0.0000000  0.0000000 )    f =( -0.2500000 )
                  (  0.0000000  0.0000000 -1.0000000 )       (  0.2500000 )
                  (  0.0000000  1.0000000  0.0000000 )       (  0.2500000 )


      isym = 17     120 deg rotation - cart. axis [-1,-1,-1]     

 cryst.   s(17) = (    -1          0          1      )
                  (    -1          1          0      )
                  (    -1          0          0      )

 cart.    s(17) = (  0.0000000  1.0000000  0.0000000 )
                  (  0.0000000  0.0000000  1.0000000 )
                  (  1.0000000  0.0000000  0.0000000 )


      isym = 18     120 deg rotation - cart. axis [-1,1,1]       

 cryst.   s(18) = (     0          1          0      )
                  (     0          0          1      )
                  (     1          0          0      )

 cart.    s(18) = (  0.0000000 -1.0000000  0.0000000 )
                  (  0.0000000  0.0000000  1.0000000 )
                  ( -1.0000000  0.0000000  0.0000000 )


      isym = 19     120 deg rotation - cart. axis [1,1,-1]       

 cryst.   s(19) = (     1          0         -1      )
                  (     0          0         -1      )
                  (     0          1         -1      )

 cart.    s(19) = (  0.0000000  1.0000000  0.0000000 )
                  (  0.0000000  0.0000000 -1.0000000 )
                  ( -1.0000000  0.0000000  0.0000000 )


      isym = 20     120 deg rotation - cart. axis [1,-1,1]       

 cryst.   s(20) = (     0         -1          0      )
                  (     1         -1          0      )
                  (     0         -1          1      )

 cart.    s(20) = (  0.0000000 -1.0000000  0.0000000 )
                  (  0.0000000  0.0000000 -1.0000000 )
                  (  1.0000000  0.0000000  0.0000000 )


      isym = 21     120 deg rotation - cart. axis [1,1,1]        

 cryst.   s(21) = (     0          0         -1      )
                  (     0          1         -1      )
                  (     1          0         -1      )

 cart.    s(21) = (  0.0000000  0.0000000  1.0000000 )
                  (  1.0000000  0.0000000  0.0000000 )
                  (  0.0000000  1.0000000  0.0000000 )


      isym = 22     120 deg rotation - cart. axis [-1,1,-1]      

 cryst.   s(22) = (    -1          1          0      )
                  (    -1          0          0      )
                  (    -1          0          1      )

 cart.    s(22) = (  0.0000000  0.0000000  1.0000000 )
                  ( -1.0000000  0.0000000  0.0000000 )
                  (  0.0000000 -1.0000000  0.0000000 )


      isym = 23     120 deg rotation - cart. axis [1,-1,-1]      

 cryst.   s(23) = (     0          0          1      )
                  (     1          0          0      )
                  (     0          1          0      )

 cart.    s(23) = (  0.0000000  0.0000000 -1.0000000 )
                  ( -1.0000000  0.0000000  0.0000000 )
                  (  0.0000000  1.0000000  0.0000000 )


      isym = 24     120 deg rotation - cart. axis [-1,-1,1]      

 cryst.   s(24) = (     1         -1          0      )
                  (     0         -1          1      )
                  (     0         -1          0      )

 cart.    s(24) = (  0.0000000  0.0000000 -1.0000000 )
                  (  1.0000000  0.0000000  0.0000000 )
                  (  0.0000000 -1.0000000  0.0000000 )


      isym = 25     inversion                                    

 cryst.   s(25) = (    -1          0          0      )    f =(  0.2500000 )
                  (     0         -1          0      )       (  0.2500000 )
                  (     0          0         -1      )       (  0.2500000 )

 cart.    s(25) = ( -1.0000000  0.0000000  0.0000000 )    f =( -0.2500000 )
                  (  0.0000000 -1.0000000  0.0000000 )       (  0.2500000 )
                  (  0.0000000  0.0000000 -1.0000000 )       (  0.2500000 )


      isym = 26     inv. 180 deg rotation - cart. axis [0,0,1]   

 cryst.   s(26) = (     0         -1          1      )    f =(  0.2500000 )
                  (    -1          0          1      )       (  0.2500000 )
                  (     0          0          1      )       (  0.2500000 )

 cart.    s(26) = (  1.0000000  0.0000000  0.0000000 )    f =( -0.2500000 )
                  (  0.0000000  1.0000000  0.0000000 )       (  0.2500000 )
                  (  0.0000000  0.0000000 -1.0000000 )       (  0.2500000 )


      isym = 27     inv. 180 deg rotation - cart. axis [0,1,0]   

 cryst.   s(27) = (     1          0          0      )    f =(  0.2500000 )
                  (     1          0         -1      )       (  0.2500000 )
                  (     1         -1          0      )       (  0.2500000 )

 cart.    s(27) = (  1.0000000  0.0000000  0.0000000 )    f =( -0.2500000 )
                  (  0.0000000 -1.0000000  0.0000000 )       (  0.2500000 )
                  (  0.0000000  0.0000000  1.0000000 )       (  0.2500000 )


      isym = 28     inv. 180 deg rotation - cart. axis [1,0,0]   

 cryst.   s(28) = (     0          1         -1      )    f =(  0.2500000 )
                  (     0          1          0      )       (  0.2500000 )
                  (    -1          1          0      )       (  0.2500000 )

 cart.    s(28) = ( -1.0000000  0.0000000  0.0000000 )    f =( -0.2500000 )
                  (  0.0000000  1.0000000  0.0000000 )       (  0.2500000 )
                  (  0.0000000  0.0000000  1.0000000 )       (  0.2500000 )


      isym = 29     inv. 180 deg rotation - cart. axis [1,1,0]   

 cryst.   s(29) = (     0          1          0      )
                  (     1          0          0      )
                  (     0          0          1      )

 cart.    s(29) = (  0.0000000 -1.0000000  0.0000000 )
                  ( -1.0000000  0.0000000  0.0000000 )
                  (  0.0000000  0.0000000  1.0000000 )


      isym = 30     inv. 180 deg rotation - cart. axis [1,-1,0]  

 cryst.   s(30) = (     1          0         -1      )
                  (     0          1         -1      )
                  (     0          0         -1      )

 cart.    s(30) = (  0.0000000  1.0000000  0.0000000 )
                  (  1.0000000  0.0000000  0.0000000 )
                  (  0.0000000  0.0000000  1.0000000 )


      isym = 31     inv.  90 deg rotation - cart. axis [0,0,-1]  

 cryst.   s(31) = (     0         -1          0      )
                  (     0         -1          1      )
                  (     1         -1          0      )

 cart.    s(31) = (  0.0000000 -1.0000000  0.0000000 )
                  (  1.0000000  0.0000000  0.0000000 )
                  (  0.0000000  0.0000000 -1.0000000 )


      isym = 32     inv.  90 deg rotation - cart. axis [0,0,1]   

 cryst.   s(32) = (    -1          0          1      )
                  (    -1          0          0      )
                  (    -1          1          0      )

 cart.    s(32) = (  0.0000000  1.0000000  0.0000000 )
                  ( -1.0000000  0.0000000  0.0000000 )
                  (  0.0000000  0.0000000 -1.0000000 )


      isym = 33     inv. 180 deg rotation - cart. axis [1,0,1]   

 cryst.   s(33) = (     1          0          0      )
                  (     0          0          1      )
                  (     0          1          0      )

 cart.    s(33) = (  0.0000000  0.0000000 -1.0000000 )
                  (  0.0000000  1.0000000  0.0000000 )
                  ( -1.0000000  0.0000000  0.0000000 )


      isym = 34     inv. 180 deg rotation - cart. axis [-1,0,1]  

 cryst.   s(34) = (    -1          0          0      )
                  (    -1          1          0      )
                  (    -1          0          1      )

 cart.    s(34) = (  0.0000000  0.0000000  1.0000000 )
                  (  0.0000000  1.0000000  0.0000000 )
                  (  1.0000000  0.0000000  0.0000000 )


      isym = 35     inv.  90 deg rotation - cart. axis [0,1,0]   

 cryst.   s(35) = (     0         -1          1      )
                  (     1         -1          0      )
                  (     0         -1          0      )

 cart.    s(35) = (  0.0000000  0.0000000 -1.0000000 )
                  (  0.0000000 -1.0000000  0.0000000 )
                  (  1.0000000  0.0000000  0.0000000 )


      isym = 36     inv.  90 deg rotation - cart. axis [0,-1,0]  

 cryst.   s(36) = (     0          1         -1      )
                  (     0          0         -1      )
                  (     1          0         -1      )

 cart.    s(36) = (  0.0000000  0.0000000  1.0000000 )
                  (  0.0000000 -1.0000000  0.0000000 )
                  ( -1.0000000  0.0000000  0.0000000 )


      isym = 37     inv. 180 deg rotation - cart. axis [0,1,1]   

 cryst.   s(37) = (     1         -1          0      )
                  (     0         -1          0      )
                  (     0         -1          1      )

 cart.    s(37) = (  1.0000000  0.0000000  0.0000000 )
                  (  0.0000000  0.0000000 -1.0000000 )
                  (  0.0000000 -1.0000000  0.0000000 )


      isym = 38     inv. 180 deg rotation - cart. axis [0,1,-1]  

 cryst.   s(38) = (     0          0          1      )
                  (     0          1          0      )
                  (     1          0          0      )

 cart.    s(38) = (  1.0000000  0.0000000  0.0000000 )
                  (  0.0000000  0.0000000  1.0000000 )
                  (  0.0000000  1.0000000  0.0000000 )


      isym = 39     inv.  90 deg rotation - cart. axis [-1,0,0]  

 cryst.   s(39) = (     0          0         -1      )
                  (     1          0         -1      )
                  (     0          1         -1      )

 cart.    s(39) = ( -1.0000000  0.0000000  0.0000000 )
                  (  0.0000000  0.0000000 -1.0000000 )
                  (  0.0000000  1.0000000  0.0000000 )


      isym = 40     inv.  90 deg rotation - cart. axis [1,0,0]   

 cryst.   s(40) = (    -1          1          0      )
                  (    -1          0          1      )
                  (    -1          0          0      )

 cart.    s(40) = ( -1.0000000  0.0000000  0.0000000 )
                  (  0.0000000  0.0000000  1.0000000 )
                  (  0.0000000 -1.0000000  0.0000000 )


      isym = 41     inv. 120 deg rotation - cart. axis [-1,-1,-1]

 cryst.   s(41) = (     1          0         -1      )    f =(  0.2500000 )
                  (     1         -1          0      )       (  0.2500000 )
                  (     1          0          0      )       (  0.2500000 )

 cart.    s(41) = (  0.0000000 -1.0000000  0.0000000 )    f =( -0.2500000 )
                  (  0.0000000  0.0000000 -1.0000000 )       (  0.2500000 )
                  ( -1.0000000  0.0000000  0.0000000 )       (  0.2500000 )


      isym = 42     inv. 120 deg rotation - cart. axis [-1,1,1]  

 cryst.   s(42) = (     0         -1          0      )    f =(  0.2500000 )
                  (     0          0         -1      )       (  0.2500000 )
                  (    -1          0          0      )       (  0.2500000 )

 cart.    s(42) = (  0.0000000  1.0000000  0.0000000 )    f =( -0.2500000 )
                  (  0.0000000  0.0000000 -1.0000000 )       (  0.2500000 )
                  (  1.0000000  0.0000000  0.0000000 )       (  0.2500000 )


      isym = 43     inv. 120 deg rotation - cart. axis [1,1,-1]  

 cryst.   s(43) = (    -1          0          1      )    f =(  0.2500000 )
                  (     0          0          1      )       (  0.2500000 )
                  (     0         -1          1      )       (  0.2500000 )

 cart.    s(43) = (  0.0000000 -1.0000000  0.0000000 )    f =( -0.2500000 )
                  (  0.0000000  0.0000000  1.0000000 )       (  0.2500000 )
                  (  1.0000000  0.0000000  0.0000000 )       (  0.2500000 )


      isym = 44     inv. 120 deg rotation - cart. axis [1,-1,1]  

 cryst.   s(44) = (     0          1          0      )    f =(  0.2500000 )
                  (    -1          1          0      )       (  0.2500000 )
                  (     0          1         -1      )       (  0.2500000 )

 cart.    s(44) = (  0.0000000  1.0000000  0.0000000 )    f =( -0.2500000 )
                  (  0.0000000  0.0000000  1.0000000 )       (  0.2500000 )
                  ( -1.0000000  0.0000000  0.0000000 )       (  0.2500000 )


      isym = 45     inv. 120 deg rotation - cart. axis [1,1,1]   

 cryst.   s(45) = (     0          0          1      )    f =(  0.2500000 )
                  (     0         -1          1      )       (  0.2500000 )
                  (    -1          0          1      )       (  0.2500000 )

 cart.    s(45) = (  0.0000000  0.0000000 -1.0000000 )    f =( -0.2500000 )
                  ( -1.0000000  0.0000000  0.0000000 )       (  0.2500000 )
                  (  0.0000000 -1.0000000  0.0000000 )       (  0.2500000 )


      isym = 46     inv. 120 deg rotation - cart. axis [-1,1,-1] 

 cryst.   s(46) = (     1         -1          0      )    f =(  0.2500000 )
                  (     1          0          0      )       (  0.2500000 )
                  (     1          0         -1      )       (  0.2500000 )

 cart.    s(46) = (  0.0000000  0.0000000 -1.0000000 )    f =( -0.2500000 )
                  (  1.0000000  0.0000000  0.0000000 )       (  0.2500000 )
                  (  0.0000000  1.0000000  0.0000000 )       (  0.2500000 )


      isym = 47     inv. 120 deg rotation - cart. axis [1,-1,-1] 

 cryst.   s(47) = (     0          0         -1      )    f =(  0.2500000 )
                  (    -1          0          0      )       (  0.2500000 )
                  (     0         -1          0      )       (  0.2500000 )

 cart.    s(47) = (  0.0000000  0.0000000  1.0000000 )    f =( -0.2500000 )
                  (  1.0000000  0.0000000  0.0000000 )       (  0.2500000 )
                  (  0.0000000 -1.0000000  0.0000000 )       (  0.2500000 )


      isym = 48     inv. 120 deg rotation - cart. axis [-1,-1,1] 

 cryst.   s(48) = (    -1          1          0      )    f =(  0.2500000 )
                  (     0          1         -1      )       (  0.2500000 )
                  (     0          1          0      )       (  0.2500000 )

 cart.    s(48) = (  0.0000000  0.0000000  1.0000000 )    f =( -0.2500000 )
                  ( -1.0000000  0.0000000  0.0000000 )       (  0.2500000 )
                  (  0.0000000  1.0000000  0.0000000 )       (  0.2500000 )


     point group O_h (m-3m) 
     there are 10 classes
     the character table:

       E     8C3   6C2'  6C4   3C2   i     6S4   8S6   3s_h  6s_d 
A_1g   1.00  1.00  1.00  1.00  1.00  1.00  1.00  1.00  1.00  1.00
A_2g   1.00  1.00 -1.00 -1.00  1.00  1.00 -1.00  1.00  1.00 -1.00
E_g    2.00 -1.00  0.00  0.00  2.00  2.00  0.00 -1.00  2.00  0.00
T_1g   3.00  0.00 -1.00  1.00 -1.00  3.00  1.00  0.00 -1.00 -1.00
T_2g   3.00  0.00  1.00 -1.00 -1.00  3.00 -1.00  0.00 -1.00  1.00
A_1u   1.00  1.00  1.00  1.00  1.00 -1.00 -1.00 -1.00 -1.00 -1.00
A_2u   1.00  1.00 -1.00 -1.00  1.00 -1.00  1.00 -1.00 -1.00  1.00
E_u    2.00 -1.00  0.00  0.00  2.00 -2.00  0.00  1.00 -2.00  0.00
T_1u   3.00  0.00 -1.00  1.00 -1.00 -3.00 -1.00  0.00  1.00  1.00
T_2u   3.00  0.00  1.00 -1.00 -1.00 -3.00  1.00  0.00  1.00 -1.00

     the symmetry operations in each class:
     E        1
     3C2      2    4    3
     6C2'     5    6   14   13   10    9
     6C4      7    8   15   16   12   11
     8C3     17   19   20   18   24   21   22   23
     i       25
     3s_h    26   28   27
     6s_d    29   30   38   37   34   33
     6S4     31   32   39   40   36   35
     8S6     41   43   44   42   48   45   46   47

     ibrav=2 Face centered cubic lattice

     crystal axes: (cart. coord. in units of alat)
               a(1) = (  -0.500000   0.000000   0.500000 )  
               a(2) = (   0.000000   0.500000   0.500000 )  
               a(3) = (  -0.500000   0.500000   0.000000 )  

     reciprocal axes: (cart. coord. in units 2 pi/alat)
               b(1) = ( -1.000000 -1.000000  1.000000 )  
               b(2) = (  1.000000  1.000000  1.000000 )  
               b(3) = ( -1.000000  1.000000 -1.000000 )  


     The point group, O_h (m-3m), is compatible with the Bravais lattice.

     This solid has inversion symmetry.
     First-rank tensors, such as the spontaneous polarization, vanish.

     Second-rank tensors, such as the dielectric
     tensor or the thermal expansion, have the form

     ( e11   .    .  )
     (  .   e11   .  )
     (  .    .   e11 )

     The piezoelectric tensor is the derivative of the polarization 
     with respect to strain (in zero electric field).

     Solid with inversion symmetry.
     Third-rank tensors, such as the piezoelectic tensor, vanish.

     The Laue class is O_h (m-3m) 

     In this class the elastic tensor is

     ( c11  c12  c12   .    .    .  )
     ( c12  c11  c12   .    .    .  )
     ( c12  c12  c11   .    .    .  )
     (  .    .    .   c44   .    .  )
     (  .    .    .    .   c44   .  )
     (  .    .    .    .    .   c44 )

     It requires two strains: e1 and e4
     for a total of  8 scf calculations

     ----------------------------------------------------------------------
     Ions are relaxed in each calculation
     ----------------------------------------------------------------------

     Total mass of this unit cell         56.1720 a.m.u.
     Density of this solid                2372.60 kg/m^3         2.3726 g/cm^3

     Brillouin zone type    2


     k points coordinates (2 pi / alat)
gG      0.00000000     0.00000000     0.00000000   40
X       0.00000000     1.00000000     0.00000000   20
W       0.50000000     1.00000000    -0.00000000   20
X       1.00000000     1.00000000     0.00000000   15
K       0.75000000     0.75000000    -0.00000000   40
gG      0.00000000     0.00000000     0.00000000   40
L       0.50000000     0.50000000     0.50000000    1

     Input path: 
    7
gG       40
X        20
W        20
X        15
K        40
gG       40
L         1


     THERMO_PW    :     0.35s CPU         0.36s WALL


   This run was terminated on:  15:16:22  16May2014            

=------------------------------------------------------------------------------=
   JOB DONE.
=------------------------------------------------------------------------------=
