
     Program THERMO_PW v.5.0.2 starts on 17Jan2014 at 18:57:35 

     This program is part of the open-source Quantum ESPRESSO suite
     for quantum simulation of materials; please cite
         "P. Giannozzi et al., J. Phys.:Condens. Matter 21 395502 (2009);
          URL http://www.quantum-espresso.org", 
     in publications or presentations arising from this work. More details at
     http://www.quantum-espresso.org/quote

     Parallel version (MPI), running on     8 processors
     path-images division:  nimage    =       4
     R & G space division:  proc/nbgrp/npool/nimage =       2
     Reading input from _temporary_1
     Message from routine read_cards :
     DEPRECATED: no units specified in ATOMIC_POSITIONS card
     Message from routine read_cards :
     ATOMIC_POSITIONS: units set to alat

  ++++++++++++++++++++++++++++++++++++++++++++++++++++++++++++++++++++++++++++
     I am the master and now I do geometry    1
  ++++++++++++++++++++++++++++++++++++++++++++++++++++++++++++++++++++++++++++


     Subspace diagonalization in iterative solution of the eigenvalue problem:
     a serial algorithm will be used


     Parallelization info
     --------------------
     sticks:   dense  smooth     PW     G-vecs:    dense   smooth      PW
     Min         167     167     54                 1971     1971     373
     Max         170     170     55                 1972     1972     376
     Sum         337     337    109                 3943     3943     749



     bravais-lattice index     =            2
     lattice parameter (alat)  =      10.0000  a.u.
     unit-cell volume          =     250.0000 (a.u.)^3
     number of atoms/cell      =            2
     number of atomic types    =            1
     number of electrons       =         8.00
     number of Kohn-Sham states=            4
     kinetic-energy cutoff     =      24.0000  Ry
     charge density cutoff     =      96.0000  Ry
     convergence threshold     =      1.0E-08
     mixing beta               =       0.7000
     number of iterations used =            8  plain     mixing
     Exchange-correlation      =  SLA  PZ   NOGX NOGC ( 1  1  0  0 0)

     celldm(1)=  10.000000  celldm(2)=   0.000000  celldm(3)=   0.000000
     celldm(4)=   0.000000  celldm(5)=   0.000000  celldm(6)=   0.000000

     crystal axes: (cart. coord. in units of alat)
               a(1) = (  -0.500000   0.000000   0.500000 )  
               a(2) = (   0.000000   0.500000   0.500000 )  
               a(3) = (  -0.500000   0.500000   0.000000 )  

     reciprocal axes: (cart. coord. in units 2 pi/alat)
               b(1) = ( -1.000000 -1.000000  1.000000 )  
               b(2) = (  1.000000  1.000000  1.000000 )  
               b(3) = ( -1.000000  1.000000 -1.000000 )  


     PseudoPot. # 1 for Si read from file:
     /scratch/dalcorso_sissa/espresso_jan_2014/pseudo/Si.pz-vbc.UPF
     MD5 check sum: 6dfa03ddd5817404712e03e4d12deb78
     Pseudo is Norm-conserving, Zval =  4.0
     Generated by new atomic code, or converted to UPF format
     Using radial grid of  431 points,  2 beta functions with: 
                l(1) =   0
                l(2) =   1

     atomic species   valence    mass     pseudopotential
        Si             4.00    28.08600     Si( 1.00)

     48 Sym. Ops., with inversion, found (24 have fractional translation)



   Cartesian axes

     site n.     atom                  positions (alat units)
         1           Si  tau(   1) = (   0.0000000   0.0000000   0.0000000  )
         2           Si  tau(   2) = (   0.2500000   0.2500000   0.2500000  )

     number of k points=    10
                       cart. coord. in units 2pi/alat
        k(    1) = (  -0.1250000   0.1250000   0.1250000), wk =   0.0625000
        k(    2) = (  -0.3750000   0.3750000  -0.1250000), wk =   0.1875000
        k(    3) = (   0.3750000  -0.3750000   0.6250000), wk =   0.1875000
        k(    4) = (   0.1250000  -0.1250000   0.3750000), wk =   0.1875000
        k(    5) = (  -0.1250000   0.6250000   0.1250000), wk =   0.1875000
        k(    6) = (   0.6250000  -0.1250000   0.8750000), wk =   0.3750000
        k(    7) = (   0.3750000   0.1250000   0.6250000), wk =   0.3750000
        k(    8) = (  -0.1250000  -0.8750000   0.1250000), wk =   0.1875000
        k(    9) = (  -0.3750000   0.3750000   0.3750000), wk =   0.0625000
        k(   10) = (   0.3750000  -0.3750000   1.1250000), wk =   0.1875000

     Dense  grid:     3943 G-vectors     FFT dimensions: (  24,  24,  24)

     Largest allocated arrays     est. size (Mb)     dimensions
        Kohn-Sham Wavefunctions         0.02 Mb     (     257,    4)
        NL pseudopotentials             0.03 Mb     (     257,    8)
        Each V/rho on FFT grid          0.11 Mb     (    6912)
        Each G-vector array             0.02 Mb     (    1972)
        G-vector shells                 0.00 Mb     (      83)
     Largest temporary arrays     est. size (Mb)     dimensions
        Auxiliary wavefunctions         0.06 Mb     (     257,   16)
        Each subspace H/S matrix        0.00 Mb     (      16,   16)
        Each <psi_i|beta_j> matrix      0.00 Mb     (       8,    4)
        Arrays for rho mixing           0.84 Mb     (    6912,    8)

     Initial potential from superposition of free atoms

     starting charge    7.99901, renormalised to    8.00000
     Starting wfc are    8 randomized atomic wfcs

     total cpu time spent up to now is        0.2 secs

     per-process dynamical memory:     4.6 Mb

     Self-consistent Calculation

     iteration #  1     ecut=    24.00 Ry     beta=0.70
     Davidson diagonalization with overlap
     ethr =  1.00E-02,  avg # of iterations =  2.0

     Threshold (ethr) on eigenvalues was too large:
     Diagonalizing with lowered threshold

     Davidson diagonalization with overlap
     ethr =  8.73E-04,  avg # of iterations =  1.0

     total cpu time spent up to now is        0.4 secs

     total energy              =     -15.84295442 Ry
     Harris-Foulkes estimate   =     -15.86734515 Ry
     estimated scf accuracy    <       0.06838899 Ry

     iteration #  2     ecut=    24.00 Ry     beta=0.70
     Davidson diagonalization with overlap
     ethr =  8.55E-04,  avg # of iterations =  1.0

     total cpu time spent up to now is        0.4 secs

     total energy              =     -15.84671441 Ry
     Harris-Foulkes estimate   =     -15.84699746 Ry
     estimated scf accuracy    <       0.00217981 Ry

     iteration #  3     ecut=    24.00 Ry     beta=0.70
     Davidson diagonalization with overlap
     ethr =  2.72E-05,  avg # of iterations =  2.5

     total cpu time spent up to now is        0.6 secs

     total energy              =     -15.84723979 Ry
     Harris-Foulkes estimate   =     -15.84727653 Ry
     estimated scf accuracy    <       0.00008334 Ry

     iteration #  4     ecut=    24.00 Ry     beta=0.70
     Davidson diagonalization with overlap
     ethr =  1.04E-06,  avg # of iterations =  2.1

     total cpu time spent up to now is        0.7 secs

     total energy              =     -15.84725860 Ry
     Harris-Foulkes estimate   =     -15.84726280 Ry
     estimated scf accuracy    <       0.00000911 Ry

     iteration #  5     ecut=    24.00 Ry     beta=0.70
     Davidson diagonalization with overlap
     ethr =  1.14E-07,  avg # of iterations =  2.0

     total cpu time spent up to now is        0.8 secs

     total energy              =     -15.84725997 Ry
     Harris-Foulkes estimate   =     -15.84726001 Ry
     estimated scf accuracy    <       0.00000008 Ry

     iteration #  6     ecut=    24.00 Ry     beta=0.70
     Davidson diagonalization with overlap
     ethr =  1.06E-09,  avg # of iterations =  2.7

     total cpu time spent up to now is        0.9 secs

     End of self-consistent calculation

          k =-0.1250 0.1250 0.1250 (   513 PWs)   bands (ev):

    -5.3830   5.2468   6.5643   6.5643

          k =-0.3750 0.3750-0.1250 (   501 PWs)   bands (ev):

    -4.2598   2.0940   4.4062   6.0609

          k = 0.3750-0.3750 0.6250 (   496 PWs)   bands (ev):

    -2.9712  -0.2127   4.4782   5.2070

          k = 0.1250-0.1250 0.3750 (   498 PWs)   bands (ev):

    -4.8079   3.5900   5.4521   5.5807

          k =-0.1250 0.6250 0.1250 (   494 PWs)   bands (ev):

    -3.6827   1.8692   3.9987   4.4998

          k = 0.6250-0.1250 0.8750 (   494 PWs)   bands (ev):

    -1.8569  -0.2304   2.4578   3.6566

          k = 0.3750 0.1250 0.6250 (   494 PWs)   bands (ev):

    -3.2137   0.8500   3.3177   4.7941

          k =-0.1250-0.8750 0.1250 (   486 PWs)   bands (ev):

    -2.0728  -0.1066   3.1432   3.9932

          k =-0.3750 0.3750 0.3750 (   492 PWs)   bands (ev):

    -3.7732   0.6452   5.7255   5.7255

          k = 0.3750-0.3750 1.1250 (   495 PWs)   bands (ev):

    -2.4340  -0.0041   2.5715   4.8538

     highest occupied level (ev):     6.5643

!    total energy              =     -15.84726001 Ry
     Harris-Foulkes estimate   =     -15.84726001 Ry
     estimated scf accuracy    <          1.1E-09 Ry

     The total energy is the sum of the following terms:

     one-electron contribution =       5.24315036 Ry
     hartree contribution      =       1.02989109 Ry
     xc contribution           =      -4.88254771 Ry
     ewald contribution        =     -17.23775375 Ry

     convergence has been achieved in   6 iterations

     Writing output data file silicon.save

  ++++++++++++++++++++++++++++++++++++++++++++++++++++++++++++++++++++++++++++
     I am the master and now I do geometry    5
  ++++++++++++++++++++++++++++++++++++++++++++++++++++++++++++++++++++++++++++


     Parallelization info
     --------------------
     sticks:   dense  smooth     PW     G-vecs:    dense   smooth      PW
     Min         174     174     60                 2139     2139     434
     Max         175     175     61                 2140     2140     435
     Sum         349     349    121                 4279     4279     869



     bravais-lattice index     =            2
     lattice parameter (alat)  =      10.2000  a.u.
     unit-cell volume          =     265.3020 (a.u.)^3
     number of atoms/cell      =            2
     number of atomic types    =            1
     number of electrons       =         8.00
     number of Kohn-Sham states=            4
     kinetic-energy cutoff     =      24.0000  Ry
     charge density cutoff     =      96.0000  Ry
     convergence threshold     =      1.0E-08
     mixing beta               =       0.7000
     number of iterations used =            8  plain     mixing
     Exchange-correlation      =  SLA  PZ   NOGX NOGC ( 1  1  0  0 0)

     celldm(1)=  10.200000  celldm(2)=   0.000000  celldm(3)=   0.000000
     celldm(4)=   0.000000  celldm(5)=   0.000000  celldm(6)=   0.000000

     crystal axes: (cart. coord. in units of alat)
               a(1) = (  -0.500000   0.000000   0.500000 )  
               a(2) = (   0.000000   0.500000   0.500000 )  
               a(3) = (  -0.500000   0.500000   0.000000 )  

     reciprocal axes: (cart. coord. in units 2 pi/alat)
               b(1) = ( -1.000000 -1.000000  1.000000 )  
               b(2) = (  1.000000  1.000000  1.000000 )  
               b(3) = ( -1.000000  1.000000 -1.000000 )  


     PseudoPot. # 1 for Si read from file:
     /scratch/dalcorso_sissa/espresso_jan_2014/pseudo/Si.pz-vbc.UPF
     MD5 check sum: 6dfa03ddd5817404712e03e4d12deb78
     Pseudo is Norm-conserving, Zval =  4.0
     Generated by new atomic code, or converted to UPF format
     Using radial grid of  431 points,  2 beta functions with: 
                l(1) =   0
                l(2) =   1

     atomic species   valence    mass     pseudopotential
        Si             4.00    28.08600     Si( 1.00)

     48 Sym. Ops., with inversion, found (24 have fractional translation)



   Cartesian axes

     site n.     atom                  positions (alat units)
         1           Si  tau(   1) = (   0.0000000   0.0000000   0.0000000  )
         2           Si  tau(   2) = (   0.2500000   0.2500000   0.2500000  )

     number of k points=    10
                       cart. coord. in units 2pi/alat
        k(    1) = (  -0.1250000   0.1250000   0.1250000), wk =   0.0625000
        k(    2) = (  -0.3750000   0.3750000  -0.1250000), wk =   0.1875000
        k(    3) = (   0.3750000  -0.3750000   0.6250000), wk =   0.1875000
        k(    4) = (   0.1250000  -0.1250000   0.3750000), wk =   0.1875000
        k(    5) = (  -0.1250000   0.6250000   0.1250000), wk =   0.1875000
        k(    6) = (   0.6250000  -0.1250000   0.8750000), wk =   0.3750000
        k(    7) = (   0.3750000   0.1250000   0.6250000), wk =   0.3750000
        k(    8) = (  -0.1250000  -0.8750000   0.1250000), wk =   0.1875000
        k(    9) = (  -0.3750000   0.3750000   0.3750000), wk =   0.0625000
        k(   10) = (   0.3750000  -0.3750000   1.1250000), wk =   0.1875000

     Dense  grid:     4279 G-vectors     FFT dimensions: (  24,  24,  24)

     Largest allocated arrays     est. size (Mb)     dimensions
        Kohn-Sham Wavefunctions         0.02 Mb     (     270,    4)
        NL pseudopotentials             0.03 Mb     (     270,    8)
        Each V/rho on FFT grid          0.11 Mb     (    6912)
        Each G-vector array             0.02 Mb     (    2139)
        G-vector shells                 0.00 Mb     (      86)
     Largest temporary arrays     est. size (Mb)     dimensions
        Auxiliary wavefunctions         0.07 Mb     (     270,   16)
        Each subspace H/S matrix        0.00 Mb     (      16,   16)
        Each <psi_i|beta_j> matrix      0.00 Mb     (       8,    4)
        Arrays for rho mixing           0.84 Mb     (    6912,    8)

     Initial potential from superposition of free atoms

     starting charge    7.99901, renormalised to    8.00000
     Starting wfc are    8 randomized atomic wfcs

     total cpu time spent up to now is        1.2 secs

     per-process dynamical memory:     8.7 Mb

     Self-consistent Calculation

     iteration #  1     ecut=    24.00 Ry     beta=0.70
     Davidson diagonalization with overlap
     ethr =  1.06E-09,  avg # of iterations = 10.3

     total cpu time spent up to now is        1.5 secs

     total energy              =     -15.84695599 Ry
     Harris-Foulkes estimate   =     -15.86845126 Ry
     estimated scf accuracy    <       0.06301546 Ry

     iteration #  2     ecut=    24.00 Ry     beta=0.70
     Davidson diagonalization with overlap
     ethr =  7.88E-04,  avg # of iterations =  1.0

     total cpu time spent up to now is        1.6 secs

     total energy              =     -15.85030594 Ry
     Harris-Foulkes estimate   =     -15.85057354 Ry
     estimated scf accuracy    <       0.00209421 Ry

     iteration #  3     ecut=    24.00 Ry     beta=0.70
     Davidson diagonalization with overlap
     ethr =  2.62E-05,  avg # of iterations =  2.6

     total cpu time spent up to now is        1.7 secs

     total energy              =     -15.85080490 Ry
     Harris-Foulkes estimate   =     -15.85083323 Ry
     estimated scf accuracy    <       0.00006647 Ry

     iteration #  4     ecut=    24.00 Ry     beta=0.70
     Davidson diagonalization with overlap
     ethr =  8.31E-07,  avg # of iterations =  2.0

     total cpu time spent up to now is        1.9 secs

     total energy              =     -15.85081717 Ry
     Harris-Foulkes estimate   =     -15.85081942 Ry
     estimated scf accuracy    <       0.00000554 Ry

     iteration #  5     ecut=    24.00 Ry     beta=0.70
     Davidson diagonalization with overlap
     ethr =  6.92E-08,  avg # of iterations =  2.0

     total cpu time spent up to now is        2.0 secs

     total energy              =     -15.85081791 Ry
     Harris-Foulkes estimate   =     -15.85081794 Ry
     estimated scf accuracy    <       0.00000005 Ry

     iteration #  6     ecut=    24.00 Ry     beta=0.70
     Davidson diagonalization with overlap
     ethr =  6.09E-10,  avg # of iterations =  2.6

     total cpu time spent up to now is        2.1 secs

     End of self-consistent calculation

          k =-0.1250 0.1250 0.1250 (   534 PWs)   bands (ev):

    -5.6138   4.6326   5.9403   5.9403

          k =-0.3750 0.3750-0.1250 (   526 PWs)   bands (ev):

    -4.5483   1.5827   3.8822   5.4511

          k = 0.3750-0.3750 0.6250 (   530 PWs)   bands (ev):

    -3.3458  -0.5904   3.9246   4.6467

          k = 0.1250-0.1250 0.3750 (   531 PWs)   bands (ev):

    -5.0672   3.0065   4.8906   4.9782

          k =-0.1250 0.6250 0.1250 (   528 PWs)   bands (ev):

    -3.9985   1.2999   3.5091   3.9849

          k = 0.6250-0.1250 0.8750 (   522 PWs)   bands (ev):

    -2.2826  -0.7123   2.0738   3.2050

          k = 0.3750 0.1250 0.6250 (   526 PWs)   bands (ev):

    -3.5604   0.3663   2.8491   4.2660

          k =-0.1250-0.8750 0.1250 (   521 PWs)   bands (ev):

    -2.4719  -0.6037   2.7180   3.5015

          k =-0.3750 0.3750 0.3750 (   528 PWs)   bands (ev):

    -4.0927   0.2251   5.1322   5.1322

          k = 0.3750-0.3750 1.1250 (   526 PWs)   bands (ev):

    -2.8345  -0.4465   2.1552   4.3148

     highest occupied level (ev):     5.9403

!    total energy              =     -15.85081793 Ry
     Harris-Foulkes estimate   =     -15.85081793 Ry
     estimated scf accuracy    <          4.2E-10 Ry

     The total energy is the sum of the following terms:

     one-electron contribution =       4.78743310 Ry
     hartree contribution      =       1.07830026 Ry
     xc contribution           =      -4.81679272 Ry
     ewald contribution        =     -16.89975858 Ry

     convergence has been achieved in   6 iterations

     Writing output data file silicon.save

  ++++++++++++++++++++++++++++++++++++++++++++++++++++++++++++++++++++++++++++
     I am the master and now I do geometry    9
  ++++++++++++++++++++++++++++++++++++++++++++++++++++++++++++++++++++++++++++


     Parallelization info
     --------------------
     sticks:   dense  smooth     PW     G-vecs:    dense   smooth      PW
     Min         180     180     60                 2238     2238     434
     Max         181     181     61                 2239     2239     435
     Sum         361     361    121                 4477     4477     869



     bravais-lattice index     =            2
     lattice parameter (alat)  =      10.4000  a.u.
     unit-cell volume          =     281.2160 (a.u.)^3
     number of atoms/cell      =            2
     number of atomic types    =            1
     number of electrons       =         8.00
     number of Kohn-Sham states=            4
     kinetic-energy cutoff     =      24.0000  Ry
     charge density cutoff     =      96.0000  Ry
     convergence threshold     =      1.0E-08
     mixing beta               =       0.7000
     number of iterations used =            8  plain     mixing
     Exchange-correlation      =  SLA  PZ   NOGX NOGC ( 1  1  0  0 0)

     celldm(1)=  10.400000  celldm(2)=   0.000000  celldm(3)=   0.000000
     celldm(4)=   0.000000  celldm(5)=   0.000000  celldm(6)=   0.000000

     crystal axes: (cart. coord. in units of alat)
               a(1) = (  -0.500000   0.000000   0.500000 )  
               a(2) = (   0.000000   0.500000   0.500000 )  
               a(3) = (  -0.500000   0.500000   0.000000 )  

     reciprocal axes: (cart. coord. in units 2 pi/alat)
               b(1) = ( -1.000000 -1.000000  1.000000 )  
               b(2) = (  1.000000  1.000000  1.000000 )  
               b(3) = ( -1.000000  1.000000 -1.000000 )  


     PseudoPot. # 1 for Si read from file:
     /scratch/dalcorso_sissa/espresso_jan_2014/pseudo/Si.pz-vbc.UPF
     MD5 check sum: 6dfa03ddd5817404712e03e4d12deb78
     Pseudo is Norm-conserving, Zval =  4.0
     Generated by new atomic code, or converted to UPF format
     Using radial grid of  431 points,  2 beta functions with: 
                l(1) =   0
                l(2) =   1

     atomic species   valence    mass     pseudopotential
        Si             4.00    28.08600     Si( 1.00)

     48 Sym. Ops., with inversion, found (24 have fractional translation)



   Cartesian axes

     site n.     atom                  positions (alat units)
         1           Si  tau(   1) = (   0.0000000   0.0000000   0.0000000  )
         2           Si  tau(   2) = (   0.2500000   0.2500000   0.2500000  )

     number of k points=    10
                       cart. coord. in units 2pi/alat
        k(    1) = (  -0.1250000   0.1250000   0.1250000), wk =   0.0625000
        k(    2) = (  -0.3750000   0.3750000  -0.1250000), wk =   0.1875000
        k(    3) = (   0.3750000  -0.3750000   0.6250000), wk =   0.1875000
        k(    4) = (   0.1250000  -0.1250000   0.3750000), wk =   0.1875000
        k(    5) = (  -0.1250000   0.6250000   0.1250000), wk =   0.1875000
        k(    6) = (   0.6250000  -0.1250000   0.8750000), wk =   0.3750000
        k(    7) = (   0.3750000   0.1250000   0.6250000), wk =   0.3750000
        k(    8) = (  -0.1250000  -0.8750000   0.1250000), wk =   0.1875000
        k(    9) = (  -0.3750000   0.3750000   0.3750000), wk =   0.0625000
        k(   10) = (   0.3750000  -0.3750000   1.1250000), wk =   0.1875000

     Dense  grid:     4477 G-vectors     FFT dimensions: (  24,  24,  24)

     Largest allocated arrays     est. size (Mb)     dimensions
        Kohn-Sham Wavefunctions         0.02 Mb     (     283,    4)
        NL pseudopotentials             0.03 Mb     (     283,    8)
        Each V/rho on FFT grid          0.11 Mb     (    6912)
        Each G-vector array             0.02 Mb     (    2239)
        G-vector shells                 0.00 Mb     (      89)
     Largest temporary arrays     est. size (Mb)     dimensions
        Auxiliary wavefunctions         0.07 Mb     (     283,   16)
        Each subspace H/S matrix        0.00 Mb     (      16,   16)
        Each <psi_i|beta_j> matrix      0.00 Mb     (       8,    4)
        Arrays for rho mixing           0.84 Mb     (    6912,    8)

     Initial potential from superposition of free atoms

     starting charge    7.99901, renormalised to    8.00000
     Starting wfc are    8 randomized atomic wfcs

     total cpu time spent up to now is        2.4 secs

     per-process dynamical memory:     8.7 Mb

     Self-consistent Calculation

     iteration #  1     ecut=    24.00 Ry     beta=0.70
     Davidson diagonalization with overlap
     ethr =  6.09E-10,  avg # of iterations = 10.7

     total cpu time spent up to now is        2.7 secs

     total energy              =     -15.84524787 Ry
     Harris-Foulkes estimate   =     -15.86367294 Ry
     estimated scf accuracy    <       0.05694150 Ry

     iteration #  2     ecut=    24.00 Ry     beta=0.70
     Davidson diagonalization with overlap
     ethr =  7.12E-04,  avg # of iterations =  1.0

     total cpu time spent up to now is        2.8 secs

     total energy              =     -15.84795762 Ry
     Harris-Foulkes estimate   =     -15.84824180 Ry
     estimated scf accuracy    <       0.00207020 Ry

     iteration #  3     ecut=    24.00 Ry     beta=0.70
     Davidson diagonalization with overlap
     ethr =  2.59E-05,  avg # of iterations =  2.5

     total cpu time spent up to now is        2.9 secs

     total energy              =     -15.84837216 Ry
     Harris-Foulkes estimate   =     -15.84839559 Ry
     estimated scf accuracy    <       0.00005498 Ry

     iteration #  4     ecut=    24.00 Ry     beta=0.70
     Davidson diagonalization with overlap
     ethr =  6.87E-07,  avg # of iterations =  2.0

     total cpu time spent up to now is        3.1 secs

     total energy              =     -15.84838397 Ry
     Harris-Foulkes estimate   =     -15.84838550 Ry
     estimated scf accuracy    <       0.00000398 Ry

     iteration #  5     ecut=    24.00 Ry     beta=0.70
     Davidson diagonalization with overlap
     ethr =  4.98E-08,  avg # of iterations =  2.0

     total cpu time spent up to now is        3.2 secs

     total energy              =     -15.84838456 Ry
     Harris-Foulkes estimate   =     -15.84838459 Ry
     estimated scf accuracy    <       0.00000006 Ry

     iteration #  6     ecut=    24.00 Ry     beta=0.70
     Davidson diagonalization with overlap
     ethr =  6.88E-10,  avg # of iterations =  2.5

     total cpu time spent up to now is        3.3 secs

     End of self-consistent calculation

          k =-0.1250 0.1250 0.1250 (   552 PWs)   bands (ev):

    -5.8279   4.0509   5.3605   5.3605

          k =-0.3750 0.3750-0.1250 (   557 PWs)   bands (ev):

    -4.8173   1.0974   3.3963   4.8852

          k = 0.3750-0.3750 0.6250 (   565 PWs)   bands (ev):

    -3.6943  -0.9495   3.4114   4.1263

          k = 0.1250-0.1250 0.3750 (   561 PWs)   bands (ev):

    -5.3085   2.4511   4.3693   4.4217

          k =-0.1250 0.6250 0.1250 (   558 PWs)   bands (ev):

    -4.2935   0.7632   3.0558   3.5072

          k = 0.6250-0.1250 0.8750 (   555 PWs)   bands (ev):

    -2.6796  -1.1647   1.7181   2.7844

          k = 0.3750 0.1250 0.6250 (   557 PWs)   bands (ev):

    -3.8839  -0.0931   2.4181   3.7759

          k =-0.1250-0.8750 0.1250 (   558 PWs)   bands (ev):

    -2.8452  -1.0695   2.3230   3.0461

          k =-0.3750 0.3750 0.3750 (   562 PWs)   bands (ev):

    -4.3905  -0.1724   4.5829   4.5829

          k = 0.3750-0.3750 1.1250 (   553 PWs)   bands (ev):

    -3.2071  -0.8666   1.7728   3.8150

     highest occupied level (ev):     5.3605

!    total energy              =     -15.84838458 Ry
     Harris-Foulkes estimate   =     -15.84838458 Ry
     estimated scf accuracy    <          3.3E-10 Ry

     The total energy is the sum of the following terms:

     one-electron contribution =       4.35365303 Ry
     hartree contribution      =       1.12701342 Ry
     xc contribution           =      -4.75428781 Ry
     ewald contribution        =     -16.57476323 Ry

     convergence has been achieved in   6 iterations

     Writing output data file silicon.save

  ++++++++++++++++++++++++++++++++++++++++++++++++++++++++++++++++++++++++++++
     The equilibrium lattice constant is      10.2128 a.u.
     The bulk modulus is                      944.20 kbar
  ++++++++++++++++++++++++++++++++++++++++++++++++++++++++++++++++++++++++++++


     THERMO_PW    :     3.45s CPU         3.57s WALL


   This run was terminated on:  18:57:39  17Jan2014            

=------------------------------------------------------------------------------=
   JOB DONE.
=------------------------------------------------------------------------------=
